[2021-04-07 09:35:42,501] {taskinstance.py:851} INFO - Dependencies all met for <TaskInstance: trata_relatorios.popula_relatorios 2021-04-07T08:50:00+00:00 [queued]>
[2021-04-07 09:35:42,850] {taskinstance.py:851} INFO - Dependencies all met for <TaskInstance: trata_relatorios.popula_relatorios 2021-04-07T08:50:00+00:00 [queued]>
[2021-04-07 09:35:42,860] {taskinstance.py:1042} INFO - 
--------------------------------------------------------------------------------
[2021-04-07 09:35:42,860] {taskinstance.py:1043} INFO - Starting attempt 1 of 1
[2021-04-07 09:35:42,860] {taskinstance.py:1044} INFO - 
--------------------------------------------------------------------------------
[2021-04-07 09:35:43,162] {taskinstance.py:1063} INFO - Executing <Task(PythonOperator): popula_relatorios> on 2021-04-07T08:50:00+00:00
[2021-04-07 09:35:43,202] {standard_task_runner.py:52} INFO - Started process 13425 to run task
[2021-04-07 09:35:43,259] {standard_task_runner.py:76} INFO - Running: ['airflow', 'tasks', 'run', 'trata_relatorios', 'popula_relatorios', '2021-04-07T08:50:00+00:00', '--job-id', '32', '--pool', 'default_pool', '--raw', '--subdir', 'DAGS_FOLDER/etl_chamados.py', '--cfg-path', '/tmp/tmpn54rkz5u', '--error-file', '/tmp/tmpxcwydnyx']
[2021-04-07 09:35:43,411] {standard_task_runner.py:77} INFO - Job 32: Subtask popula_relatorios
[2021-04-07 09:35:44,368] {logging_mixin.py:104} INFO - Running <TaskInstance: trata_relatorios.popula_relatorios 2021-04-07T08:50:00+00:00 [running]> on host ce03b876977a
[2021-04-07 09:35:45,436] {taskinstance.py:1257} INFO - Exporting the following env vars:
AIRFLOW_CTX_DAG_EMAIL=clecio.antao@gmail.com
AIRFLOW_CTX_DAG_OWNER=airflow
AIRFLOW_CTX_DAG_ID=trata_relatorios
AIRFLOW_CTX_TASK_ID=popula_relatorios
AIRFLOW_CTX_EXECUTION_DATE=2021-04-07T08:50:00+00:00
AIRFLOW_CTX_DAG_RUN_ID=scheduled__2021-04-07T08:50:00+00:00
[2021-04-07 09:36:01,837] {logging_mixin.py:104} INFO - Total de linhas:  5000
[2021-04-07 09:36:01,847] {logging_mixin.py:104} INFO - dGVjYmFu#8cb0010e766f9e7e45d557b50efcbe89f35ce483
[2021-04-07 09:36:01,848] {logging_mixin.py:104} INFO - entrou no laço
[2021-04-07 09:36:01,848] {logging_mixin.py:104} INFO - Paginas:  100000
[2021-04-07 09:36:01,849] {logging_mixin.py:104} INFO - Contador:  1
[2021-04-07 09:36:01,849] {logging_mixin.py:104} INFO - Linhas:  0
[2021-04-07 09:36:01,849] {logging_mixin.py:104} INFO - Colunas:  33
[2021-04-07 09:37:50,364] {logging_mixin.py:104} INFO - entrou no laço
[2021-04-07 09:37:50,368] {logging_mixin.py:104} INFO - Paginas:  100000
[2021-04-07 09:37:50,368] {logging_mixin.py:104} INFO - Contador:  2
[2021-04-07 09:37:50,373] {logging_mixin.py:104} INFO - Linhas:  5000
[2021-04-07 09:37:50,374] {logging_mixin.py:104} INFO - Colunas:  33
[2021-04-07 09:38:22,845] {logging_mixin.py:104} INFO - entrou no laço
[2021-04-07 09:38:22,846] {logging_mixin.py:104} INFO - Paginas:  100000
[2021-04-07 09:38:22,847] {logging_mixin.py:104} INFO - Contador:  3
[2021-04-07 09:38:22,847] {logging_mixin.py:104} INFO - Linhas:  10000
[2021-04-07 09:38:22,848] {logging_mixin.py:104} INFO - Colunas:  33
[2021-04-07 09:39:02,198] {logging_mixin.py:104} INFO - entrou no laço
[2021-04-07 09:39:02,199] {logging_mixin.py:104} INFO - Paginas:  100000
[2021-04-07 09:39:02,199] {logging_mixin.py:104} INFO - Contador:  4
[2021-04-07 09:39:02,199] {logging_mixin.py:104} INFO - Linhas:  15000
[2021-04-07 09:39:02,199] {logging_mixin.py:104} INFO - Colunas:  33
[2021-04-07 09:39:49,037] {logging_mixin.py:104} INFO - entrou no laço
[2021-04-07 09:39:49,039] {logging_mixin.py:104} INFO - Paginas:  100000
[2021-04-07 09:39:49,052] {logging_mixin.py:104} INFO - Contador:  5
[2021-04-07 09:39:49,061] {logging_mixin.py:104} INFO - Linhas:  20000
[2021-04-07 09:39:49,061] {logging_mixin.py:104} INFO - Colunas:  33
[2021-04-07 09:40:34,322] {logging_mixin.py:104} INFO - entrou no laço
[2021-04-07 09:40:34,334] {logging_mixin.py:104} INFO - Paginas:  100000
[2021-04-07 09:40:34,341] {logging_mixin.py:104} INFO - Contador:  6
[2021-04-07 09:40:34,341] {logging_mixin.py:104} INFO - Linhas:  25000
[2021-04-07 09:40:34,341] {logging_mixin.py:104} INFO - Colunas:  33
[2021-04-07 09:41:17,117] {logging_mixin.py:104} INFO - entrou no laço
[2021-04-07 09:41:17,119] {logging_mixin.py:104} INFO - Paginas:  100000
[2021-04-07 09:41:17,126] {logging_mixin.py:104} INFO - Contador:  7
[2021-04-07 09:41:17,127] {logging_mixin.py:104} INFO - Linhas:  30000
[2021-04-07 09:41:17,127] {logging_mixin.py:104} INFO - Colunas:  33
[2021-04-07 09:42:02,135] {logging_mixin.py:104} INFO - entrou no laço
[2021-04-07 09:42:02,138] {logging_mixin.py:104} INFO - Paginas:  100000
[2021-04-07 09:42:02,143] {logging_mixin.py:104} INFO - Contador:  8
[2021-04-07 09:42:02,144] {logging_mixin.py:104} INFO - Linhas:  35000
[2021-04-07 09:42:02,144] {logging_mixin.py:104} INFO - Colunas:  33
[2021-04-07 09:42:47,190] {logging_mixin.py:104} INFO - entrou no laço
[2021-04-07 09:42:47,192] {logging_mixin.py:104} INFO - Paginas:  100000
[2021-04-07 09:42:47,196] {logging_mixin.py:104} INFO - Contador:  9
[2021-04-07 09:42:47,197] {logging_mixin.py:104} INFO - Linhas:  40000
[2021-04-07 09:42:47,198] {logging_mixin.py:104} INFO - Colunas:  33
[2021-04-07 09:43:26,626] {logging_mixin.py:104} INFO - entrou no laço
[2021-04-07 09:43:26,630] {logging_mixin.py:104} INFO - Paginas:  100000
[2021-04-07 09:43:26,631] {logging_mixin.py:104} INFO - Contador:  10
[2021-04-07 09:43:26,631] {logging_mixin.py:104} INFO - Linhas:  45000
[2021-04-07 09:43:26,632] {logging_mixin.py:104} INFO - Colunas:  33
[2021-04-07 09:44:08,841] {logging_mixin.py:104} INFO - entrou no laço
[2021-04-07 09:44:08,848] {logging_mixin.py:104} INFO - Paginas:  100000
[2021-04-07 09:44:08,848] {logging_mixin.py:104} INFO - Contador:  11
[2021-04-07 09:44:08,848] {logging_mixin.py:104} INFO - Linhas:  50000
[2021-04-07 09:44:08,848] {logging_mixin.py:104} INFO - Colunas:  33
[2021-04-07 09:44:49,318] {logging_mixin.py:104} INFO - entrou no laço
[2021-04-07 09:44:49,325] {logging_mixin.py:104} INFO - Paginas:  100000
[2021-04-07 09:44:49,326] {logging_mixin.py:104} INFO - Contador:  12
[2021-04-07 09:44:49,327] {logging_mixin.py:104} INFO - Linhas:  55000
[2021-04-07 09:44:49,333] {logging_mixin.py:104} INFO - Colunas:  33
[2021-04-07 09:45:29,653] {logging_mixin.py:104} INFO - entrou no laço
[2021-04-07 09:45:29,659] {logging_mixin.py:104} INFO - Paginas:  100000
[2021-04-07 09:45:29,668] {logging_mixin.py:104} INFO - Contador:  13
[2021-04-07 09:45:29,676] {logging_mixin.py:104} INFO - Linhas:  60000
[2021-04-07 09:45:29,677] {logging_mixin.py:104} INFO - Colunas:  33
[2021-04-07 09:46:12,589] {logging_mixin.py:104} INFO - entrou no laço
[2021-04-07 09:46:12,600] {logging_mixin.py:104} INFO - Paginas:  100000
[2021-04-07 09:46:12,601] {logging_mixin.py:104} INFO - Contador:  14
[2021-04-07 09:46:12,603] {logging_mixin.py:104} INFO - Linhas:  65000
[2021-04-07 09:46:12,603] {logging_mixin.py:104} INFO - Colunas:  33
[2021-04-07 09:46:58,659] {logging_mixin.py:104} INFO - entrou no laço
[2021-04-07 09:46:58,682] {logging_mixin.py:104} INFO - Paginas:  100000
[2021-04-07 09:46:58,684] {logging_mixin.py:104} INFO - Contador:  15
[2021-04-07 09:46:58,686] {logging_mixin.py:104} INFO - Linhas:  70000
[2021-04-07 09:46:58,688] {logging_mixin.py:104} INFO - Colunas:  33
[2021-04-07 09:47:42,610] {logging_mixin.py:104} INFO - entrou no laço
[2021-04-07 09:47:42,618] {logging_mixin.py:104} INFO - Paginas:  100000
[2021-04-07 09:47:42,618] {logging_mixin.py:104} INFO - Contador:  16
[2021-04-07 09:47:42,618] {logging_mixin.py:104} INFO - Linhas:  75000
[2021-04-07 09:47:42,618] {logging_mixin.py:104} INFO - Colunas:  33
[2021-04-07 09:48:25,453] {logging_mixin.py:104} INFO - entrou no laço
[2021-04-07 09:48:25,473] {logging_mixin.py:104} INFO - Paginas:  100000
[2021-04-07 09:48:25,475] {logging_mixin.py:104} INFO - Contador:  17
[2021-04-07 09:48:25,475] {logging_mixin.py:104} INFO - Linhas:  80000
[2021-04-07 09:48:25,475] {logging_mixin.py:104} INFO - Colunas:  33
[2021-04-07 09:49:10,434] {logging_mixin.py:104} INFO - entrou no laço
[2021-04-07 09:49:10,443] {logging_mixin.py:104} INFO - Paginas:  100000
[2021-04-07 09:49:10,445] {logging_mixin.py:104} INFO - Contador:  18
[2021-04-07 09:49:10,445] {logging_mixin.py:104} INFO - Linhas:  85000
[2021-04-07 09:49:10,445] {logging_mixin.py:104} INFO - Colunas:  33
[2021-04-07 09:49:56,595] {logging_mixin.py:104} INFO - entrou no laço
[2021-04-07 09:49:56,614] {logging_mixin.py:104} INFO - Paginas:  100000
[2021-04-07 09:49:56,615] {logging_mixin.py:104} INFO - Contador:  19
[2021-04-07 09:49:56,615] {logging_mixin.py:104} INFO - Linhas:  90000
[2021-04-07 09:49:56,615] {logging_mixin.py:104} INFO - Colunas:  33
[2021-04-07 09:50:41,229] {logging_mixin.py:104} INFO - entrou no laço
[2021-04-07 09:50:41,233] {logging_mixin.py:104} INFO - Paginas:  100000
[2021-04-07 09:50:41,235] {logging_mixin.py:104} INFO - Contador:  20
[2021-04-07 09:50:41,235] {logging_mixin.py:104} INFO - Linhas:  95000
[2021-04-07 09:50:41,235] {logging_mixin.py:104} INFO - Colunas:  33
[2021-04-07 09:51:41,255] {logging_mixin.py:104} INFO - entrou no laço
[2021-04-07 09:51:41,259] {logging_mixin.py:104} INFO - Paginas:  100000
[2021-04-07 09:51:41,260] {logging_mixin.py:104} INFO - Contador:  21
[2021-04-07 09:51:41,265] {logging_mixin.py:104} INFO - Linhas:  100000
[2021-04-07 09:51:41,267] {logging_mixin.py:104} INFO - Colunas:  33
[2021-04-07 09:52:31,280] {logging_mixin.py:104} INFO - entrou no laço
[2021-04-07 09:52:31,285] {logging_mixin.py:104} INFO - Paginas:  100000
[2021-04-07 09:52:31,287] {logging_mixin.py:104} INFO - Contador:  22
[2021-04-07 09:52:31,287] {logging_mixin.py:104} INFO - Linhas:  105000
[2021-04-07 09:52:31,288] {logging_mixin.py:104} INFO - Colunas:  33
[2021-04-07 09:53:28,116] {logging_mixin.py:104} INFO - entrou no laço
[2021-04-07 09:53:28,117] {logging_mixin.py:104} INFO - Paginas:  100000
[2021-04-07 09:53:28,119] {logging_mixin.py:104} INFO - Contador:  23
[2021-04-07 09:53:28,122] {logging_mixin.py:104} INFO - Linhas:  110000
[2021-04-07 09:53:28,123] {logging_mixin.py:104} INFO - Colunas:  33
[2021-04-07 09:54:21,912] {logging_mixin.py:104} INFO - entrou no laço
[2021-04-07 09:54:21,916] {logging_mixin.py:104} INFO - Paginas:  100000
[2021-04-07 09:54:21,917] {logging_mixin.py:104} INFO - Contador:  24
[2021-04-07 09:54:21,917] {logging_mixin.py:104} INFO - Linhas:  115000
[2021-04-07 09:54:21,917] {logging_mixin.py:104} INFO - Colunas:  33
[2021-04-07 09:55:22,535] {logging_mixin.py:104} INFO - entrou no laço
[2021-04-07 09:55:22,556] {logging_mixin.py:104} INFO - Paginas:  100000
[2021-04-07 09:55:22,577] {logging_mixin.py:104} INFO - Contador:  25
[2021-04-07 09:55:22,583] {logging_mixin.py:104} INFO - Linhas:  120000
[2021-04-07 09:55:22,598] {logging_mixin.py:104} INFO - Colunas:  33
[2021-04-07 09:56:14,972] {logging_mixin.py:104} INFO - entrou no laço
[2021-04-07 09:56:14,977] {logging_mixin.py:104} INFO - Paginas:  100000
[2021-04-07 09:56:14,983] {logging_mixin.py:104} INFO - Contador:  26
[2021-04-07 09:56:14,984] {logging_mixin.py:104} INFO - Linhas:  125000
[2021-04-07 09:56:14,993] {logging_mixin.py:104} INFO - Colunas:  33
[2021-04-07 09:57:12,107] {logging_mixin.py:104} INFO - entrou no laço
[2021-04-07 09:57:12,112] {logging_mixin.py:104} INFO - Paginas:  100000
[2021-04-07 09:57:12,115] {logging_mixin.py:104} INFO - Contador:  27
[2021-04-07 09:57:12,116] {logging_mixin.py:104} INFO - Linhas:  130000
[2021-04-07 09:57:12,117] {logging_mixin.py:104} INFO - Colunas:  33
[2021-04-07 09:58:03,991] {logging_mixin.py:104} INFO - entrou no laço
[2021-04-07 09:58:04,006] {logging_mixin.py:104} INFO - Paginas:  100000
[2021-04-07 09:58:04,007] {logging_mixin.py:104} INFO - Contador:  28
[2021-04-07 09:58:04,007] {logging_mixin.py:104} INFO - Linhas:  135000
[2021-04-07 09:58:04,007] {logging_mixin.py:104} INFO - Colunas:  33
[2021-04-07 09:59:04,731] {logging_mixin.py:104} INFO - entrou no laço
[2021-04-07 09:59:04,733] {logging_mixin.py:104} INFO - Paginas:  100000
[2021-04-07 09:59:04,734] {logging_mixin.py:104} INFO - Contador:  29
[2021-04-07 09:59:04,752] {logging_mixin.py:104} INFO - Linhas:  140000
[2021-04-07 09:59:04,753] {logging_mixin.py:104} INFO - Colunas:  33
[2021-04-07 10:00:01,344] {logging_mixin.py:104} INFO - entrou no laço
[2021-04-07 10:00:01,346] {logging_mixin.py:104} INFO - Paginas:  100000
[2021-04-07 10:00:01,347] {logging_mixin.py:104} INFO - Contador:  30
[2021-04-07 10:00:01,347] {logging_mixin.py:104} INFO - Linhas:  145000
[2021-04-07 10:00:01,347] {logging_mixin.py:104} INFO - Colunas:  33
[2021-04-07 10:01:04,975] {logging_mixin.py:104} INFO - entrou no laço
[2021-04-07 10:01:04,982] {logging_mixin.py:104} INFO - Paginas:  100000
[2021-04-07 10:01:04,983] {logging_mixin.py:104} INFO - Contador:  31
[2021-04-07 10:01:04,983] {logging_mixin.py:104} INFO - Linhas:  150000
[2021-04-07 10:01:04,983] {logging_mixin.py:104} INFO - Colunas:  33
[2021-04-07 10:02:03,624] {logging_mixin.py:104} INFO - entrou no laço
[2021-04-07 10:02:03,647] {logging_mixin.py:104} INFO - Paginas:  100000
[2021-04-07 10:02:03,648] {logging_mixin.py:104} INFO - Contador:  32
[2021-04-07 10:02:03,652] {logging_mixin.py:104} INFO - Linhas:  155000
[2021-04-07 10:02:03,653] {logging_mixin.py:104} INFO - Colunas:  33
[2021-04-07 10:03:03,557] {logging_mixin.py:104} INFO - entrou no laço
[2021-04-07 10:03:03,568] {logging_mixin.py:104} INFO - Paginas:  100000
[2021-04-07 10:03:03,568] {logging_mixin.py:104} INFO - Contador:  33
[2021-04-07 10:03:03,568] {logging_mixin.py:104} INFO - Linhas:  160000
[2021-04-07 10:03:03,569] {logging_mixin.py:104} INFO - Colunas:  33
[2021-04-07 10:04:13,274] {logging_mixin.py:104} INFO - entrou no laço
[2021-04-07 10:04:13,285] {logging_mixin.py:104} INFO - Paginas:  100000
[2021-04-07 10:04:13,289] {logging_mixin.py:104} INFO - Contador:  34
[2021-04-07 10:04:13,293] {logging_mixin.py:104} INFO - Linhas:  165000
[2021-04-07 10:04:13,293] {logging_mixin.py:104} INFO - Colunas:  33
[2021-04-07 10:05:12,344] {logging_mixin.py:104} INFO - entrou no laço
[2021-04-07 10:05:12,348] {logging_mixin.py:104} INFO - Paginas:  100000
[2021-04-07 10:05:12,350] {logging_mixin.py:104} INFO - Contador:  35
[2021-04-07 10:05:12,350] {logging_mixin.py:104} INFO - Linhas:  170000
[2021-04-07 10:05:12,350] {logging_mixin.py:104} INFO - Colunas:  33
[2021-04-07 10:06:22,719] {logging_mixin.py:104} INFO - entrou no laço
[2021-04-07 10:06:22,724] {logging_mixin.py:104} INFO - Paginas:  100000
[2021-04-07 10:06:22,725] {logging_mixin.py:104} INFO - Contador:  36
[2021-04-07 10:06:22,725] {logging_mixin.py:104} INFO - Linhas:  175000
[2021-04-07 10:06:22,725] {logging_mixin.py:104} INFO - Colunas:  33
[2021-04-07 10:07:32,974] {logging_mixin.py:104} INFO - entrou no laço
[2021-04-07 10:07:32,980] {logging_mixin.py:104} INFO - Paginas:  100000
[2021-04-07 10:07:32,991] {logging_mixin.py:104} INFO - Contador:  37
[2021-04-07 10:07:32,991] {logging_mixin.py:104} INFO - Linhas:  180000
[2021-04-07 10:07:32,991] {logging_mixin.py:104} INFO - Colunas:  33
[2021-04-07 10:08:33,434] {logging_mixin.py:104} INFO - entrou no laço
[2021-04-07 10:08:33,450] {logging_mixin.py:104} INFO - Paginas:  100000
[2021-04-07 10:08:33,451] {logging_mixin.py:104} INFO - Contador:  38
[2021-04-07 10:08:33,452] {logging_mixin.py:104} INFO - Linhas:  185000
[2021-04-07 10:08:33,452] {logging_mixin.py:104} INFO - Colunas:  33
[2021-04-07 10:09:29,672] {logging_mixin.py:104} INFO - entrou no laço
[2021-04-07 10:09:29,692] {logging_mixin.py:104} INFO - Paginas:  100000
[2021-04-07 10:09:29,693] {logging_mixin.py:104} INFO - Contador:  39
[2021-04-07 10:09:29,694] {logging_mixin.py:104} INFO - Linhas:  190000
[2021-04-07 10:09:29,694] {logging_mixin.py:104} INFO - Colunas:  33
[2021-04-07 10:10:19,683] {logging_mixin.py:104} INFO - entrou no laço
[2021-04-07 10:10:19,688] {logging_mixin.py:104} INFO - Paginas:  100000
[2021-04-07 10:10:19,695] {logging_mixin.py:104} INFO - Contador:  40
[2021-04-07 10:10:19,696] {logging_mixin.py:104} INFO - Linhas:  195000
[2021-04-07 10:10:19,696] {logging_mixin.py:104} INFO - Colunas:  33
[2021-04-07 10:11:12,376] {logging_mixin.py:104} INFO - entrou no laço
[2021-04-07 10:11:12,385] {logging_mixin.py:104} INFO - Paginas:  100000
[2021-04-07 10:11:12,388] {logging_mixin.py:104} INFO - Contador:  41
[2021-04-07 10:11:12,389] {logging_mixin.py:104} INFO - Linhas:  200000
[2021-04-07 10:11:12,389] {logging_mixin.py:104} INFO - Colunas:  33
[2021-04-07 10:12:05,458] {logging_mixin.py:104} INFO - entrou no laço
[2021-04-07 10:12:05,459] {logging_mixin.py:104} INFO - Paginas:  100000
[2021-04-07 10:12:05,460] {logging_mixin.py:104} INFO - Contador:  42
[2021-04-07 10:12:05,460] {logging_mixin.py:104} INFO - Linhas:  205000
[2021-04-07 10:12:05,484] {logging_mixin.py:104} INFO - Colunas:  33
[2021-04-07 10:13:07,581] {logging_mixin.py:104} INFO - entrou no laço
[2021-04-07 10:13:07,608] {logging_mixin.py:104} INFO - Paginas:  100000
[2021-04-07 10:13:07,617] {logging_mixin.py:104} INFO - Contador:  43
[2021-04-07 10:13:07,618] {logging_mixin.py:104} INFO - Linhas:  210000
[2021-04-07 10:13:07,619] {logging_mixin.py:104} INFO - Colunas:  33
[2021-04-07 10:14:13,780] {logging_mixin.py:104} INFO - entrou no laço
[2021-04-07 10:14:13,803] {logging_mixin.py:104} INFO - Paginas:  100000
[2021-04-07 10:14:13,803] {logging_mixin.py:104} INFO - Contador:  44
[2021-04-07 10:14:13,803] {logging_mixin.py:104} INFO - Linhas:  215000
[2021-04-07 10:14:13,803] {logging_mixin.py:104} INFO - Colunas:  33
[2021-04-07 10:15:13,298] {logging_mixin.py:104} INFO - entrou no laço
[2021-04-07 10:15:13,333] {logging_mixin.py:104} INFO - Paginas:  100000
[2021-04-07 10:15:13,335] {logging_mixin.py:104} INFO - Contador:  45
[2021-04-07 10:15:13,335] {logging_mixin.py:104} INFO - Linhas:  220000
[2021-04-07 10:15:13,335] {logging_mixin.py:104} INFO - Colunas:  33
[2021-04-07 10:16:13,102] {logging_mixin.py:104} INFO - entrou no laço
[2021-04-07 10:16:13,115] {logging_mixin.py:104} INFO - Paginas:  100000
[2021-04-07 10:16:13,120] {logging_mixin.py:104} INFO - Contador:  46
[2021-04-07 10:16:13,120] {logging_mixin.py:104} INFO - Linhas:  225000
[2021-04-07 10:16:13,121] {logging_mixin.py:104} INFO - Colunas:  33
[2021-04-07 10:17:19,761] {logging_mixin.py:104} INFO - entrou no laço
[2021-04-07 10:17:19,775] {logging_mixin.py:104} INFO - Paginas:  100000
[2021-04-07 10:17:19,787] {logging_mixin.py:104} INFO - Contador:  47
[2021-04-07 10:17:19,787] {logging_mixin.py:104} INFO - Linhas:  230000
[2021-04-07 10:17:19,788] {logging_mixin.py:104} INFO - Colunas:  33
[2021-04-07 10:18:20,802] {logging_mixin.py:104} INFO - entrou no laço
[2021-04-07 10:18:20,818] {logging_mixin.py:104} INFO - Paginas:  100000
[2021-04-07 10:18:20,818] {logging_mixin.py:104} INFO - Contador:  48
[2021-04-07 10:18:20,818] {logging_mixin.py:104} INFO - Linhas:  235000
[2021-04-07 10:18:20,818] {logging_mixin.py:104} INFO - Colunas:  33
[2021-04-07 10:19:20,334] {logging_mixin.py:104} INFO - entrou no laço
[2021-04-07 10:19:20,340] {logging_mixin.py:104} INFO - Paginas:  100000
[2021-04-07 10:19:20,340] {logging_mixin.py:104} INFO - Contador:  49
[2021-04-07 10:19:20,340] {logging_mixin.py:104} INFO - Linhas:  240000
[2021-04-07 10:19:20,340] {logging_mixin.py:104} INFO - Colunas:  33
[2021-04-07 10:20:25,971] {logging_mixin.py:104} INFO - entrou no laço
[2021-04-07 10:20:25,987] {logging_mixin.py:104} INFO - Paginas:  100000
[2021-04-07 10:20:25,988] {logging_mixin.py:104} INFO - Contador:  50
[2021-04-07 10:20:25,988] {logging_mixin.py:104} INFO - Linhas:  245000
[2021-04-07 10:20:25,988] {logging_mixin.py:104} INFO - Colunas:  33
[2021-04-07 10:21:29,009] {logging_mixin.py:104} INFO - entrou no laço
[2021-04-07 10:21:29,022] {logging_mixin.py:104} INFO - Paginas:  100000
[2021-04-07 10:21:29,024] {logging_mixin.py:104} INFO - Contador:  51
[2021-04-07 10:21:29,026] {logging_mixin.py:104} INFO - Linhas:  250000
[2021-04-07 10:21:29,028] {logging_mixin.py:104} INFO - Colunas:  33
[2021-04-07 10:22:56,471] {logging_mixin.py:104} INFO - entrou no laço
[2021-04-07 10:22:56,481] {logging_mixin.py:104} INFO - Paginas:  100000
[2021-04-07 10:22:56,488] {logging_mixin.py:104} INFO - Contador:  52
[2021-04-07 10:22:56,488] {logging_mixin.py:104} INFO - Linhas:  255000
[2021-04-07 10:22:56,488] {logging_mixin.py:104} INFO - Colunas:  33
[2021-04-07 10:23:41,195] {logging_mixin.py:104} INFO - entrou no laço
[2021-04-07 10:23:41,203] {logging_mixin.py:104} INFO - Paginas:  100000
[2021-04-07 10:23:41,207] {logging_mixin.py:104} INFO - Contador:  53
[2021-04-07 10:23:41,212] {logging_mixin.py:104} INFO - Linhas:  260000
[2021-04-07 10:23:41,213] {logging_mixin.py:104} INFO - Colunas:  33
[2021-04-07 10:24:25,265] {logging_mixin.py:104} INFO - entrou no laço
[2021-04-07 10:24:25,270] {logging_mixin.py:104} INFO - Paginas:  100000
[2021-04-07 10:24:25,271] {logging_mixin.py:104} INFO - Contador:  54
[2021-04-07 10:24:25,271] {logging_mixin.py:104} INFO - Linhas:  265000
[2021-04-07 10:24:25,271] {logging_mixin.py:104} INFO - Colunas:  33
[2021-04-07 10:25:16,573] {logging_mixin.py:104} INFO - entrou no laço
[2021-04-07 10:25:16,574] {logging_mixin.py:104} INFO - Paginas:  100000
[2021-04-07 10:25:16,578] {logging_mixin.py:104} INFO - Contador:  55
[2021-04-07 10:25:16,579] {logging_mixin.py:104} INFO - Linhas:  270000
[2021-04-07 10:25:16,580] {logging_mixin.py:104} INFO - Colunas:  33
[2021-04-07 10:26:11,566] {logging_mixin.py:104} INFO - entrou no laço
[2021-04-07 10:26:11,575] {logging_mixin.py:104} INFO - Paginas:  100000
[2021-04-07 10:26:11,589] {logging_mixin.py:104} INFO - Contador:  56
[2021-04-07 10:26:11,590] {logging_mixin.py:104} INFO - Linhas:  275000
[2021-04-07 10:26:11,590] {logging_mixin.py:104} INFO - Colunas:  33
[2021-04-07 10:27:18,270] {logging_mixin.py:104} INFO - entrou no laço
[2021-04-07 10:27:18,275] {logging_mixin.py:104} INFO - Paginas:  100000
[2021-04-07 10:27:18,280] {logging_mixin.py:104} INFO - Contador:  57
[2021-04-07 10:27:18,282] {logging_mixin.py:104} INFO - Linhas:  280000
[2021-04-07 10:27:18,282] {logging_mixin.py:104} INFO - Colunas:  33
[2021-04-07 10:28:20,675] {logging_mixin.py:104} INFO - entrou no laço
[2021-04-07 10:28:20,685] {logging_mixin.py:104} INFO - Paginas:  100000
[2021-04-07 10:28:20,690] {logging_mixin.py:104} INFO - Contador:  58
[2021-04-07 10:28:20,691] {logging_mixin.py:104} INFO - Linhas:  285000
[2021-04-07 10:28:20,691] {logging_mixin.py:104} INFO - Colunas:  33
[2021-04-07 10:29:23,949] {logging_mixin.py:104} INFO - entrou no laço
[2021-04-07 10:29:23,950] {logging_mixin.py:104} INFO - Paginas:  100000
[2021-04-07 10:29:23,958] {logging_mixin.py:104} INFO - Contador:  59
[2021-04-07 10:29:23,967] {logging_mixin.py:104} INFO - Linhas:  290000
[2021-04-07 10:29:23,969] {logging_mixin.py:104} INFO - Colunas:  33
[2021-04-07 10:30:23,065] {logging_mixin.py:104} INFO - entrou no laço
[2021-04-07 10:30:23,074] {logging_mixin.py:104} INFO - Paginas:  100000
[2021-04-07 10:30:23,075] {logging_mixin.py:104} INFO - Contador:  60
[2021-04-07 10:30:23,080] {logging_mixin.py:104} INFO - Linhas:  295000
[2021-04-07 10:30:23,081] {logging_mixin.py:104} INFO - Colunas:  33
[2021-04-07 10:31:19,671] {logging_mixin.py:104} INFO - entrou no laço
[2021-04-07 10:31:19,686] {logging_mixin.py:104} INFO - Paginas:  100000
[2021-04-07 10:31:19,687] {logging_mixin.py:104} INFO - Contador:  61
[2021-04-07 10:31:19,688] {logging_mixin.py:104} INFO - Linhas:  300000
[2021-04-07 10:31:19,688] {logging_mixin.py:104} INFO - Colunas:  33
[2021-04-07 10:32:18,496] {logging_mixin.py:104} INFO - entrou no laço
[2021-04-07 10:32:18,499] {logging_mixin.py:104} INFO - Paginas:  100000
[2021-04-07 10:32:18,500] {logging_mixin.py:104} INFO - Contador:  62
[2021-04-07 10:32:18,500] {logging_mixin.py:104} INFO - Linhas:  305000
[2021-04-07 10:32:18,501] {logging_mixin.py:104} INFO - Colunas:  33
[2021-04-07 10:33:19,864] {logging_mixin.py:104} INFO - entrou no laço
[2021-04-07 10:33:19,890] {logging_mixin.py:104} INFO - Paginas:  100000
[2021-04-07 10:33:19,897] {logging_mixin.py:104} INFO - Contador:  63
[2021-04-07 10:33:19,900] {logging_mixin.py:104} INFO - Linhas:  310000
[2021-04-07 10:33:19,900] {logging_mixin.py:104} INFO - Colunas:  33
[2021-04-07 10:34:23,507] {logging_mixin.py:104} INFO - entrou no laço
[2021-04-07 10:34:23,512] {logging_mixin.py:104} INFO - Paginas:  100000
[2021-04-07 10:34:23,519] {logging_mixin.py:104} INFO - Contador:  64
[2021-04-07 10:34:23,521] {logging_mixin.py:104} INFO - Linhas:  315000
[2021-04-07 10:34:23,522] {logging_mixin.py:104} INFO - Colunas:  33
[2021-04-07 10:35:26,645] {logging_mixin.py:104} INFO - entrou no laço
[2021-04-07 10:35:26,675] {logging_mixin.py:104} INFO - Paginas:  100000
[2021-04-07 10:35:26,675] {logging_mixin.py:104} INFO - Contador:  65
[2021-04-07 10:35:26,675] {logging_mixin.py:104} INFO - Linhas:  320000
[2021-04-07 10:35:26,676] {logging_mixin.py:104} INFO - Colunas:  33
[2021-04-07 10:36:34,852] {logging_mixin.py:104} INFO - entrou no laço
[2021-04-07 10:36:34,855] {logging_mixin.py:104} INFO - Paginas:  100000
[2021-04-07 10:36:34,857] {logging_mixin.py:104} INFO - Contador:  66
[2021-04-07 10:36:34,858] {logging_mixin.py:104} INFO - Linhas:  325000
[2021-04-07 10:36:34,859] {logging_mixin.py:104} INFO - Colunas:  33
[2021-04-07 10:37:41,369] {logging_mixin.py:104} INFO - entrou no laço
[2021-04-07 10:37:41,384] {logging_mixin.py:104} INFO - Paginas:  100000
[2021-04-07 10:37:41,385] {logging_mixin.py:104} INFO - Contador:  67
[2021-04-07 10:37:41,385] {logging_mixin.py:104} INFO - Linhas:  330000
[2021-04-07 10:37:41,385] {logging_mixin.py:104} INFO - Colunas:  33
[2021-04-07 10:38:42,782] {logging_mixin.py:104} INFO - entrou no laço
[2021-04-07 10:38:42,802] {logging_mixin.py:104} INFO - Paginas:  100000
[2021-04-07 10:38:42,802] {logging_mixin.py:104} INFO - Contador:  68
[2021-04-07 10:38:42,802] {logging_mixin.py:104} INFO - Linhas:  335000
[2021-04-07 10:38:42,802] {logging_mixin.py:104} INFO - Colunas:  33
[2021-04-07 10:39:44,806] {logging_mixin.py:104} INFO - entrou no laço
[2021-04-07 10:39:44,816] {logging_mixin.py:104} INFO - Paginas:  100000
[2021-04-07 10:39:44,817] {logging_mixin.py:104} INFO - Contador:  69
[2021-04-07 10:39:44,817] {logging_mixin.py:104} INFO - Linhas:  340000
[2021-04-07 10:39:44,818] {logging_mixin.py:104} INFO - Colunas:  33
[2021-04-07 10:40:49,560] {logging_mixin.py:104} INFO - entrou no laço
[2021-04-07 10:40:49,561] {logging_mixin.py:104} INFO - Paginas:  100000
[2021-04-07 10:40:49,565] {logging_mixin.py:104} INFO - Contador:  70
[2021-04-07 10:40:49,565] {logging_mixin.py:104} INFO - Linhas:  345000
[2021-04-07 10:40:49,565] {logging_mixin.py:104} INFO - Colunas:  33
[2021-04-07 10:41:55,349] {logging_mixin.py:104} INFO - entrou no laço
[2021-04-07 10:41:55,350] {logging_mixin.py:104} INFO - Paginas:  100000
[2021-04-07 10:41:55,352] {logging_mixin.py:104} INFO - Contador:  71
[2021-04-07 10:41:55,352] {logging_mixin.py:104} INFO - Linhas:  350000
[2021-04-07 10:41:55,352] {logging_mixin.py:104} INFO - Colunas:  33
[2021-04-07 10:43:00,469] {logging_mixin.py:104} INFO - entrou no laço
[2021-04-07 10:43:00,483] {logging_mixin.py:104} INFO - Paginas:  100000
[2021-04-07 10:43:00,484] {logging_mixin.py:104} INFO - Contador:  72
[2021-04-07 10:43:00,484] {logging_mixin.py:104} INFO - Linhas:  355000
[2021-04-07 10:43:00,485] {logging_mixin.py:104} INFO - Colunas:  33
[2021-04-07 10:43:56,640] {logging_mixin.py:104} INFO - entrou no laço
[2021-04-07 10:43:56,642] {logging_mixin.py:104} INFO - Paginas:  100000
[2021-04-07 10:43:56,647] {logging_mixin.py:104} INFO - Contador:  73
[2021-04-07 10:43:56,647] {logging_mixin.py:104} INFO - Linhas:  360000
[2021-04-07 10:43:56,647] {logging_mixin.py:104} INFO - Colunas:  33
[2021-04-07 10:44:14,238] {logging_mixin.py:104} INFO - entrou no laço
[2021-04-07 10:44:14,248] {logging_mixin.py:104} INFO - Paginas:  100000
[2021-04-07 10:44:14,262] {logging_mixin.py:104} INFO - Contador:  74
[2021-04-07 10:44:14,262] {logging_mixin.py:104} INFO - Linhas:  365000
[2021-04-07 10:44:14,262] {logging_mixin.py:104} INFO - Colunas:  4
[2021-04-07 10:44:31,175] {logging_mixin.py:104} INFO - entrou no laço
[2021-04-07 10:44:31,176] {logging_mixin.py:104} INFO - Paginas:  100000
[2021-04-07 10:44:31,176] {logging_mixin.py:104} INFO - Contador:  75
[2021-04-07 10:44:31,176] {logging_mixin.py:104} INFO - Linhas:  370000
[2021-04-07 10:44:31,176] {logging_mixin.py:104} INFO - Colunas:  4
[2021-04-07 10:44:49,983] {logging_mixin.py:104} INFO - entrou no laço
[2021-04-07 10:44:49,985] {logging_mixin.py:104} INFO - Paginas:  100000
[2021-04-07 10:44:49,989] {logging_mixin.py:104} INFO - Contador:  76
[2021-04-07 10:44:49,989] {logging_mixin.py:104} INFO - Linhas:  375000
[2021-04-07 10:44:49,992] {logging_mixin.py:104} INFO - Colunas:  4
[2021-04-07 10:45:07,247] {logging_mixin.py:104} INFO - entrou no laço
[2021-04-07 10:45:07,248] {logging_mixin.py:104} INFO - Paginas:  100000
[2021-04-07 10:45:07,248] {logging_mixin.py:104} INFO - Contador:  77
[2021-04-07 10:45:07,248] {logging_mixin.py:104} INFO - Linhas:  380000
[2021-04-07 10:45:07,248] {logging_mixin.py:104} INFO - Colunas:  4
[2021-04-07 10:45:26,074] {logging_mixin.py:104} INFO - entrou no laço
[2021-04-07 10:45:26,077] {logging_mixin.py:104} INFO - Paginas:  100000
[2021-04-07 10:45:26,077] {logging_mixin.py:104} INFO - Contador:  78
[2021-04-07 10:45:26,077] {logging_mixin.py:104} INFO - Linhas:  385000
[2021-04-07 10:45:26,077] {logging_mixin.py:104} INFO - Colunas:  4
[2021-04-07 10:45:43,594] {logging_mixin.py:104} INFO - entrou no laço
[2021-04-07 10:45:43,612] {logging_mixin.py:104} INFO - Paginas:  100000
[2021-04-07 10:45:43,617] {logging_mixin.py:104} INFO - Contador:  79
[2021-04-07 10:45:43,628] {logging_mixin.py:104} INFO - Linhas:  390000
[2021-04-07 10:45:43,629] {logging_mixin.py:104} INFO - Colunas:  4
[2021-04-07 10:46:01,565] {logging_mixin.py:104} INFO - entrou no laço
[2021-04-07 10:46:01,566] {logging_mixin.py:104} INFO - Paginas:  100000
[2021-04-07 10:46:01,567] {logging_mixin.py:104} INFO - Contador:  80
[2021-04-07 10:46:01,567] {logging_mixin.py:104} INFO - Linhas:  395000
[2021-04-07 10:46:01,568] {logging_mixin.py:104} INFO - Colunas:  4
[2021-04-07 10:46:20,567] {logging_mixin.py:104} INFO - entrou no laço
[2021-04-07 10:46:20,569] {logging_mixin.py:104} INFO - Paginas:  100000
[2021-04-07 10:46:20,570] {logging_mixin.py:104} INFO - Contador:  81
[2021-04-07 10:46:20,571] {logging_mixin.py:104} INFO - Linhas:  400000
[2021-04-07 10:46:20,571] {logging_mixin.py:104} INFO - Colunas:  4
[2021-04-07 10:46:38,377] {logging_mixin.py:104} INFO - entrou no laço
[2021-04-07 10:46:38,380] {logging_mixin.py:104} INFO - Paginas:  100000
[2021-04-07 10:46:38,381] {logging_mixin.py:104} INFO - Contador:  82
[2021-04-07 10:46:38,381] {logging_mixin.py:104} INFO - Linhas:  405000
[2021-04-07 10:46:38,381] {logging_mixin.py:104} INFO - Colunas:  4
[2021-04-07 10:46:56,975] {logging_mixin.py:104} INFO - entrou no laço
[2021-04-07 10:46:56,977] {logging_mixin.py:104} INFO - Paginas:  100000
[2021-04-07 10:46:56,977] {logging_mixin.py:104} INFO - Contador:  83
[2021-04-07 10:46:56,978] {logging_mixin.py:104} INFO - Linhas:  410000
[2021-04-07 10:46:56,978] {logging_mixin.py:104} INFO - Colunas:  4
[2021-04-07 10:47:13,777] {logging_mixin.py:104} INFO - entrou no laço
[2021-04-07 10:47:13,787] {logging_mixin.py:104} INFO - Paginas:  100000
[2021-04-07 10:47:13,791] {logging_mixin.py:104} INFO - Contador:  84
[2021-04-07 10:47:13,794] {logging_mixin.py:104} INFO - Linhas:  415000
[2021-04-07 10:47:13,795] {logging_mixin.py:104} INFO - Colunas:  4
[2021-04-07 10:47:29,142] {logging_mixin.py:104} INFO - entrou no laço
[2021-04-07 10:47:29,144] {logging_mixin.py:104} INFO - Paginas:  100000
[2021-04-07 10:47:29,145] {logging_mixin.py:104} INFO - Contador:  85
[2021-04-07 10:47:29,145] {logging_mixin.py:104} INFO - Linhas:  420000
[2021-04-07 10:47:29,145] {logging_mixin.py:104} INFO - Colunas:  4
[2021-04-07 10:47:47,820] {logging_mixin.py:104} INFO - entrou no laço
[2021-04-07 10:47:47,825] {logging_mixin.py:104} INFO - Paginas:  100000
[2021-04-07 10:47:47,830] {logging_mixin.py:104} INFO - Contador:  86
[2021-04-07 10:47:47,837] {logging_mixin.py:104} INFO - Linhas:  425000
[2021-04-07 10:47:47,839] {logging_mixin.py:104} INFO - Colunas:  4
[2021-04-07 10:48:04,453] {logging_mixin.py:104} INFO - entrou no laço
[2021-04-07 10:48:04,455] {logging_mixin.py:104} INFO - Paginas:  100000
[2021-04-07 10:48:04,455] {logging_mixin.py:104} INFO - Contador:  87
[2021-04-07 10:48:04,455] {logging_mixin.py:104} INFO - Linhas:  430000
[2021-04-07 10:48:04,455] {logging_mixin.py:104} INFO - Colunas:  4
[2021-04-07 10:48:22,180] {logging_mixin.py:104} INFO - entrou no laço
[2021-04-07 10:48:22,180] {logging_mixin.py:104} INFO - Paginas:  100000
[2021-04-07 10:48:22,180] {logging_mixin.py:104} INFO - Contador:  88
[2021-04-07 10:48:22,180] {logging_mixin.py:104} INFO - Linhas:  435000
[2021-04-07 10:48:22,180] {logging_mixin.py:104} INFO - Colunas:  4
[2021-04-07 10:48:39,847] {logging_mixin.py:104} INFO - entrou no laço
[2021-04-07 10:48:39,851] {logging_mixin.py:104} INFO - Paginas:  100000
[2021-04-07 10:48:39,858] {logging_mixin.py:104} INFO - Contador:  89
[2021-04-07 10:48:39,859] {logging_mixin.py:104} INFO - Linhas:  440000
[2021-04-07 10:48:39,860] {logging_mixin.py:104} INFO - Colunas:  4
[2021-04-07 10:48:57,413] {logging_mixin.py:104} INFO - entrou no laço
[2021-04-07 10:48:57,422] {logging_mixin.py:104} INFO - Paginas:  100000
[2021-04-07 10:48:57,424] {logging_mixin.py:104} INFO - Contador:  90
[2021-04-07 10:48:57,431] {logging_mixin.py:104} INFO - Linhas:  445000
[2021-04-07 10:48:57,435] {logging_mixin.py:104} INFO - Colunas:  4
[2021-04-07 10:49:15,988] {logging_mixin.py:104} INFO - entrou no laço
[2021-04-07 10:49:15,990] {logging_mixin.py:104} INFO - Paginas:  100000
[2021-04-07 10:49:15,990] {logging_mixin.py:104} INFO - Contador:  91
[2021-04-07 10:49:15,992] {logging_mixin.py:104} INFO - Linhas:  450000
[2021-04-07 10:49:15,992] {logging_mixin.py:104} INFO - Colunas:  4
[2021-04-07 10:49:33,487] {logging_mixin.py:104} INFO - entrou no laço
[2021-04-07 10:49:33,489] {logging_mixin.py:104} INFO - Paginas:  100000
[2021-04-07 10:49:33,489] {logging_mixin.py:104} INFO - Contador:  92
[2021-04-07 10:49:33,489] {logging_mixin.py:104} INFO - Linhas:  455000
[2021-04-07 10:49:33,489] {logging_mixin.py:104} INFO - Colunas:  4
[2021-04-07 10:49:58,337] {logging_mixin.py:104} INFO - entrou no laço
[2021-04-07 10:49:58,339] {logging_mixin.py:104} INFO - Paginas:  100000
[2021-04-07 10:49:58,341] {logging_mixin.py:104} INFO - Contador:  93
[2021-04-07 10:49:58,341] {logging_mixin.py:104} INFO - Linhas:  460000
[2021-04-07 10:49:58,341] {logging_mixin.py:104} INFO - Colunas:  4
[2021-04-07 10:50:16,329] {logging_mixin.py:104} INFO - entrou no laço
[2021-04-07 10:50:16,334] {logging_mixin.py:104} INFO - Paginas:  100000
[2021-04-07 10:50:16,334] {logging_mixin.py:104} INFO - Contador:  94
[2021-04-07 10:50:16,335] {logging_mixin.py:104} INFO - Linhas:  465000
[2021-04-07 10:50:16,335] {logging_mixin.py:104} INFO - Colunas:  4
[2021-04-07 10:50:35,913] {logging_mixin.py:104} INFO - entrou no laço
[2021-04-07 10:50:35,915] {logging_mixin.py:104} INFO - Paginas:  100000
[2021-04-07 10:50:35,916] {logging_mixin.py:104} INFO - Contador:  95
[2021-04-07 10:50:35,916] {logging_mixin.py:104} INFO - Linhas:  470000
[2021-04-07 10:50:35,916] {logging_mixin.py:104} INFO - Colunas:  4
[2021-04-07 10:50:56,181] {logging_mixin.py:104} INFO - entrou no laço
[2021-04-07 10:50:56,186] {logging_mixin.py:104} INFO - Paginas:  100000
[2021-04-07 10:50:56,187] {logging_mixin.py:104} INFO - Contador:  96
[2021-04-07 10:50:56,187] {logging_mixin.py:104} INFO - Linhas:  475000
[2021-04-07 10:50:56,188] {logging_mixin.py:104} INFO - Colunas:  4
[2021-04-07 10:51:14,380] {logging_mixin.py:104} INFO - entrou no laço
[2021-04-07 10:51:14,380] {logging_mixin.py:104} INFO - Paginas:  100000
[2021-04-07 10:51:14,380] {logging_mixin.py:104} INFO - Contador:  97
[2021-04-07 10:51:14,380] {logging_mixin.py:104} INFO - Linhas:  480000
[2021-04-07 10:51:14,381] {logging_mixin.py:104} INFO - Colunas:  4
[2021-04-07 10:51:34,474] {logging_mixin.py:104} INFO - entrou no laço
[2021-04-07 10:51:34,476] {logging_mixin.py:104} INFO - Paginas:  100000
[2021-04-07 10:51:34,476] {logging_mixin.py:104} INFO - Contador:  98
[2021-04-07 10:51:34,477] {logging_mixin.py:104} INFO - Linhas:  485000
[2021-04-07 10:51:34,477] {logging_mixin.py:104} INFO - Colunas:  4
[2021-04-07 10:51:52,387] {logging_mixin.py:104} INFO - entrou no laço
[2021-04-07 10:51:52,389] {logging_mixin.py:104} INFO - Paginas:  100000
[2021-04-07 10:51:52,390] {logging_mixin.py:104} INFO - Contador:  99
[2021-04-07 10:51:52,390] {logging_mixin.py:104} INFO - Linhas:  490000
[2021-04-07 10:51:52,390] {logging_mixin.py:104} INFO - Colunas:  4
[2021-04-07 10:52:13,226] {logging_mixin.py:104} INFO - entrou no laço
[2021-04-07 10:52:13,227] {logging_mixin.py:104} INFO - Paginas:  100000
[2021-04-07 10:52:13,228] {logging_mixin.py:104} INFO - Contador:  100
[2021-04-07 10:52:13,229] {logging_mixin.py:104} INFO - Linhas:  495000
[2021-04-07 10:52:13,229] {logging_mixin.py:104} INFO - Colunas:  4
[2021-04-07 10:52:31,265] {logging_mixin.py:104} INFO - entrou no laço
[2021-04-07 10:52:31,273] {logging_mixin.py:104} INFO - Paginas:  100000
[2021-04-07 10:52:31,274] {logging_mixin.py:104} INFO - Contador:  101
[2021-04-07 10:52:31,275] {logging_mixin.py:104} INFO - Linhas:  500000
[2021-04-07 10:52:31,276] {logging_mixin.py:104} INFO - Colunas:  4
[2021-04-07 10:52:52,346] {logging_mixin.py:104} INFO - entrou no laço
[2021-04-07 10:52:52,347] {logging_mixin.py:104} INFO - Paginas:  100000
[2021-04-07 10:52:52,349] {logging_mixin.py:104} INFO - Contador:  102
[2021-04-07 10:52:52,349] {logging_mixin.py:104} INFO - Linhas:  505000
[2021-04-07 10:52:52,349] {logging_mixin.py:104} INFO - Colunas:  4
[2021-04-07 10:53:11,022] {logging_mixin.py:104} INFO - entrou no laço
[2021-04-07 10:53:11,026] {logging_mixin.py:104} INFO - Paginas:  100000
[2021-04-07 10:53:11,027] {logging_mixin.py:104} INFO - Contador:  103
[2021-04-07 10:53:11,027] {logging_mixin.py:104} INFO - Linhas:  510000
[2021-04-07 10:53:11,028] {logging_mixin.py:104} INFO - Colunas:  4
[2021-04-07 10:53:26,889] {logging_mixin.py:104} INFO - entrou no laço
[2021-04-07 10:53:26,906] {logging_mixin.py:104} INFO - Paginas:  100000
[2021-04-07 10:53:26,907] {logging_mixin.py:104} INFO - Contador:  104
[2021-04-07 10:53:26,907] {logging_mixin.py:104} INFO - Linhas:  515000
[2021-04-07 10:53:26,908] {logging_mixin.py:104} INFO - Colunas:  4
[2021-04-07 10:53:46,030] {logging_mixin.py:104} INFO - entrou no laço
[2021-04-07 10:53:46,030] {logging_mixin.py:104} INFO - Paginas:  100000
[2021-04-07 10:53:46,030] {logging_mixin.py:104} INFO - Contador:  105
[2021-04-07 10:53:46,030] {logging_mixin.py:104} INFO - Linhas:  520000
[2021-04-07 10:53:46,030] {logging_mixin.py:104} INFO - Colunas:  4
[2021-04-07 10:54:02,762] {logging_mixin.py:104} INFO - entrou no laço
[2021-04-07 10:54:02,764] {logging_mixin.py:104} INFO - Paginas:  100000
[2021-04-07 10:54:02,765] {logging_mixin.py:104} INFO - Contador:  106
[2021-04-07 10:54:02,765] {logging_mixin.py:104} INFO - Linhas:  525000
[2021-04-07 10:54:02,768] {logging_mixin.py:104} INFO - Colunas:  4
[2021-04-07 10:54:19,820] {logging_mixin.py:104} INFO - entrou no laço
[2021-04-07 10:54:19,821] {logging_mixin.py:104} INFO - Paginas:  100000
[2021-04-07 10:54:19,822] {logging_mixin.py:104} INFO - Contador:  107
[2021-04-07 10:54:19,822] {logging_mixin.py:104} INFO - Linhas:  530000
[2021-04-07 10:54:19,823] {logging_mixin.py:104} INFO - Colunas:  4
[2021-04-07 10:54:38,874] {logging_mixin.py:104} INFO - entrou no laço
[2021-04-07 10:54:38,876] {logging_mixin.py:104} INFO - Paginas:  100000
[2021-04-07 10:54:38,877] {logging_mixin.py:104} INFO - Contador:  108
[2021-04-07 10:54:38,877] {logging_mixin.py:104} INFO - Linhas:  535000
[2021-04-07 10:54:38,878] {logging_mixin.py:104} INFO - Colunas:  4
[2021-04-07 10:54:55,542] {logging_mixin.py:104} INFO - entrou no laço
[2021-04-07 10:54:55,549] {logging_mixin.py:104} INFO - Paginas:  100000
[2021-04-07 10:54:55,556] {logging_mixin.py:104} INFO - Contador:  109
[2021-04-07 10:54:55,561] {logging_mixin.py:104} INFO - Linhas:  540000
[2021-04-07 10:54:55,562] {logging_mixin.py:104} INFO - Colunas:  4
[2021-04-07 10:55:12,788] {logging_mixin.py:104} INFO - entrou no laço
[2021-04-07 10:55:12,789] {logging_mixin.py:104} INFO - Paginas:  100000
[2021-04-07 10:55:12,790] {logging_mixin.py:104} INFO - Contador:  110
[2021-04-07 10:55:12,791] {logging_mixin.py:104} INFO - Linhas:  545000
[2021-04-07 10:55:12,791] {logging_mixin.py:104} INFO - Colunas:  4
[2021-04-07 10:55:30,049] {logging_mixin.py:104} INFO - entrou no laço
[2021-04-07 10:55:30,054] {logging_mixin.py:104} INFO - Paginas:  100000
[2021-04-07 10:55:30,056] {logging_mixin.py:104} INFO - Contador:  111
[2021-04-07 10:55:30,056] {logging_mixin.py:104} INFO - Linhas:  550000
[2021-04-07 10:55:30,056] {logging_mixin.py:104} INFO - Colunas:  4
[2021-04-07 10:55:46,635] {logging_mixin.py:104} INFO - entrou no laço
[2021-04-07 10:55:46,636] {logging_mixin.py:104} INFO - Paginas:  100000
[2021-04-07 10:55:46,637] {logging_mixin.py:104} INFO - Contador:  112
[2021-04-07 10:55:46,640] {logging_mixin.py:104} INFO - Linhas:  555000
[2021-04-07 10:55:46,640] {logging_mixin.py:104} INFO - Colunas:  4
[2021-04-07 10:56:07,696] {logging_mixin.py:104} INFO - entrou no laço
[2021-04-07 10:56:07,698] {logging_mixin.py:104} INFO - Paginas:  100000
[2021-04-07 10:56:07,699] {logging_mixin.py:104} INFO - Contador:  113
[2021-04-07 10:56:07,699] {logging_mixin.py:104} INFO - Linhas:  560000
[2021-04-07 10:56:07,699] {logging_mixin.py:104} INFO - Colunas:  4
[2021-04-07 10:56:24,125] {logging_mixin.py:104} INFO - entrou no laço
[2021-04-07 10:56:24,129] {logging_mixin.py:104} INFO - Paginas:  100000
[2021-04-07 10:56:24,131] {logging_mixin.py:104} INFO - Contador:  114
[2021-04-07 10:56:24,136] {logging_mixin.py:104} INFO - Linhas:  565000
[2021-04-07 10:56:24,138] {logging_mixin.py:104} INFO - Colunas:  4
[2021-04-07 10:56:44,063] {logging_mixin.py:104} INFO - entrou no laço
[2021-04-07 10:56:44,065] {logging_mixin.py:104} INFO - Paginas:  100000
[2021-04-07 10:56:44,066] {logging_mixin.py:104} INFO - Contador:  115
[2021-04-07 10:56:44,067] {logging_mixin.py:104} INFO - Linhas:  570000
[2021-04-07 10:56:44,067] {logging_mixin.py:104} INFO - Colunas:  4
[2021-04-07 10:56:44,740] {taskinstance.py:1455} ERROR - Expecting value: line 1 column 1 (char 0)
Traceback (most recent call last):
  File "/home/airflow/.local/lib/python3.6/site-packages/airflow/models/taskinstance.py", line 1112, in _run_raw_task
    self._prepare_and_execute_task_with_callbacks(context, task)
  File "/home/airflow/.local/lib/python3.6/site-packages/airflow/models/taskinstance.py", line 1285, in _prepare_and_execute_task_with_callbacks
    result = self._execute_task(context, task_copy)
  File "/home/airflow/.local/lib/python3.6/site-packages/airflow/models/taskinstance.py", line 1315, in _execute_task
    result = task_copy.execute(context=context)
  File "/home/airflow/.local/lib/python3.6/site-packages/airflow/operators/python.py", line 117, in execute
    return_value = self.execute_callable()
  File "/home/airflow/.local/lib/python3.6/site-packages/airflow/operators/python.py", line 128, in execute_callable
    return self.python_callable(*self.op_args, **self.op_kwargs)
  File "/opt/airflow/dags/etl_chamados.py", line 99, in carrega_dados
    resp_data = json.loads(resp.text)
  File "/usr/local/lib/python3.6/json/__init__.py", line 354, in loads
    return _default_decoder.decode(s)
  File "/usr/local/lib/python3.6/json/decoder.py", line 339, in decode
    obj, end = self.raw_decode(s, idx=_w(s, 0).end())
  File "/usr/local/lib/python3.6/json/decoder.py", line 357, in raw_decode
    raise JSONDecodeError("Expecting value", s, err.value) from None
json.decoder.JSONDecodeError: Expecting value: line 1 column 1 (char 0)
[2021-04-07 10:56:44,748] {taskinstance.py:1503} INFO - Marking task as FAILED. dag_id=trata_relatorios, task_id=popula_relatorios, execution_date=20210407T085000, start_date=20210407T093542, end_date=20210407T105644
[2021-04-07 10:56:44,769] {configuration.py:356} WARNING - section/key [smtp/smtp_user] not found in config
[2021-04-07 10:56:44,770] {email.py:184} INFO - Email alerting: attempt 1
[2021-04-07 10:56:44,772] {configuration.py:356} WARNING - section/key [smtp/smtp_user] not found in config
[2021-04-07 10:56:44,774] {email.py:184} INFO - Email alerting: attempt 1
[2021-04-07 10:56:44,778] {taskinstance.py:1509} ERROR - Failed to send email to: ['clecio.antao@gmail.com']
[2021-04-07 10:56:44,779] {taskinstance.py:1510} ERROR - [Errno 99] Cannot assign requested address
Traceback (most recent call last):
  File "/home/airflow/.local/lib/python3.6/site-packages/airflow/models/taskinstance.py", line 1112, in _run_raw_task
    self._prepare_and_execute_task_with_callbacks(context, task)
  File "/home/airflow/.local/lib/python3.6/site-packages/airflow/models/taskinstance.py", line 1285, in _prepare_and_execute_task_with_callbacks
    result = self._execute_task(context, task_copy)
  File "/home/airflow/.local/lib/python3.6/site-packages/airflow/models/taskinstance.py", line 1315, in _execute_task
    result = task_copy.execute(context=context)
  File "/home/airflow/.local/lib/python3.6/site-packages/airflow/operators/python.py", line 117, in execute
    return_value = self.execute_callable()
  File "/home/airflow/.local/lib/python3.6/site-packages/airflow/operators/python.py", line 128, in execute_callable
    return self.python_callable(*self.op_args, **self.op_kwargs)
  File "/opt/airflow/dags/etl_chamados.py", line 99, in carrega_dados
    resp_data = json.loads(resp.text)
  File "/usr/local/lib/python3.6/json/__init__.py", line 354, in loads
    return _default_decoder.decode(s)
  File "/usr/local/lib/python3.6/json/decoder.py", line 339, in decode
    obj, end = self.raw_decode(s, idx=_w(s, 0).end())
  File "/usr/local/lib/python3.6/json/decoder.py", line 357, in raw_decode
    raise JSONDecodeError("Expecting value", s, err.value) from None
json.decoder.JSONDecodeError: Expecting value: line 1 column 1 (char 0)

During handling of the above exception, another exception occurred:

Traceback (most recent call last):
  File "/home/airflow/.local/lib/python3.6/site-packages/airflow/models/taskinstance.py", line 1852, in email_alert
    send_email(self.task.email, subject, html_content)
  File "/home/airflow/.local/lib/python3.6/site-packages/airflow/utils/email.py", line 62, in send_email
    **kwargs,
  File "/home/airflow/.local/lib/python3.6/site-packages/airflow/utils/email.py", line 97, in send_email_smtp
    send_mime_email(e_from=smtp_mail_from, e_to=recipients, mime_msg=msg, dryrun=dryrun)
  File "/home/airflow/.local/lib/python3.6/site-packages/airflow/utils/email.py", line 186, in send_mime_email
    conn = _get_smtp_connection(smtp_host, smtp_port, smtp_timeout, smtp_ssl)
  File "/home/airflow/.local/lib/python3.6/site-packages/airflow/utils/email.py", line 220, in _get_smtp_connection
    else smtplib.SMTP(host=host, port=port, timeout=timeout)
  File "/usr/local/lib/python3.6/smtplib.py", line 251, in __init__
    (code, msg) = self.connect(host, port)
  File "/usr/local/lib/python3.6/smtplib.py", line 336, in connect
    self.sock = self._get_socket(host, port, self.timeout)
  File "/usr/local/lib/python3.6/smtplib.py", line 307, in _get_socket
    self.source_address)
  File "/usr/local/lib/python3.6/socket.py", line 724, in create_connection
    raise err
  File "/usr/local/lib/python3.6/socket.py", line 713, in create_connection
    sock.connect(sa)
OSError: [Errno 99] Cannot assign requested address

During handling of the above exception, another exception occurred:

Traceback (most recent call last):
  File "/home/airflow/.local/lib/python3.6/site-packages/airflow/models/taskinstance.py", line 1507, in handle_failure
    self.email_alert(error)
  File "/home/airflow/.local/lib/python3.6/site-packages/airflow/models/taskinstance.py", line 1854, in email_alert
    send_email(self.task.email, subject, html_content_err)
  File "/home/airflow/.local/lib/python3.6/site-packages/airflow/utils/email.py", line 62, in send_email
    **kwargs,
  File "/home/airflow/.local/lib/python3.6/site-packages/airflow/utils/email.py", line 97, in send_email_smtp
    send_mime_email(e_from=smtp_mail_from, e_to=recipients, mime_msg=msg, dryrun=dryrun)
  File "/home/airflow/.local/lib/python3.6/site-packages/airflow/utils/email.py", line 186, in send_mime_email
    conn = _get_smtp_connection(smtp_host, smtp_port, smtp_timeout, smtp_ssl)
  File "/home/airflow/.local/lib/python3.6/site-packages/airflow/utils/email.py", line 220, in _get_smtp_connection
    else smtplib.SMTP(host=host, port=port, timeout=timeout)
  File "/usr/local/lib/python3.6/smtplib.py", line 251, in __init__
    (code, msg) = self.connect(host, port)
  File "/usr/local/lib/python3.6/smtplib.py", line 336, in connect
    self.sock = self._get_socket(host, port, self.timeout)
  File "/usr/local/lib/python3.6/smtplib.py", line 307, in _get_socket
    self.source_address)
  File "/usr/local/lib/python3.6/socket.py", line 724, in create_connection
    raise err
  File "/usr/local/lib/python3.6/socket.py", line 713, in create_connection
    sock.connect(sa)
OSError: [Errno 99] Cannot assign requested address
[2021-04-07 10:56:44,859] {local_task_job.py:146} INFO - Task exited with return code 1
