[2021-04-07 00:50:01,122] {taskinstance.py:851} INFO - Dependencies all met for <TaskInstance: trata_relatorios.popula_relatorios 2021-04-07T00:00:00+00:00 [queued]>
[2021-04-07 00:50:01,185] {taskinstance.py:851} INFO - Dependencies all met for <TaskInstance: trata_relatorios.popula_relatorios 2021-04-07T00:00:00+00:00 [queued]>
[2021-04-07 00:50:01,186] {taskinstance.py:1042} INFO - 
--------------------------------------------------------------------------------
[2021-04-07 00:50:01,186] {taskinstance.py:1043} INFO - Starting attempt 1 of 1
[2021-04-07 00:50:01,187] {taskinstance.py:1044} INFO - 
--------------------------------------------------------------------------------
[2021-04-07 00:50:01,253] {taskinstance.py:1063} INFO - Executing <Task(PythonOperator): popula_relatorios> on 2021-04-07T00:00:00+00:00
[2021-04-07 00:50:01,258] {standard_task_runner.py:52} INFO - Started process 4233 to run task
[2021-04-07 00:50:01,272] {standard_task_runner.py:76} INFO - Running: ['airflow', 'tasks', 'run', 'trata_relatorios', 'popula_relatorios', '2021-04-07T00:00:00+00:00', '--job-id', '16', '--pool', 'default_pool', '--raw', '--subdir', 'DAGS_FOLDER/etl_chamados.py', '--cfg-path', '/tmp/tmpqde3o9vr', '--error-file', '/tmp/tmpn99vhpfd']
[2021-04-07 00:50:01,292] {standard_task_runner.py:77} INFO - Job 16: Subtask popula_relatorios
[2021-04-07 00:50:01,399] {logging_mixin.py:104} INFO - Running <TaskInstance: trata_relatorios.popula_relatorios 2021-04-07T00:00:00+00:00 [running]> on host ce03b876977a
[2021-04-07 00:50:01,487] {taskinstance.py:1257} INFO - Exporting the following env vars:
AIRFLOW_CTX_DAG_EMAIL=clecio.antao@gmail.com
AIRFLOW_CTX_DAG_OWNER=airflow
AIRFLOW_CTX_DAG_ID=trata_relatorios
AIRFLOW_CTX_TASK_ID=popula_relatorios
AIRFLOW_CTX_EXECUTION_DATE=2021-04-07T00:00:00+00:00
AIRFLOW_CTX_DAG_RUN_ID=scheduled__2021-04-07T00:00:00+00:00
[2021-04-07 00:50:11,519] {logging_mixin.py:104} INFO - Total de linhas:  5000
[2021-04-07 00:50:11,520] {logging_mixin.py:104} INFO - dGVjYmFu#c4b9838d529c5ba3f7b86c992c4babcd8efde5df
[2021-04-07 00:50:11,521] {logging_mixin.py:104} INFO - entrou no laço
[2021-04-07 00:50:11,522] {logging_mixin.py:104} INFO - Paginas:  100000
[2021-04-07 00:50:11,523] {logging_mixin.py:104} INFO - Contador:  1
[2021-04-07 00:50:11,527] {logging_mixin.py:104} INFO - Linhas:  0
[2021-04-07 00:50:11,528] {logging_mixin.py:104} INFO - Colunas:  33
[2021-04-07 00:51:02,425] {logging_mixin.py:104} INFO - entrou no laço
[2021-04-07 00:51:02,427] {logging_mixin.py:104} INFO - Paginas:  100000
[2021-04-07 00:51:02,429] {logging_mixin.py:104} INFO - Contador:  2
[2021-04-07 00:51:02,429] {logging_mixin.py:104} INFO - Linhas:  5000
[2021-04-07 00:51:02,430] {logging_mixin.py:104} INFO - Colunas:  33
[2021-04-07 00:51:47,193] {logging_mixin.py:104} INFO - entrou no laço
[2021-04-07 00:51:47,194] {logging_mixin.py:104} INFO - Paginas:  100000
[2021-04-07 00:51:47,194] {logging_mixin.py:104} INFO - Contador:  3
[2021-04-07 00:51:47,195] {logging_mixin.py:104} INFO - Linhas:  10000
[2021-04-07 00:51:47,195] {logging_mixin.py:104} INFO - Colunas:  33
[2021-04-07 00:52:30,098] {logging_mixin.py:104} INFO - entrou no laço
[2021-04-07 00:52:30,102] {logging_mixin.py:104} INFO - Paginas:  100000
[2021-04-07 00:52:30,103] {logging_mixin.py:104} INFO - Contador:  4
[2021-04-07 00:52:30,103] {logging_mixin.py:104} INFO - Linhas:  15000
[2021-04-07 00:52:30,103] {logging_mixin.py:104} INFO - Colunas:  33
[2021-04-07 00:53:05,237] {logging_mixin.py:104} INFO - entrou no laço
[2021-04-07 00:53:05,271] {logging_mixin.py:104} INFO - Paginas:  100000
[2021-04-07 00:53:05,277] {logging_mixin.py:104} INFO - Contador:  5
[2021-04-07 00:53:05,277] {logging_mixin.py:104} INFO - Linhas:  20000
[2021-04-07 00:53:05,277] {logging_mixin.py:104} INFO - Colunas:  33
[2021-04-07 00:53:41,093] {logging_mixin.py:104} INFO - entrou no laço
[2021-04-07 00:53:41,094] {logging_mixin.py:104} INFO - Paginas:  100000
[2021-04-07 00:53:41,094] {logging_mixin.py:104} INFO - Contador:  6
[2021-04-07 00:53:41,095] {logging_mixin.py:104} INFO - Linhas:  25000
[2021-04-07 00:53:41,095] {logging_mixin.py:104} INFO - Colunas:  33
[2021-04-07 00:54:14,073] {logging_mixin.py:104} INFO - entrou no laço
[2021-04-07 00:54:14,074] {logging_mixin.py:104} INFO - Paginas:  100000
[2021-04-07 00:54:14,074] {logging_mixin.py:104} INFO - Contador:  7
[2021-04-07 00:54:14,076] {logging_mixin.py:104} INFO - Linhas:  30000
[2021-04-07 00:54:14,077] {logging_mixin.py:104} INFO - Colunas:  33
[2021-04-07 00:54:53,587] {logging_mixin.py:104} INFO - entrou no laço
[2021-04-07 00:54:53,588] {logging_mixin.py:104} INFO - Paginas:  100000
[2021-04-07 00:54:53,589] {logging_mixin.py:104} INFO - Contador:  8
[2021-04-07 00:54:53,589] {logging_mixin.py:104} INFO - Linhas:  35000
[2021-04-07 00:54:53,590] {logging_mixin.py:104} INFO - Colunas:  33
[2021-04-07 00:55:25,699] {logging_mixin.py:104} INFO - entrou no laço
[2021-04-07 00:55:25,700] {logging_mixin.py:104} INFO - Paginas:  100000
[2021-04-07 00:55:25,700] {logging_mixin.py:104} INFO - Contador:  9
[2021-04-07 00:55:25,701] {logging_mixin.py:104} INFO - Linhas:  40000
[2021-04-07 00:55:25,701] {logging_mixin.py:104} INFO - Colunas:  33
[2021-04-07 00:56:06,791] {logging_mixin.py:104} INFO - entrou no laço
[2021-04-07 00:56:06,792] {logging_mixin.py:104} INFO - Paginas:  100000
[2021-04-07 00:56:06,793] {logging_mixin.py:104} INFO - Contador:  10
[2021-04-07 00:56:06,794] {logging_mixin.py:104} INFO - Linhas:  45000
[2021-04-07 00:56:06,794] {logging_mixin.py:104} INFO - Colunas:  33
[2021-04-07 00:56:38,529] {logging_mixin.py:104} INFO - entrou no laço
[2021-04-07 00:56:38,530] {logging_mixin.py:104} INFO - Paginas:  100000
[2021-04-07 00:56:38,531] {logging_mixin.py:104} INFO - Contador:  11
[2021-04-07 00:56:38,532] {logging_mixin.py:104} INFO - Linhas:  50000
[2021-04-07 00:56:38,532] {logging_mixin.py:104} INFO - Colunas:  33
[2021-04-07 00:57:10,038] {logging_mixin.py:104} INFO - entrou no laço
[2021-04-07 00:57:10,041] {logging_mixin.py:104} INFO - Paginas:  100000
[2021-04-07 00:57:10,042] {logging_mixin.py:104} INFO - Contador:  12
[2021-04-07 00:57:10,043] {logging_mixin.py:104} INFO - Linhas:  55000
[2021-04-07 00:57:10,045] {logging_mixin.py:104} INFO - Colunas:  33
[2021-04-07 00:57:44,222] {logging_mixin.py:104} INFO - entrou no laço
[2021-04-07 00:57:44,224] {logging_mixin.py:104} INFO - Paginas:  100000
[2021-04-07 00:57:44,224] {logging_mixin.py:104} INFO - Contador:  13
[2021-04-07 00:57:44,225] {logging_mixin.py:104} INFO - Linhas:  60000
[2021-04-07 00:57:44,226] {logging_mixin.py:104} INFO - Colunas:  33
[2021-04-07 00:58:19,725] {logging_mixin.py:104} INFO - entrou no laço
[2021-04-07 00:58:19,726] {logging_mixin.py:104} INFO - Paginas:  100000
[2021-04-07 00:58:19,726] {logging_mixin.py:104} INFO - Contador:  14
[2021-04-07 00:58:19,726] {logging_mixin.py:104} INFO - Linhas:  65000
[2021-04-07 00:58:19,727] {logging_mixin.py:104} INFO - Colunas:  33
[2021-04-07 00:58:53,137] {logging_mixin.py:104} INFO - entrou no laço
[2021-04-07 00:58:53,138] {logging_mixin.py:104} INFO - Paginas:  100000
[2021-04-07 00:58:53,138] {logging_mixin.py:104} INFO - Contador:  15
[2021-04-07 00:58:53,139] {logging_mixin.py:104} INFO - Linhas:  70000
[2021-04-07 00:58:53,140] {logging_mixin.py:104} INFO - Colunas:  33
[2021-04-07 00:59:27,451] {logging_mixin.py:104} INFO - entrou no laço
[2021-04-07 00:59:27,452] {logging_mixin.py:104} INFO - Paginas:  100000
[2021-04-07 00:59:27,453] {logging_mixin.py:104} INFO - Contador:  16
[2021-04-07 00:59:27,453] {logging_mixin.py:104} INFO - Linhas:  75000
[2021-04-07 00:59:27,453] {logging_mixin.py:104} INFO - Colunas:  33
[2021-04-07 00:59:59,286] {logging_mixin.py:104} INFO - entrou no laço
[2021-04-07 00:59:59,287] {logging_mixin.py:104} INFO - Paginas:  100000
[2021-04-07 00:59:59,287] {logging_mixin.py:104} INFO - Contador:  17
[2021-04-07 00:59:59,288] {logging_mixin.py:104} INFO - Linhas:  80000
[2021-04-07 00:59:59,288] {logging_mixin.py:104} INFO - Colunas:  33
[2021-04-07 01:00:31,513] {logging_mixin.py:104} INFO - entrou no laço
[2021-04-07 01:00:31,515] {logging_mixin.py:104} INFO - Paginas:  100000
[2021-04-07 01:00:31,515] {logging_mixin.py:104} INFO - Contador:  18
[2021-04-07 01:00:31,516] {logging_mixin.py:104} INFO - Linhas:  85000
[2021-04-07 01:00:31,516] {logging_mixin.py:104} INFO - Colunas:  33
[2021-04-07 01:01:11,874] {logging_mixin.py:104} INFO - entrou no laço
[2021-04-07 01:01:11,880] {logging_mixin.py:104} INFO - Paginas:  100000
[2021-04-07 01:01:11,881] {logging_mixin.py:104} INFO - Contador:  19
[2021-04-07 01:01:11,881] {logging_mixin.py:104} INFO - Linhas:  90000
[2021-04-07 01:01:11,886] {logging_mixin.py:104} INFO - Colunas:  33
[2021-04-07 01:01:59,698] {logging_mixin.py:104} INFO - entrou no laço
[2021-04-07 01:01:59,699] {logging_mixin.py:104} INFO - Paginas:  100000
[2021-04-07 01:01:59,700] {logging_mixin.py:104} INFO - Contador:  20
[2021-04-07 01:01:59,700] {logging_mixin.py:104} INFO - Linhas:  95000
[2021-04-07 01:01:59,703] {logging_mixin.py:104} INFO - Colunas:  33
[2021-04-07 01:02:43,301] {logging_mixin.py:104} INFO - entrou no laço
[2021-04-07 01:02:43,307] {logging_mixin.py:104} INFO - Paginas:  100000
[2021-04-07 01:02:43,308] {logging_mixin.py:104} INFO - Contador:  21
[2021-04-07 01:02:43,309] {logging_mixin.py:104} INFO - Linhas:  100000
[2021-04-07 01:02:43,309] {logging_mixin.py:104} INFO - Colunas:  33
[2021-04-07 01:03:20,505] {logging_mixin.py:104} INFO - entrou no laço
[2021-04-07 01:03:20,514] {logging_mixin.py:104} INFO - Paginas:  100000
[2021-04-07 01:03:20,515] {logging_mixin.py:104} INFO - Contador:  22
[2021-04-07 01:03:20,520] {logging_mixin.py:104} INFO - Linhas:  105000
[2021-04-07 01:03:20,521] {logging_mixin.py:104} INFO - Colunas:  33
[2021-04-07 01:03:59,787] {logging_mixin.py:104} INFO - entrou no laço
[2021-04-07 01:03:59,791] {logging_mixin.py:104} INFO - Paginas:  100000
[2021-04-07 01:03:59,795] {logging_mixin.py:104} INFO - Contador:  23
[2021-04-07 01:03:59,800] {logging_mixin.py:104} INFO - Linhas:  110000
[2021-04-07 01:03:59,801] {logging_mixin.py:104} INFO - Colunas:  33
[2021-04-07 01:04:42,565] {logging_mixin.py:104} INFO - entrou no laço
[2021-04-07 01:04:42,572] {logging_mixin.py:104} INFO - Paginas:  100000
[2021-04-07 01:04:42,572] {logging_mixin.py:104} INFO - Contador:  24
[2021-04-07 01:04:42,573] {logging_mixin.py:104} INFO - Linhas:  115000
[2021-04-07 01:04:42,573] {logging_mixin.py:104} INFO - Colunas:  33
[2021-04-07 01:05:26,889] {logging_mixin.py:104} INFO - entrou no laço
[2021-04-07 01:05:26,890] {logging_mixin.py:104} INFO - Paginas:  100000
[2021-04-07 01:05:26,891] {logging_mixin.py:104} INFO - Contador:  25
[2021-04-07 01:05:26,891] {logging_mixin.py:104} INFO - Linhas:  120000
[2021-04-07 01:05:26,892] {logging_mixin.py:104} INFO - Colunas:  33
[2021-04-07 01:06:09,519] {logging_mixin.py:104} INFO - entrou no laço
[2021-04-07 01:06:09,523] {logging_mixin.py:104} INFO - Paginas:  100000
[2021-04-07 01:06:09,526] {logging_mixin.py:104} INFO - Contador:  26
[2021-04-07 01:06:09,527] {logging_mixin.py:104} INFO - Linhas:  125000
[2021-04-07 01:06:09,532] {logging_mixin.py:104} INFO - Colunas:  33
[2021-04-07 01:06:56,655] {logging_mixin.py:104} INFO - entrou no laço
[2021-04-07 01:06:56,657] {logging_mixin.py:104} INFO - Paginas:  100000
[2021-04-07 01:06:56,659] {logging_mixin.py:104} INFO - Contador:  27
[2021-04-07 01:06:56,660] {logging_mixin.py:104} INFO - Linhas:  130000
[2021-04-07 01:06:56,660] {logging_mixin.py:104} INFO - Colunas:  33
[2021-04-07 01:07:40,744] {logging_mixin.py:104} INFO - entrou no laço
[2021-04-07 01:07:40,745] {logging_mixin.py:104} INFO - Paginas:  100000
[2021-04-07 01:07:40,745] {logging_mixin.py:104} INFO - Contador:  28
[2021-04-07 01:07:40,748] {logging_mixin.py:104} INFO - Linhas:  135000
[2021-04-07 01:07:40,751] {logging_mixin.py:104} INFO - Colunas:  33
[2021-04-07 01:08:21,725] {logging_mixin.py:104} INFO - entrou no laço
[2021-04-07 01:08:21,726] {logging_mixin.py:104} INFO - Paginas:  100000
[2021-04-07 01:08:21,726] {logging_mixin.py:104} INFO - Contador:  29
[2021-04-07 01:08:21,727] {logging_mixin.py:104} INFO - Linhas:  140000
[2021-04-07 01:08:21,730] {logging_mixin.py:104} INFO - Colunas:  33
[2021-04-07 01:09:05,162] {logging_mixin.py:104} INFO - entrou no laço
[2021-04-07 01:09:05,163] {logging_mixin.py:104} INFO - Paginas:  100000
[2021-04-07 01:09:05,163] {logging_mixin.py:104} INFO - Contador:  30
[2021-04-07 01:09:05,163] {logging_mixin.py:104} INFO - Linhas:  145000
[2021-04-07 01:09:05,164] {logging_mixin.py:104} INFO - Colunas:  33
[2021-04-07 01:09:47,153] {logging_mixin.py:104} INFO - entrou no laço
[2021-04-07 01:09:47,155] {logging_mixin.py:104} INFO - Paginas:  100000
[2021-04-07 01:09:47,155] {logging_mixin.py:104} INFO - Contador:  31
[2021-04-07 01:09:47,155] {logging_mixin.py:104} INFO - Linhas:  150000
[2021-04-07 01:09:47,156] {logging_mixin.py:104} INFO - Colunas:  33
[2021-04-07 01:10:30,434] {logging_mixin.py:104} INFO - entrou no laço
[2021-04-07 01:10:30,436] {logging_mixin.py:104} INFO - Paginas:  100000
[2021-04-07 01:10:30,436] {logging_mixin.py:104} INFO - Contador:  32
[2021-04-07 01:10:30,437] {logging_mixin.py:104} INFO - Linhas:  155000
[2021-04-07 01:10:30,437] {logging_mixin.py:104} INFO - Colunas:  33
[2021-04-07 01:11:12,894] {logging_mixin.py:104} INFO - entrou no laço
[2021-04-07 01:11:12,896] {logging_mixin.py:104} INFO - Paginas:  100000
[2021-04-07 01:11:12,898] {logging_mixin.py:104} INFO - Contador:  33
[2021-04-07 01:11:12,899] {logging_mixin.py:104} INFO - Linhas:  160000
[2021-04-07 01:11:12,899] {logging_mixin.py:104} INFO - Colunas:  33
[2021-04-07 01:11:55,097] {logging_mixin.py:104} INFO - entrou no laço
[2021-04-07 01:11:55,099] {logging_mixin.py:104} INFO - Paginas:  100000
[2021-04-07 01:11:55,100] {logging_mixin.py:104} INFO - Contador:  34
[2021-04-07 01:11:55,101] {logging_mixin.py:104} INFO - Linhas:  165000
[2021-04-07 01:11:55,104] {logging_mixin.py:104} INFO - Colunas:  33
[2021-04-07 01:12:37,250] {logging_mixin.py:104} INFO - entrou no laço
[2021-04-07 01:12:37,253] {logging_mixin.py:104} INFO - Paginas:  100000
[2021-04-07 01:12:37,254] {logging_mixin.py:104} INFO - Contador:  35
[2021-04-07 01:12:37,255] {logging_mixin.py:104} INFO - Linhas:  170000
[2021-04-07 01:12:37,255] {logging_mixin.py:104} INFO - Colunas:  33
[2021-04-07 01:13:21,297] {logging_mixin.py:104} INFO - entrou no laço
[2021-04-07 01:13:21,298] {logging_mixin.py:104} INFO - Paginas:  100000
[2021-04-07 01:13:21,299] {logging_mixin.py:104} INFO - Contador:  36
[2021-04-07 01:13:21,300] {logging_mixin.py:104} INFO - Linhas:  175000
[2021-04-07 01:13:21,301] {logging_mixin.py:104} INFO - Colunas:  33
[2021-04-07 01:14:05,265] {logging_mixin.py:104} INFO - entrou no laço
[2021-04-07 01:14:05,268] {logging_mixin.py:104} INFO - Paginas:  100000
[2021-04-07 01:14:05,272] {logging_mixin.py:104} INFO - Contador:  37
[2021-04-07 01:14:05,272] {logging_mixin.py:104} INFO - Linhas:  180000
[2021-04-07 01:14:05,272] {logging_mixin.py:104} INFO - Colunas:  33
[2021-04-07 01:14:56,233] {logging_mixin.py:104} INFO - entrou no laço
[2021-04-07 01:14:56,238] {logging_mixin.py:104} INFO - Paginas:  100000
[2021-04-07 01:14:56,239] {logging_mixin.py:104} INFO - Contador:  38
[2021-04-07 01:14:56,239] {logging_mixin.py:104} INFO - Linhas:  185000
[2021-04-07 01:14:56,240] {logging_mixin.py:104} INFO - Colunas:  33
[2021-04-07 01:15:42,957] {logging_mixin.py:104} INFO - entrou no laço
[2021-04-07 01:15:42,959] {logging_mixin.py:104} INFO - Paginas:  100000
[2021-04-07 01:15:42,959] {logging_mixin.py:104} INFO - Contador:  39
[2021-04-07 01:15:42,964] {logging_mixin.py:104} INFO - Linhas:  190000
[2021-04-07 01:15:42,967] {logging_mixin.py:104} INFO - Colunas:  33
[2021-04-07 01:16:31,327] {logging_mixin.py:104} INFO - entrou no laço
[2021-04-07 01:16:31,329] {logging_mixin.py:104} INFO - Paginas:  100000
[2021-04-07 01:16:31,329] {logging_mixin.py:104} INFO - Contador:  40
[2021-04-07 01:16:31,329] {logging_mixin.py:104} INFO - Linhas:  195000
[2021-04-07 01:16:31,330] {logging_mixin.py:104} INFO - Colunas:  33
[2021-04-07 01:17:15,270] {logging_mixin.py:104} INFO - entrou no laço
[2021-04-07 01:17:15,271] {logging_mixin.py:104} INFO - Paginas:  100000
[2021-04-07 01:17:15,273] {logging_mixin.py:104} INFO - Contador:  41
[2021-04-07 01:17:15,274] {logging_mixin.py:104} INFO - Linhas:  200000
[2021-04-07 01:17:15,274] {logging_mixin.py:104} INFO - Colunas:  33
[2021-04-07 01:18:00,957] {logging_mixin.py:104} INFO - entrou no laço
[2021-04-07 01:18:00,958] {logging_mixin.py:104} INFO - Paginas:  100000
[2021-04-07 01:18:00,958] {logging_mixin.py:104} INFO - Contador:  42
[2021-04-07 01:18:00,959] {logging_mixin.py:104} INFO - Linhas:  205000
[2021-04-07 01:18:00,960] {logging_mixin.py:104} INFO - Colunas:  33
[2021-04-07 01:18:49,795] {logging_mixin.py:104} INFO - entrou no laço
[2021-04-07 01:18:49,799] {logging_mixin.py:104} INFO - Paginas:  100000
[2021-04-07 01:18:49,800] {logging_mixin.py:104} INFO - Contador:  43
[2021-04-07 01:18:49,801] {logging_mixin.py:104} INFO - Linhas:  210000
[2021-04-07 01:18:49,804] {logging_mixin.py:104} INFO - Colunas:  33
[2021-04-07 01:19:35,780] {logging_mixin.py:104} INFO - entrou no laço
[2021-04-07 01:19:35,783] {logging_mixin.py:104} INFO - Paginas:  100000
[2021-04-07 01:19:35,783] {logging_mixin.py:104} INFO - Contador:  44
[2021-04-07 01:19:35,788] {logging_mixin.py:104} INFO - Linhas:  215000
[2021-04-07 01:19:35,789] {logging_mixin.py:104} INFO - Colunas:  33
[2021-04-07 01:20:22,037] {logging_mixin.py:104} INFO - entrou no laço
[2021-04-07 01:20:22,039] {logging_mixin.py:104} INFO - Paginas:  100000
[2021-04-07 01:20:22,039] {logging_mixin.py:104} INFO - Contador:  45
[2021-04-07 01:20:22,040] {logging_mixin.py:104} INFO - Linhas:  220000
[2021-04-07 01:20:22,041] {logging_mixin.py:104} INFO - Colunas:  33
[2021-04-07 01:21:08,397] {logging_mixin.py:104} INFO - entrou no laço
[2021-04-07 01:21:08,404] {logging_mixin.py:104} INFO - Paginas:  100000
[2021-04-07 01:21:08,405] {logging_mixin.py:104} INFO - Contador:  46
[2021-04-07 01:21:08,406] {logging_mixin.py:104} INFO - Linhas:  225000
[2021-04-07 01:21:08,408] {logging_mixin.py:104} INFO - Colunas:  33
[2021-04-07 01:21:57,945] {logging_mixin.py:104} INFO - entrou no laço
[2021-04-07 01:21:57,952] {logging_mixin.py:104} INFO - Paginas:  100000
[2021-04-07 01:21:57,955] {logging_mixin.py:104} INFO - Contador:  47
[2021-04-07 01:21:57,957] {logging_mixin.py:104} INFO - Linhas:  230000
[2021-04-07 01:21:57,958] {logging_mixin.py:104} INFO - Colunas:  33
[2021-04-07 01:22:48,976] {logging_mixin.py:104} INFO - entrou no laço
[2021-04-07 01:22:48,977] {logging_mixin.py:104} INFO - Paginas:  100000
[2021-04-07 01:22:48,979] {logging_mixin.py:104} INFO - Contador:  48
[2021-04-07 01:22:48,980] {logging_mixin.py:104} INFO - Linhas:  235000
[2021-04-07 01:22:48,983] {logging_mixin.py:104} INFO - Colunas:  33
[2021-04-07 01:23:47,311] {logging_mixin.py:104} INFO - entrou no laço
[2021-04-07 01:23:47,312] {logging_mixin.py:104} INFO - Paginas:  100000
[2021-04-07 01:23:47,313] {logging_mixin.py:104} INFO - Contador:  49
[2021-04-07 01:23:47,313] {logging_mixin.py:104} INFO - Linhas:  240000
[2021-04-07 01:23:47,313] {logging_mixin.py:104} INFO - Colunas:  33
[2021-04-07 01:24:40,102] {logging_mixin.py:104} INFO - entrou no laço
[2021-04-07 01:24:40,103] {logging_mixin.py:104} INFO - Paginas:  100000
[2021-04-07 01:24:40,104] {logging_mixin.py:104} INFO - Contador:  50
[2021-04-07 01:24:40,104] {logging_mixin.py:104} INFO - Linhas:  245000
[2021-04-07 01:24:40,115] {logging_mixin.py:104} INFO - Colunas:  33
[2021-04-07 01:25:26,205] {logging_mixin.py:104} INFO - entrou no laço
[2021-04-07 01:25:26,206] {logging_mixin.py:104} INFO - Paginas:  100000
[2021-04-07 01:25:26,206] {logging_mixin.py:104} INFO - Contador:  51
[2021-04-07 01:25:26,206] {logging_mixin.py:104} INFO - Linhas:  250000
[2021-04-07 01:25:26,207] {logging_mixin.py:104} INFO - Colunas:  33
[2021-04-07 01:26:14,574] {logging_mixin.py:104} INFO - entrou no laço
[2021-04-07 01:26:14,575] {logging_mixin.py:104} INFO - Paginas:  100000
[2021-04-07 01:26:14,576] {logging_mixin.py:104} INFO - Contador:  52
[2021-04-07 01:26:14,576] {logging_mixin.py:104} INFO - Linhas:  255000
[2021-04-07 01:26:14,576] {logging_mixin.py:104} INFO - Colunas:  33
[2021-04-07 01:27:00,277] {logging_mixin.py:104} INFO - entrou no laço
[2021-04-07 01:27:00,278] {logging_mixin.py:104} INFO - Paginas:  100000
[2021-04-07 01:27:00,279] {logging_mixin.py:104} INFO - Contador:  53
[2021-04-07 01:27:00,279] {logging_mixin.py:104} INFO - Linhas:  260000
[2021-04-07 01:27:00,280] {logging_mixin.py:104} INFO - Colunas:  33
[2021-04-07 01:27:48,889] {logging_mixin.py:104} INFO - entrou no laço
[2021-04-07 01:27:48,892] {logging_mixin.py:104} INFO - Paginas:  100000
[2021-04-07 01:27:48,896] {logging_mixin.py:104} INFO - Contador:  54
[2021-04-07 01:27:48,896] {logging_mixin.py:104} INFO - Linhas:  265000
[2021-04-07 01:27:48,896] {logging_mixin.py:104} INFO - Colunas:  33
[2021-04-07 01:28:40,389] {logging_mixin.py:104} INFO - entrou no laço
[2021-04-07 01:28:40,390] {logging_mixin.py:104} INFO - Paginas:  100000
[2021-04-07 01:28:40,390] {logging_mixin.py:104} INFO - Contador:  55
[2021-04-07 01:28:40,391] {logging_mixin.py:104} INFO - Linhas:  270000
[2021-04-07 01:28:40,391] {logging_mixin.py:104} INFO - Colunas:  33
[2021-04-07 01:29:30,097] {logging_mixin.py:104} INFO - entrou no laço
[2021-04-07 01:29:30,097] {logging_mixin.py:104} INFO - Paginas:  100000
[2021-04-07 01:29:30,097] {logging_mixin.py:104} INFO - Contador:  56
[2021-04-07 01:29:30,097] {logging_mixin.py:104} INFO - Linhas:  275000
[2021-04-07 01:29:30,097] {logging_mixin.py:104} INFO - Colunas:  33
[2021-04-07 01:30:18,405] {logging_mixin.py:104} INFO - entrou no laço
[2021-04-07 01:30:18,405] {logging_mixin.py:104} INFO - Paginas:  100000
[2021-04-07 01:30:18,405] {logging_mixin.py:104} INFO - Contador:  57
[2021-04-07 01:30:18,405] {logging_mixin.py:104} INFO - Linhas:  280000
[2021-04-07 01:30:18,405] {logging_mixin.py:104} INFO - Colunas:  33
[2021-04-07 01:31:05,570] {logging_mixin.py:104} INFO - entrou no laço
[2021-04-07 01:31:05,571] {logging_mixin.py:104} INFO - Paginas:  100000
[2021-04-07 01:31:05,572] {logging_mixin.py:104} INFO - Contador:  58
[2021-04-07 01:31:05,572] {logging_mixin.py:104} INFO - Linhas:  285000
[2021-04-07 01:31:05,573] {logging_mixin.py:104} INFO - Colunas:  33
[2021-04-07 01:31:52,272] {logging_mixin.py:104} INFO - entrou no laço
[2021-04-07 01:31:52,273] {logging_mixin.py:104} INFO - Paginas:  100000
[2021-04-07 01:31:52,274] {logging_mixin.py:104} INFO - Contador:  59
[2021-04-07 01:31:52,274] {logging_mixin.py:104} INFO - Linhas:  290000
[2021-04-07 01:31:52,274] {logging_mixin.py:104} INFO - Colunas:  33
[2021-04-07 01:32:38,257] {logging_mixin.py:104} INFO - entrou no laço
[2021-04-07 01:32:38,260] {logging_mixin.py:104} INFO - Paginas:  100000
[2021-04-07 01:32:38,265] {logging_mixin.py:104} INFO - Contador:  60
[2021-04-07 01:32:38,269] {logging_mixin.py:104} INFO - Linhas:  295000
[2021-04-07 01:32:38,269] {logging_mixin.py:104} INFO - Colunas:  33
[2021-04-07 01:33:26,169] {logging_mixin.py:104} INFO - entrou no laço
[2021-04-07 01:33:26,171] {logging_mixin.py:104} INFO - Paginas:  100000
[2021-04-07 01:33:26,171] {logging_mixin.py:104} INFO - Contador:  61
[2021-04-07 01:33:26,172] {logging_mixin.py:104} INFO - Linhas:  300000
[2021-04-07 01:33:26,172] {logging_mixin.py:104} INFO - Colunas:  33
[2021-04-07 01:34:13,013] {logging_mixin.py:104} INFO - entrou no laço
[2021-04-07 01:34:13,014] {logging_mixin.py:104} INFO - Paginas:  100000
[2021-04-07 01:34:13,015] {logging_mixin.py:104} INFO - Contador:  62
[2021-04-07 01:34:13,015] {logging_mixin.py:104} INFO - Linhas:  305000
[2021-04-07 01:34:13,016] {logging_mixin.py:104} INFO - Colunas:  33
[2021-04-07 01:35:01,902] {logging_mixin.py:104} INFO - entrou no laço
[2021-04-07 01:35:01,903] {logging_mixin.py:104} INFO - Paginas:  100000
[2021-04-07 01:35:01,903] {logging_mixin.py:104} INFO - Contador:  63
[2021-04-07 01:35:01,904] {logging_mixin.py:104} INFO - Linhas:  310000
[2021-04-07 01:35:01,905] {logging_mixin.py:104} INFO - Colunas:  33
[2021-04-07 01:35:52,411] {logging_mixin.py:104} INFO - entrou no laço
[2021-04-07 01:35:52,412] {logging_mixin.py:104} INFO - Paginas:  100000
[2021-04-07 01:35:52,417] {logging_mixin.py:104} INFO - Contador:  64
[2021-04-07 01:35:52,418] {logging_mixin.py:104} INFO - Linhas:  315000
[2021-04-07 01:35:52,419] {logging_mixin.py:104} INFO - Colunas:  33
[2021-04-07 01:36:46,571] {logging_mixin.py:104} INFO - entrou no laço
[2021-04-07 01:36:46,580] {logging_mixin.py:104} INFO - Paginas:  100000
[2021-04-07 01:36:46,584] {logging_mixin.py:104} INFO - Contador:  65
[2021-04-07 01:36:46,587] {logging_mixin.py:104} INFO - Linhas:  320000
[2021-04-07 01:36:46,588] {logging_mixin.py:104} INFO - Colunas:  33
[2021-04-07 01:37:39,429] {logging_mixin.py:104} INFO - entrou no laço
[2021-04-07 01:37:39,430] {logging_mixin.py:104} INFO - Paginas:  100000
[2021-04-07 01:37:39,430] {logging_mixin.py:104} INFO - Contador:  66
[2021-04-07 01:37:39,431] {logging_mixin.py:104} INFO - Linhas:  325000
[2021-04-07 01:37:39,431] {logging_mixin.py:104} INFO - Colunas:  33
[2021-04-07 01:38:35,860] {logging_mixin.py:104} INFO - entrou no laço
[2021-04-07 01:38:35,861] {logging_mixin.py:104} INFO - Paginas:  100000
[2021-04-07 01:38:35,862] {logging_mixin.py:104} INFO - Contador:  67
[2021-04-07 01:38:35,862] {logging_mixin.py:104} INFO - Linhas:  330000
[2021-04-07 01:38:35,865] {logging_mixin.py:104} INFO - Colunas:  33
[2021-04-07 01:39:29,441] {logging_mixin.py:104} INFO - entrou no laço
[2021-04-07 01:39:29,458] {logging_mixin.py:104} INFO - Paginas:  100000
[2021-04-07 01:39:29,459] {logging_mixin.py:104} INFO - Contador:  68
[2021-04-07 01:39:29,460] {logging_mixin.py:104} INFO - Linhas:  335000
[2021-04-07 01:39:29,464] {logging_mixin.py:104} INFO - Colunas:  33
[2021-04-07 01:40:23,468] {logging_mixin.py:104} INFO - entrou no laço
[2021-04-07 01:40:23,476] {logging_mixin.py:104} INFO - Paginas:  100000
[2021-04-07 01:40:23,479] {logging_mixin.py:104} INFO - Contador:  69
[2021-04-07 01:40:23,480] {logging_mixin.py:104} INFO - Linhas:  340000
[2021-04-07 01:40:23,480] {logging_mixin.py:104} INFO - Colunas:  33
[2021-04-07 01:41:25,560] {logging_mixin.py:104} INFO - entrou no laço
[2021-04-07 01:41:25,563] {logging_mixin.py:104} INFO - Paginas:  100000
[2021-04-07 01:41:25,571] {logging_mixin.py:104} INFO - Contador:  70
[2021-04-07 01:41:25,572] {logging_mixin.py:104} INFO - Linhas:  345000
[2021-04-07 01:41:25,575] {logging_mixin.py:104} INFO - Colunas:  33
[2021-04-07 01:42:22,693] {logging_mixin.py:104} INFO - entrou no laço
[2021-04-07 01:42:22,694] {logging_mixin.py:104} INFO - Paginas:  100000
[2021-04-07 01:42:22,695] {logging_mixin.py:104} INFO - Contador:  71
[2021-04-07 01:42:22,695] {logging_mixin.py:104} INFO - Linhas:  350000
[2021-04-07 01:42:22,696] {logging_mixin.py:104} INFO - Colunas:  33
[2021-04-07 01:43:20,354] {logging_mixin.py:104} INFO - entrou no laço
[2021-04-07 01:43:20,356] {logging_mixin.py:104} INFO - Paginas:  100000
[2021-04-07 01:43:20,357] {logging_mixin.py:104} INFO - Contador:  72
[2021-04-07 01:43:20,358] {logging_mixin.py:104} INFO - Linhas:  355000
[2021-04-07 01:43:20,358] {logging_mixin.py:104} INFO - Colunas:  33
[2021-04-07 01:44:09,038] {logging_mixin.py:104} INFO - entrou no laço
[2021-04-07 01:44:09,039] {logging_mixin.py:104} INFO - Paginas:  100000
[2021-04-07 01:44:09,040] {logging_mixin.py:104} INFO - Contador:  73
[2021-04-07 01:44:09,040] {logging_mixin.py:104} INFO - Linhas:  360000
[2021-04-07 01:44:09,040] {logging_mixin.py:104} INFO - Colunas:  33
[2021-04-07 01:44:30,345] {logging_mixin.py:104} INFO - entrou no laço
[2021-04-07 01:44:30,345] {logging_mixin.py:104} INFO - Paginas:  100000
[2021-04-07 01:44:30,346] {logging_mixin.py:104} INFO - Contador:  74
[2021-04-07 01:44:30,346] {logging_mixin.py:104} INFO - Linhas:  365000
[2021-04-07 01:44:30,346] {logging_mixin.py:104} INFO - Colunas:  4
[2021-04-07 01:44:47,918] {logging_mixin.py:104} INFO - entrou no laço
[2021-04-07 01:44:47,920] {logging_mixin.py:104} INFO - Paginas:  100000
[2021-04-07 01:44:47,921] {logging_mixin.py:104} INFO - Contador:  75
[2021-04-07 01:44:47,922] {logging_mixin.py:104} INFO - Linhas:  370000
[2021-04-07 01:44:47,923] {logging_mixin.py:104} INFO - Colunas:  4
[2021-04-07 01:45:08,552] {logging_mixin.py:104} INFO - entrou no laço
[2021-04-07 01:45:08,553] {logging_mixin.py:104} INFO - Paginas:  100000
[2021-04-07 01:45:08,554] {logging_mixin.py:104} INFO - Contador:  76
[2021-04-07 01:45:08,555] {logging_mixin.py:104} INFO - Linhas:  375000
[2021-04-07 01:45:08,556] {logging_mixin.py:104} INFO - Colunas:  4
[2021-04-07 01:45:26,301] {logging_mixin.py:104} INFO - entrou no laço
[2021-04-07 01:45:26,304] {logging_mixin.py:104} INFO - Paginas:  100000
[2021-04-07 01:45:26,305] {logging_mixin.py:104} INFO - Contador:  77
[2021-04-07 01:45:26,305] {logging_mixin.py:104} INFO - Linhas:  380000
[2021-04-07 01:45:26,305] {logging_mixin.py:104} INFO - Colunas:  4
[2021-04-07 01:45:43,798] {logging_mixin.py:104} INFO - entrou no laço
[2021-04-07 01:45:43,799] {logging_mixin.py:104} INFO - Paginas:  100000
[2021-04-07 01:45:43,799] {logging_mixin.py:104} INFO - Contador:  78
[2021-04-07 01:45:43,800] {logging_mixin.py:104} INFO - Linhas:  385000
[2021-04-07 01:45:43,800] {logging_mixin.py:104} INFO - Colunas:  4
[2021-04-07 01:46:03,839] {logging_mixin.py:104} INFO - entrou no laço
[2021-04-07 01:46:03,839] {logging_mixin.py:104} INFO - Paginas:  100000
[2021-04-07 01:46:03,839] {logging_mixin.py:104} INFO - Contador:  79
[2021-04-07 01:46:03,839] {logging_mixin.py:104} INFO - Linhas:  390000
[2021-04-07 01:46:03,839] {logging_mixin.py:104} INFO - Colunas:  4
[2021-04-07 01:46:23,504] {logging_mixin.py:104} INFO - entrou no laço
[2021-04-07 01:46:23,512] {logging_mixin.py:104} INFO - Paginas:  100000
[2021-04-07 01:46:23,513] {logging_mixin.py:104} INFO - Contador:  80
[2021-04-07 01:46:23,514] {logging_mixin.py:104} INFO - Linhas:  395000
[2021-04-07 01:46:23,514] {logging_mixin.py:104} INFO - Colunas:  4
[2021-04-07 01:46:41,499] {logging_mixin.py:104} INFO - entrou no laço
[2021-04-07 01:46:41,499] {logging_mixin.py:104} INFO - Paginas:  100000
[2021-04-07 01:46:41,500] {logging_mixin.py:104} INFO - Contador:  81
[2021-04-07 01:46:41,500] {logging_mixin.py:104} INFO - Linhas:  400000
[2021-04-07 01:46:41,501] {logging_mixin.py:104} INFO - Colunas:  4
[2021-04-07 01:46:59,432] {logging_mixin.py:104} INFO - entrou no laço
[2021-04-07 01:46:59,433] {logging_mixin.py:104} INFO - Paginas:  100000
[2021-04-07 01:46:59,433] {logging_mixin.py:104} INFO - Contador:  82
[2021-04-07 01:46:59,435] {logging_mixin.py:104} INFO - Linhas:  405000
[2021-04-07 01:46:59,435] {logging_mixin.py:104} INFO - Colunas:  4
[2021-04-07 01:47:16,584] {logging_mixin.py:104} INFO - entrou no laço
[2021-04-07 01:47:16,585] {logging_mixin.py:104} INFO - Paginas:  100000
[2021-04-07 01:47:16,585] {logging_mixin.py:104} INFO - Contador:  83
[2021-04-07 01:47:16,586] {logging_mixin.py:104} INFO - Linhas:  410000
[2021-04-07 01:47:16,586] {logging_mixin.py:104} INFO - Colunas:  4
[2021-04-07 01:47:33,775] {logging_mixin.py:104} INFO - entrou no laço
[2021-04-07 01:47:33,776] {logging_mixin.py:104} INFO - Paginas:  100000
[2021-04-07 01:47:33,777] {logging_mixin.py:104} INFO - Contador:  84
[2021-04-07 01:47:33,777] {logging_mixin.py:104} INFO - Linhas:  415000
[2021-04-07 01:47:33,778] {logging_mixin.py:104} INFO - Colunas:  4
[2021-04-07 01:47:51,484] {logging_mixin.py:104} INFO - entrou no laço
[2021-04-07 01:47:51,485] {logging_mixin.py:104} INFO - Paginas:  100000
[2021-04-07 01:47:51,516] {logging_mixin.py:104} INFO - Contador:  85
[2021-04-07 01:47:51,516] {logging_mixin.py:104} INFO - Linhas:  420000
[2021-04-07 01:47:51,527] {logging_mixin.py:104} INFO - Colunas:  4
[2021-04-07 01:48:15,918] {logging_mixin.py:104} INFO - entrou no laço
[2021-04-07 01:48:15,919] {logging_mixin.py:104} INFO - Paginas:  100000
[2021-04-07 01:48:15,921] {logging_mixin.py:104} INFO - Contador:  86
[2021-04-07 01:48:15,922] {logging_mixin.py:104} INFO - Linhas:  425000
[2021-04-07 01:48:15,922] {logging_mixin.py:104} INFO - Colunas:  4
[2021-04-07 01:48:34,495] {logging_mixin.py:104} INFO - entrou no laço
[2021-04-07 01:48:34,503] {logging_mixin.py:104} INFO - Paginas:  100000
[2021-04-07 01:48:34,504] {logging_mixin.py:104} INFO - Contador:  87
[2021-04-07 01:48:34,507] {logging_mixin.py:104} INFO - Linhas:  430000
[2021-04-07 01:48:34,508] {logging_mixin.py:104} INFO - Colunas:  4
[2021-04-07 01:48:51,128] {logging_mixin.py:104} INFO - entrou no laço
[2021-04-07 01:48:51,131] {logging_mixin.py:104} INFO - Paginas:  100000
[2021-04-07 01:48:51,132] {logging_mixin.py:104} INFO - Contador:  88
[2021-04-07 01:48:51,133] {logging_mixin.py:104} INFO - Linhas:  435000
[2021-04-07 01:48:51,133] {logging_mixin.py:104} INFO - Colunas:  4
[2021-04-07 01:49:13,213] {logging_mixin.py:104} INFO - entrou no laço
[2021-04-07 01:49:13,214] {logging_mixin.py:104} INFO - Paginas:  100000
[2021-04-07 01:49:13,214] {logging_mixin.py:104} INFO - Contador:  89
[2021-04-07 01:49:13,215] {logging_mixin.py:104} INFO - Linhas:  440000
[2021-04-07 01:49:13,215] {logging_mixin.py:104} INFO - Colunas:  4
[2021-04-07 01:49:31,108] {logging_mixin.py:104} INFO - entrou no laço
[2021-04-07 01:49:31,110] {logging_mixin.py:104} INFO - Paginas:  100000
[2021-04-07 01:49:31,112] {logging_mixin.py:104} INFO - Contador:  90
[2021-04-07 01:49:31,113] {logging_mixin.py:104} INFO - Linhas:  445000
[2021-04-07 01:49:31,113] {logging_mixin.py:104} INFO - Colunas:  4
[2021-04-07 01:49:49,029] {logging_mixin.py:104} INFO - entrou no laço
[2021-04-07 01:49:49,030] {logging_mixin.py:104} INFO - Paginas:  100000
[2021-04-07 01:49:49,030] {logging_mixin.py:104} INFO - Contador:  91
[2021-04-07 01:49:49,031] {logging_mixin.py:104} INFO - Linhas:  450000
[2021-04-07 01:49:49,031] {logging_mixin.py:104} INFO - Colunas:  4
[2021-04-07 01:50:08,504] {logging_mixin.py:104} INFO - entrou no laço
[2021-04-07 01:50:08,505] {logging_mixin.py:104} INFO - Paginas:  100000
[2021-04-07 01:50:08,505] {logging_mixin.py:104} INFO - Contador:  92
[2021-04-07 01:50:08,505] {logging_mixin.py:104} INFO - Linhas:  455000
[2021-04-07 01:50:08,506] {logging_mixin.py:104} INFO - Colunas:  4
[2021-04-07 01:50:26,353] {logging_mixin.py:104} INFO - entrou no laço
[2021-04-07 01:50:26,356] {logging_mixin.py:104} INFO - Paginas:  100000
[2021-04-07 01:50:26,357] {logging_mixin.py:104} INFO - Contador:  93
[2021-04-07 01:50:26,360] {logging_mixin.py:104} INFO - Linhas:  460000
[2021-04-07 01:50:26,360] {logging_mixin.py:104} INFO - Colunas:  4
[2021-04-07 01:50:42,616] {logging_mixin.py:104} INFO - entrou no laço
[2021-04-07 01:50:42,618] {logging_mixin.py:104} INFO - Paginas:  100000
[2021-04-07 01:50:42,619] {logging_mixin.py:104} INFO - Contador:  94
[2021-04-07 01:50:42,619] {logging_mixin.py:104} INFO - Linhas:  465000
[2021-04-07 01:50:42,619] {logging_mixin.py:104} INFO - Colunas:  4
[2021-04-07 01:50:59,600] {logging_mixin.py:104} INFO - entrou no laço
[2021-04-07 01:50:59,602] {logging_mixin.py:104} INFO - Paginas:  100000
[2021-04-07 01:50:59,602] {logging_mixin.py:104} INFO - Contador:  95
[2021-04-07 01:50:59,603] {logging_mixin.py:104} INFO - Linhas:  470000
[2021-04-07 01:50:59,604] {logging_mixin.py:104} INFO - Colunas:  4
[2021-04-07 01:51:15,475] {logging_mixin.py:104} INFO - entrou no laço
[2021-04-07 01:51:15,476] {logging_mixin.py:104} INFO - Paginas:  100000
[2021-04-07 01:51:15,477] {logging_mixin.py:104} INFO - Contador:  96
[2021-04-07 01:51:15,478] {logging_mixin.py:104} INFO - Linhas:  475000
[2021-04-07 01:51:15,478] {logging_mixin.py:104} INFO - Colunas:  4
[2021-04-07 01:51:31,551] {logging_mixin.py:104} INFO - entrou no laço
[2021-04-07 01:51:31,556] {logging_mixin.py:104} INFO - Paginas:  100000
[2021-04-07 01:51:31,557] {logging_mixin.py:104} INFO - Contador:  97
[2021-04-07 01:51:31,559] {logging_mixin.py:104} INFO - Linhas:  480000
[2021-04-07 01:51:31,559] {logging_mixin.py:104} INFO - Colunas:  4
[2021-04-07 01:51:48,857] {logging_mixin.py:104} INFO - entrou no laço
[2021-04-07 01:51:48,858] {logging_mixin.py:104} INFO - Paginas:  100000
[2021-04-07 01:51:48,859] {logging_mixin.py:104} INFO - Contador:  98
[2021-04-07 01:51:48,859] {logging_mixin.py:104} INFO - Linhas:  485000
[2021-04-07 01:51:48,859] {logging_mixin.py:104} INFO - Colunas:  4
[2021-04-07 01:52:05,815] {logging_mixin.py:104} INFO - entrou no laço
[2021-04-07 01:52:05,820] {logging_mixin.py:104} INFO - Paginas:  100000
[2021-04-07 01:52:05,821] {logging_mixin.py:104} INFO - Contador:  99
[2021-04-07 01:52:05,827] {logging_mixin.py:104} INFO - Linhas:  490000
[2021-04-07 01:52:05,828] {logging_mixin.py:104} INFO - Colunas:  4
[2021-04-07 01:52:20,628] {logging_mixin.py:104} INFO - entrou no laço
[2021-04-07 01:52:20,629] {logging_mixin.py:104} INFO - Paginas:  100000
[2021-04-07 01:52:20,630] {logging_mixin.py:104} INFO - Contador:  100
[2021-04-07 01:52:20,631] {logging_mixin.py:104} INFO - Linhas:  495000
[2021-04-07 01:52:20,632] {logging_mixin.py:104} INFO - Colunas:  4
[2021-04-07 01:52:36,487] {logging_mixin.py:104} INFO - entrou no laço
[2021-04-07 01:52:36,488] {logging_mixin.py:104} INFO - Paginas:  100000
[2021-04-07 01:52:36,489] {logging_mixin.py:104} INFO - Contador:  101
[2021-04-07 01:52:36,490] {logging_mixin.py:104} INFO - Linhas:  500000
[2021-04-07 01:52:36,490] {logging_mixin.py:104} INFO - Colunas:  4
[2021-04-07 01:52:55,361] {logging_mixin.py:104} INFO - entrou no laço
[2021-04-07 01:52:55,363] {logging_mixin.py:104} INFO - Paginas:  100000
[2021-04-07 01:52:55,366] {logging_mixin.py:104} INFO - Contador:  102
[2021-04-07 01:52:55,373] {logging_mixin.py:104} INFO - Linhas:  505000
[2021-04-07 01:52:55,375] {logging_mixin.py:104} INFO - Colunas:  4
[2021-04-07 01:53:11,030] {logging_mixin.py:104} INFO - entrou no laço
[2021-04-07 01:53:11,030] {logging_mixin.py:104} INFO - Paginas:  100000
[2021-04-07 01:53:11,030] {logging_mixin.py:104} INFO - Contador:  103
[2021-04-07 01:53:11,030] {logging_mixin.py:104} INFO - Linhas:  510000
[2021-04-07 01:53:11,044] {logging_mixin.py:104} INFO - Colunas:  4
[2021-04-07 01:53:27,728] {logging_mixin.py:104} INFO - entrou no laço
[2021-04-07 01:53:27,729] {logging_mixin.py:104} INFO - Paginas:  100000
[2021-04-07 01:53:27,729] {logging_mixin.py:104} INFO - Contador:  104
[2021-04-07 01:53:27,730] {logging_mixin.py:104} INFO - Linhas:  515000
[2021-04-07 01:53:27,731] {logging_mixin.py:104} INFO - Colunas:  4
[2021-04-07 01:53:49,674] {logging_mixin.py:104} INFO - entrou no laço
[2021-04-07 01:53:49,676] {logging_mixin.py:104} INFO - Paginas:  100000
[2021-04-07 01:53:49,680] {logging_mixin.py:104} INFO - Contador:  105
[2021-04-07 01:53:49,680] {logging_mixin.py:104} INFO - Linhas:  520000
[2021-04-07 01:53:49,681] {logging_mixin.py:104} INFO - Colunas:  4
[2021-04-07 01:54:05,205] {logging_mixin.py:104} INFO - entrou no laço
[2021-04-07 01:54:05,206] {logging_mixin.py:104} INFO - Paginas:  100000
[2021-04-07 01:54:05,206] {logging_mixin.py:104} INFO - Contador:  106
[2021-04-07 01:54:05,206] {logging_mixin.py:104} INFO - Linhas:  525000
[2021-04-07 01:54:05,206] {logging_mixin.py:104} INFO - Colunas:  4
[2021-04-07 01:54:21,066] {logging_mixin.py:104} INFO - entrou no laço
[2021-04-07 01:54:21,067] {logging_mixin.py:104} INFO - Paginas:  100000
[2021-04-07 01:54:21,068] {logging_mixin.py:104} INFO - Contador:  107
[2021-04-07 01:54:21,068] {logging_mixin.py:104} INFO - Linhas:  530000
[2021-04-07 01:54:21,069] {logging_mixin.py:104} INFO - Colunas:  4
[2021-04-07 01:54:39,864] {logging_mixin.py:104} INFO - entrou no laço
[2021-04-07 01:54:39,871] {logging_mixin.py:104} INFO - Paginas:  100000
[2021-04-07 01:54:39,873] {logging_mixin.py:104} INFO - Contador:  108
[2021-04-07 01:54:39,875] {logging_mixin.py:104} INFO - Linhas:  535000
[2021-04-07 01:54:39,877] {logging_mixin.py:104} INFO - Colunas:  4
[2021-04-07 01:54:54,402] {logging_mixin.py:104} INFO - entrou no laço
[2021-04-07 01:54:54,404] {logging_mixin.py:104} INFO - Paginas:  100000
[2021-04-07 01:54:54,406] {logging_mixin.py:104} INFO - Contador:  109
[2021-04-07 01:54:54,410] {logging_mixin.py:104} INFO - Linhas:  540000
[2021-04-07 01:54:54,411] {logging_mixin.py:104} INFO - Colunas:  4
[2021-04-07 01:55:11,925] {logging_mixin.py:104} INFO - entrou no laço
[2021-04-07 01:55:11,927] {logging_mixin.py:104} INFO - Paginas:  100000
[2021-04-07 01:55:11,927] {logging_mixin.py:104} INFO - Contador:  110
[2021-04-07 01:55:11,928] {logging_mixin.py:104} INFO - Linhas:  545000
[2021-04-07 01:55:11,929] {logging_mixin.py:104} INFO - Colunas:  4
[2021-04-07 01:55:29,752] {logging_mixin.py:104} INFO - entrou no laço
[2021-04-07 01:55:29,755] {logging_mixin.py:104} INFO - Paginas:  100000
[2021-04-07 01:55:29,756] {logging_mixin.py:104} INFO - Contador:  111
[2021-04-07 01:55:29,757] {logging_mixin.py:104} INFO - Linhas:  550000
[2021-04-07 01:55:29,757] {logging_mixin.py:104} INFO - Colunas:  4
[2021-04-07 01:55:48,452] {logging_mixin.py:104} INFO - entrou no laço
[2021-04-07 01:55:48,453] {logging_mixin.py:104} INFO - Paginas:  100000
[2021-04-07 01:55:48,455] {logging_mixin.py:104} INFO - Contador:  112
[2021-04-07 01:55:48,456] {logging_mixin.py:104} INFO - Linhas:  555000
[2021-04-07 01:55:48,456] {logging_mixin.py:104} INFO - Colunas:  4
[2021-04-07 01:56:05,728] {logging_mixin.py:104} INFO - entrou no laço
[2021-04-07 01:56:05,729] {logging_mixin.py:104} INFO - Paginas:  100000
[2021-04-07 01:56:05,729] {logging_mixin.py:104} INFO - Contador:  113
[2021-04-07 01:56:05,730] {logging_mixin.py:104} INFO - Linhas:  560000
[2021-04-07 01:56:05,730] {logging_mixin.py:104} INFO - Colunas:  4
[2021-04-07 01:56:24,546] {logging_mixin.py:104} INFO - entrou no laço
[2021-04-07 01:56:24,549] {logging_mixin.py:104} INFO - Paginas:  100000
[2021-04-07 01:56:24,550] {logging_mixin.py:104} INFO - Contador:  114
[2021-04-07 01:56:24,550] {logging_mixin.py:104} INFO - Linhas:  565000
[2021-04-07 01:56:24,550] {logging_mixin.py:104} INFO - Colunas:  4
[2021-04-07 01:56:42,552] {logging_mixin.py:104} INFO - entrou no laço
[2021-04-07 01:56:42,553] {logging_mixin.py:104} INFO - Paginas:  100000
[2021-04-07 01:56:42,554] {logging_mixin.py:104} INFO - Contador:  115
[2021-04-07 01:56:42,554] {logging_mixin.py:104} INFO - Linhas:  570000
[2021-04-07 01:56:42,555] {logging_mixin.py:104} INFO - Colunas:  4
[2021-04-07 01:57:00,708] {logging_mixin.py:104} INFO - entrou no laço
[2021-04-07 01:57:00,717] {logging_mixin.py:104} INFO - Paginas:  100000
[2021-04-07 01:57:00,720] {logging_mixin.py:104} INFO - Contador:  116
[2021-04-07 01:57:00,723] {logging_mixin.py:104} INFO - Linhas:  575000
[2021-04-07 01:57:00,723] {logging_mixin.py:104} INFO - Colunas:  4
[2021-04-07 01:57:17,330] {logging_mixin.py:104} INFO - entrou no laço
[2021-04-07 01:57:17,332] {logging_mixin.py:104} INFO - Paginas:  100000
[2021-04-07 01:57:17,332] {logging_mixin.py:104} INFO - Contador:  117
[2021-04-07 01:57:17,333] {logging_mixin.py:104} INFO - Linhas:  580000
[2021-04-07 01:57:17,333] {logging_mixin.py:104} INFO - Colunas:  4
[2021-04-07 01:57:35,311] {logging_mixin.py:104} INFO - entrou no laço
[2021-04-07 01:57:35,313] {logging_mixin.py:104} INFO - Paginas:  100000
[2021-04-07 01:57:35,315] {logging_mixin.py:104} INFO - Contador:  118
[2021-04-07 01:57:35,316] {logging_mixin.py:104} INFO - Linhas:  585000
[2021-04-07 01:57:35,316] {logging_mixin.py:104} INFO - Colunas:  4
[2021-04-07 01:57:52,516] {logging_mixin.py:104} INFO - entrou no laço
[2021-04-07 01:57:52,516] {logging_mixin.py:104} INFO - Paginas:  100000
[2021-04-07 01:57:52,517] {logging_mixin.py:104} INFO - Contador:  119
[2021-04-07 01:57:52,517] {logging_mixin.py:104} INFO - Linhas:  590000
[2021-04-07 01:57:52,517] {logging_mixin.py:104} INFO - Colunas:  4
[2021-04-07 01:58:10,417] {logging_mixin.py:104} INFO - entrou no laço
[2021-04-07 01:58:10,417] {logging_mixin.py:104} INFO - Paginas:  100000
[2021-04-07 01:58:10,418] {logging_mixin.py:104} INFO - Contador:  120
[2021-04-07 01:58:10,420] {logging_mixin.py:104} INFO - Linhas:  595000
[2021-04-07 01:58:10,421] {logging_mixin.py:104} INFO - Colunas:  4
[2021-04-07 01:58:26,883] {logging_mixin.py:104} INFO - entrou no laço
[2021-04-07 01:58:26,891] {logging_mixin.py:104} INFO - Paginas:  100000
[2021-04-07 01:58:26,892] {logging_mixin.py:104} INFO - Contador:  121
[2021-04-07 01:58:26,893] {logging_mixin.py:104} INFO - Linhas:  600000
[2021-04-07 01:58:26,894] {logging_mixin.py:104} INFO - Colunas:  4
[2021-04-07 01:58:44,122] {logging_mixin.py:104} INFO - entrou no laço
[2021-04-07 01:58:44,122] {logging_mixin.py:104} INFO - Paginas:  100000
[2021-04-07 01:58:44,123] {logging_mixin.py:104} INFO - Contador:  122
[2021-04-07 01:58:44,123] {logging_mixin.py:104} INFO - Linhas:  605000
[2021-04-07 01:58:44,124] {logging_mixin.py:104} INFO - Colunas:  4
[2021-04-07 01:59:01,944] {logging_mixin.py:104} INFO - entrou no laço
[2021-04-07 01:59:01,948] {logging_mixin.py:104} INFO - Paginas:  100000
[2021-04-07 01:59:01,948] {logging_mixin.py:104} INFO - Contador:  123
[2021-04-07 01:59:01,952] {logging_mixin.py:104} INFO - Linhas:  610000
[2021-04-07 01:59:01,953] {logging_mixin.py:104} INFO - Colunas:  4
[2021-04-07 01:59:19,611] {logging_mixin.py:104} INFO - entrou no laço
[2021-04-07 01:59:19,614] {logging_mixin.py:104} INFO - Paginas:  100000
[2021-04-07 01:59:19,615] {logging_mixin.py:104} INFO - Contador:  124
[2021-04-07 01:59:19,616] {logging_mixin.py:104} INFO - Linhas:  615000
[2021-04-07 01:59:19,616] {logging_mixin.py:104} INFO - Colunas:  4
[2021-04-07 01:59:35,558] {logging_mixin.py:104} INFO - entrou no laço
[2021-04-07 01:59:35,561] {logging_mixin.py:104} INFO - Paginas:  100000
[2021-04-07 01:59:35,561] {logging_mixin.py:104} INFO - Contador:  125
[2021-04-07 01:59:35,562] {logging_mixin.py:104} INFO - Linhas:  620000
[2021-04-07 01:59:35,562] {logging_mixin.py:104} INFO - Colunas:  4
[2021-04-07 01:59:54,263] {logging_mixin.py:104} INFO - entrou no laço
[2021-04-07 01:59:54,263] {logging_mixin.py:104} INFO - Paginas:  100000
[2021-04-07 01:59:54,264] {logging_mixin.py:104} INFO - Contador:  126
[2021-04-07 01:59:54,265] {logging_mixin.py:104} INFO - Linhas:  625000
[2021-04-07 01:59:54,267] {logging_mixin.py:104} INFO - Colunas:  4
[2021-04-07 02:00:10,550] {logging_mixin.py:104} INFO - entrou no laço
[2021-04-07 02:00:10,552] {logging_mixin.py:104} INFO - Paginas:  100000
[2021-04-07 02:00:10,553] {logging_mixin.py:104} INFO - Contador:  127
[2021-04-07 02:00:10,554] {logging_mixin.py:104} INFO - Linhas:  630000
[2021-04-07 02:00:10,554] {logging_mixin.py:104} INFO - Colunas:  4
[2021-04-07 02:00:33,959] {logging_mixin.py:104} INFO - entrou no laço
[2021-04-07 02:00:33,960] {logging_mixin.py:104} INFO - Paginas:  100000
[2021-04-07 02:00:33,963] {logging_mixin.py:104} INFO - Contador:  128
[2021-04-07 02:00:33,964] {logging_mixin.py:104} INFO - Linhas:  635000
[2021-04-07 02:00:33,965] {logging_mixin.py:104} INFO - Colunas:  4
[2021-04-07 02:00:51,559] {taskinstance.py:1455} ERROR - (pyodbc.ProgrammingError) ('42S01', "[42S01] [Microsoft][ODBC Driver 17 for SQL Server][SQL Server]There is already an object named 'total_geral' in the database. (2714) (SQLExecDirectW)")
[SQL: 
CREATE TABLE total_geral (
	[index] BIGINT NULL, 
	root FLOAT(53) NULL, 
	total VARCHAR(max) NULL, 
	[NomeRelatorio] VARCHAR(max) NULL, 
	[TipoRelatorio] VARCHAR(max) NULL
)

]
(Background on this error at: http://sqlalche.me/e/13/f405)
Traceback (most recent call last):
  File "/home/airflow/.local/lib/python3.6/site-packages/sqlalchemy/engine/base.py", line 1277, in _execute_context
    cursor, statement, parameters, context
  File "/home/airflow/.local/lib/python3.6/site-packages/sqlalchemy/engine/default.py", line 608, in do_execute
    cursor.execute(statement, parameters)
pyodbc.ProgrammingError: ('42S01', "[42S01] [Microsoft][ODBC Driver 17 for SQL Server][SQL Server]There is already an object named 'total_geral' in the database. (2714) (SQLExecDirectW)")

The above exception was the direct cause of the following exception:

Traceback (most recent call last):
  File "/home/airflow/.local/lib/python3.6/site-packages/airflow/models/taskinstance.py", line 1112, in _run_raw_task
    self._prepare_and_execute_task_with_callbacks(context, task)
  File "/home/airflow/.local/lib/python3.6/site-packages/airflow/models/taskinstance.py", line 1285, in _prepare_and_execute_task_with_callbacks
    result = self._execute_task(context, task_copy)
  File "/home/airflow/.local/lib/python3.6/site-packages/airflow/models/taskinstance.py", line 1315, in _execute_task
    result = task_copy.execute(context=context)
  File "/home/airflow/.local/lib/python3.6/site-packages/airflow/operators/python.py", line 117, in execute
    return_value = self.execute_callable()
  File "/home/airflow/.local/lib/python3.6/site-packages/airflow/operators/python.py", line 128, in execute_callable
    return self.python_callable(*self.op_args, **self.op_kwargs)
  File "/opt/airflow/dags/etl_chamados.py", line 117, in carrega_dados
    df.to_sql(name=tabela, con=engineorigem, if_exists='append', chunksize=cs)
  File "/home/airflow/.local/lib/python3.6/site-packages/pandas/core/generic.py", line 2615, in to_sql
    method=method,
  File "/home/airflow/.local/lib/python3.6/site-packages/pandas/io/sql.py", line 598, in to_sql
    method=method,
  File "/home/airflow/.local/lib/python3.6/site-packages/pandas/io/sql.py", line 1393, in to_sql
    table.create()
  File "/home/airflow/.local/lib/python3.6/site-packages/pandas/io/sql.py", line 732, in create
    self._execute_create()
  File "/home/airflow/.local/lib/python3.6/site-packages/pandas/io/sql.py", line 718, in _execute_create
    self.table.create()
  File "/home/airflow/.local/lib/python3.6/site-packages/sqlalchemy/sql/schema.py", line 928, in create
    bind._run_visitor(ddl.SchemaGenerator, self, checkfirst=checkfirst)
  File "/home/airflow/.local/lib/python3.6/site-packages/sqlalchemy/engine/base.py", line 2095, in _run_visitor
    conn._run_visitor(visitorcallable, element, **kwargs)
  File "/home/airflow/.local/lib/python3.6/site-packages/sqlalchemy/engine/base.py", line 1656, in _run_visitor
    visitorcallable(self.dialect, self, **kwargs).traverse_single(element)
  File "/home/airflow/.local/lib/python3.6/site-packages/sqlalchemy/sql/visitors.py", line 145, in traverse_single
    return meth(obj, **kw)
  File "/home/airflow/.local/lib/python3.6/site-packages/sqlalchemy/sql/ddl.py", line 832, in visit_table
    include_foreign_key_constraints,  # noqa
  File "/home/airflow/.local/lib/python3.6/site-packages/sqlalchemy/engine/base.py", line 1011, in execute
    return meth(self, multiparams, params)
  File "/home/airflow/.local/lib/python3.6/site-packages/sqlalchemy/sql/ddl.py", line 72, in _execute_on_connection
    return connection._execute_ddl(self, multiparams, params)
  File "/home/airflow/.local/lib/python3.6/site-packages/sqlalchemy/engine/base.py", line 1073, in _execute_ddl
    compiled,
  File "/home/airflow/.local/lib/python3.6/site-packages/sqlalchemy/engine/base.py", line 1317, in _execute_context
    e, statement, parameters, cursor, context
  File "/home/airflow/.local/lib/python3.6/site-packages/sqlalchemy/engine/base.py", line 1511, in _handle_dbapi_exception
    sqlalchemy_exception, with_traceback=exc_info[2], from_=e
  File "/home/airflow/.local/lib/python3.6/site-packages/sqlalchemy/util/compat.py", line 182, in raise_
    raise exception
  File "/home/airflow/.local/lib/python3.6/site-packages/sqlalchemy/engine/base.py", line 1277, in _execute_context
    cursor, statement, parameters, context
  File "/home/airflow/.local/lib/python3.6/site-packages/sqlalchemy/engine/default.py", line 608, in do_execute
    cursor.execute(statement, parameters)
sqlalchemy.exc.ProgrammingError: (pyodbc.ProgrammingError) ('42S01', "[42S01] [Microsoft][ODBC Driver 17 for SQL Server][SQL Server]There is already an object named 'total_geral' in the database. (2714) (SQLExecDirectW)")
[SQL: 
CREATE TABLE total_geral (
	[index] BIGINT NULL, 
	root FLOAT(53) NULL, 
	total VARCHAR(max) NULL, 
	[NomeRelatorio] VARCHAR(max) NULL, 
	[TipoRelatorio] VARCHAR(max) NULL
)

]
(Background on this error at: http://sqlalche.me/e/13/f405)
[2021-04-07 02:00:51,568] {taskinstance.py:1503} INFO - Marking task as FAILED. dag_id=trata_relatorios, task_id=popula_relatorios, execution_date=20210407T000000, start_date=20210407T005001, end_date=20210407T020051
[2021-04-07 02:00:51,588] {configuration.py:356} WARNING - section/key [smtp/smtp_user] not found in config
[2021-04-07 02:00:51,588] {email.py:184} INFO - Email alerting: attempt 1
[2021-04-07 02:00:51,590] {configuration.py:356} WARNING - section/key [smtp/smtp_user] not found in config
[2021-04-07 02:00:51,590] {email.py:184} INFO - Email alerting: attempt 1
[2021-04-07 02:00:51,594] {taskinstance.py:1509} ERROR - Failed to send email to: ['clecio.antao@gmail.com']
[2021-04-07 02:00:51,595] {taskinstance.py:1510} ERROR - [Errno 99] Cannot assign requested address
Traceback (most recent call last):
  File "/home/airflow/.local/lib/python3.6/site-packages/sqlalchemy/engine/base.py", line 1277, in _execute_context
    cursor, statement, parameters, context
  File "/home/airflow/.local/lib/python3.6/site-packages/sqlalchemy/engine/default.py", line 608, in do_execute
    cursor.execute(statement, parameters)
pyodbc.ProgrammingError: ('42S01', "[42S01] [Microsoft][ODBC Driver 17 for SQL Server][SQL Server]There is already an object named 'total_geral' in the database. (2714) (SQLExecDirectW)")

The above exception was the direct cause of the following exception:

Traceback (most recent call last):
  File "/home/airflow/.local/lib/python3.6/site-packages/airflow/models/taskinstance.py", line 1112, in _run_raw_task
    self._prepare_and_execute_task_with_callbacks(context, task)
  File "/home/airflow/.local/lib/python3.6/site-packages/airflow/models/taskinstance.py", line 1285, in _prepare_and_execute_task_with_callbacks
    result = self._execute_task(context, task_copy)
  File "/home/airflow/.local/lib/python3.6/site-packages/airflow/models/taskinstance.py", line 1315, in _execute_task
    result = task_copy.execute(context=context)
  File "/home/airflow/.local/lib/python3.6/site-packages/airflow/operators/python.py", line 117, in execute
    return_value = self.execute_callable()
  File "/home/airflow/.local/lib/python3.6/site-packages/airflow/operators/python.py", line 128, in execute_callable
    return self.python_callable(*self.op_args, **self.op_kwargs)
  File "/opt/airflow/dags/etl_chamados.py", line 117, in carrega_dados
    df.to_sql(name=tabela, con=engineorigem, if_exists='append', chunksize=cs)
  File "/home/airflow/.local/lib/python3.6/site-packages/pandas/core/generic.py", line 2615, in to_sql
    method=method,
  File "/home/airflow/.local/lib/python3.6/site-packages/pandas/io/sql.py", line 598, in to_sql
    method=method,
  File "/home/airflow/.local/lib/python3.6/site-packages/pandas/io/sql.py", line 1393, in to_sql
    table.create()
  File "/home/airflow/.local/lib/python3.6/site-packages/pandas/io/sql.py", line 732, in create
    self._execute_create()
  File "/home/airflow/.local/lib/python3.6/site-packages/pandas/io/sql.py", line 718, in _execute_create
    self.table.create()
  File "/home/airflow/.local/lib/python3.6/site-packages/sqlalchemy/sql/schema.py", line 928, in create
    bind._run_visitor(ddl.SchemaGenerator, self, checkfirst=checkfirst)
  File "/home/airflow/.local/lib/python3.6/site-packages/sqlalchemy/engine/base.py", line 2095, in _run_visitor
    conn._run_visitor(visitorcallable, element, **kwargs)
  File "/home/airflow/.local/lib/python3.6/site-packages/sqlalchemy/engine/base.py", line 1656, in _run_visitor
    visitorcallable(self.dialect, self, **kwargs).traverse_single(element)
  File "/home/airflow/.local/lib/python3.6/site-packages/sqlalchemy/sql/visitors.py", line 145, in traverse_single
    return meth(obj, **kw)
  File "/home/airflow/.local/lib/python3.6/site-packages/sqlalchemy/sql/ddl.py", line 832, in visit_table
    include_foreign_key_constraints,  # noqa
  File "/home/airflow/.local/lib/python3.6/site-packages/sqlalchemy/engine/base.py", line 1011, in execute
    return meth(self, multiparams, params)
  File "/home/airflow/.local/lib/python3.6/site-packages/sqlalchemy/sql/ddl.py", line 72, in _execute_on_connection
    return connection._execute_ddl(self, multiparams, params)
  File "/home/airflow/.local/lib/python3.6/site-packages/sqlalchemy/engine/base.py", line 1073, in _execute_ddl
    compiled,
  File "/home/airflow/.local/lib/python3.6/site-packages/sqlalchemy/engine/base.py", line 1317, in _execute_context
    e, statement, parameters, cursor, context
  File "/home/airflow/.local/lib/python3.6/site-packages/sqlalchemy/engine/base.py", line 1511, in _handle_dbapi_exception
    sqlalchemy_exception, with_traceback=exc_info[2], from_=e
  File "/home/airflow/.local/lib/python3.6/site-packages/sqlalchemy/util/compat.py", line 182, in raise_
    raise exception
  File "/home/airflow/.local/lib/python3.6/site-packages/sqlalchemy/engine/base.py", line 1277, in _execute_context
    cursor, statement, parameters, context
  File "/home/airflow/.local/lib/python3.6/site-packages/sqlalchemy/engine/default.py", line 608, in do_execute
    cursor.execute(statement, parameters)
sqlalchemy.exc.ProgrammingError: (pyodbc.ProgrammingError) ('42S01', "[42S01] [Microsoft][ODBC Driver 17 for SQL Server][SQL Server]There is already an object named 'total_geral' in the database. (2714) (SQLExecDirectW)")
[SQL: 
CREATE TABLE total_geral (
	[index] BIGINT NULL, 
	root FLOAT(53) NULL, 
	total VARCHAR(max) NULL, 
	[NomeRelatorio] VARCHAR(max) NULL, 
	[TipoRelatorio] VARCHAR(max) NULL
)

]
(Background on this error at: http://sqlalche.me/e/13/f405)

During handling of the above exception, another exception occurred:

Traceback (most recent call last):
  File "/home/airflow/.local/lib/python3.6/site-packages/airflow/models/taskinstance.py", line 1852, in email_alert
    send_email(self.task.email, subject, html_content)
  File "/home/airflow/.local/lib/python3.6/site-packages/airflow/utils/email.py", line 62, in send_email
    **kwargs,
  File "/home/airflow/.local/lib/python3.6/site-packages/airflow/utils/email.py", line 97, in send_email_smtp
    send_mime_email(e_from=smtp_mail_from, e_to=recipients, mime_msg=msg, dryrun=dryrun)
  File "/home/airflow/.local/lib/python3.6/site-packages/airflow/utils/email.py", line 186, in send_mime_email
    conn = _get_smtp_connection(smtp_host, smtp_port, smtp_timeout, smtp_ssl)
  File "/home/airflow/.local/lib/python3.6/site-packages/airflow/utils/email.py", line 220, in _get_smtp_connection
    else smtplib.SMTP(host=host, port=port, timeout=timeout)
  File "/usr/local/lib/python3.6/smtplib.py", line 251, in __init__
    (code, msg) = self.connect(host, port)
  File "/usr/local/lib/python3.6/smtplib.py", line 336, in connect
    self.sock = self._get_socket(host, port, self.timeout)
  File "/usr/local/lib/python3.6/smtplib.py", line 307, in _get_socket
    self.source_address)
  File "/usr/local/lib/python3.6/socket.py", line 724, in create_connection
    raise err
  File "/usr/local/lib/python3.6/socket.py", line 713, in create_connection
    sock.connect(sa)
OSError: [Errno 99] Cannot assign requested address

During handling of the above exception, another exception occurred:

Traceback (most recent call last):
  File "/home/airflow/.local/lib/python3.6/site-packages/airflow/models/taskinstance.py", line 1507, in handle_failure
    self.email_alert(error)
  File "/home/airflow/.local/lib/python3.6/site-packages/airflow/models/taskinstance.py", line 1854, in email_alert
    send_email(self.task.email, subject, html_content_err)
  File "/home/airflow/.local/lib/python3.6/site-packages/airflow/utils/email.py", line 62, in send_email
    **kwargs,
  File "/home/airflow/.local/lib/python3.6/site-packages/airflow/utils/email.py", line 97, in send_email_smtp
    send_mime_email(e_from=smtp_mail_from, e_to=recipients, mime_msg=msg, dryrun=dryrun)
  File "/home/airflow/.local/lib/python3.6/site-packages/airflow/utils/email.py", line 186, in send_mime_email
    conn = _get_smtp_connection(smtp_host, smtp_port, smtp_timeout, smtp_ssl)
  File "/home/airflow/.local/lib/python3.6/site-packages/airflow/utils/email.py", line 220, in _get_smtp_connection
    else smtplib.SMTP(host=host, port=port, timeout=timeout)
  File "/usr/local/lib/python3.6/smtplib.py", line 251, in __init__
    (code, msg) = self.connect(host, port)
  File "/usr/local/lib/python3.6/smtplib.py", line 336, in connect
    self.sock = self._get_socket(host, port, self.timeout)
  File "/usr/local/lib/python3.6/smtplib.py", line 307, in _get_socket
    self.source_address)
  File "/usr/local/lib/python3.6/socket.py", line 724, in create_connection
    raise err
  File "/usr/local/lib/python3.6/socket.py", line 713, in create_connection
    sock.connect(sa)
OSError: [Errno 99] Cannot assign requested address
[2021-04-07 02:00:51,665] {local_task_job.py:146} INFO - Task exited with return code 1
