[2021-04-07 09:35:39,837] {taskinstance.py:851} INFO - Dependencies all met for <TaskInstance: trata_relatorios.popula_relatorios 2021-04-07T03:00:00+00:00 [queued]>
[2021-04-07 09:35:40,328] {taskinstance.py:851} INFO - Dependencies all met for <TaskInstance: trata_relatorios.popula_relatorios 2021-04-07T03:00:00+00:00 [queued]>
[2021-04-07 09:35:40,357] {taskinstance.py:1042} INFO - 
--------------------------------------------------------------------------------
[2021-04-07 09:35:40,358] {taskinstance.py:1043} INFO - Starting attempt 1 of 1
[2021-04-07 09:35:40,358] {taskinstance.py:1044} INFO - 
--------------------------------------------------------------------------------
[2021-04-07 09:35:40,629] {taskinstance.py:1063} INFO - Executing <Task(PythonOperator): popula_relatorios> on 2021-04-07T03:00:00+00:00
[2021-04-07 09:35:40,803] {standard_task_runner.py:52} INFO - Started process 13424 to run task
[2021-04-07 09:35:40,832] {standard_task_runner.py:76} INFO - Running: ['airflow', 'tasks', 'run', 'trata_relatorios', 'popula_relatorios', '2021-04-07T03:00:00+00:00', '--job-id', '31', '--pool', 'default_pool', '--raw', '--subdir', 'DAGS_FOLDER/etl_chamados.py', '--cfg-path', '/tmp/tmpmv4jo0lm', '--error-file', '/tmp/tmpb2gutduo']
[2021-04-07 09:35:40,966] {standard_task_runner.py:77} INFO - Job 31: Subtask popula_relatorios
[2021-04-07 09:35:41,983] {logging_mixin.py:104} INFO - Running <TaskInstance: trata_relatorios.popula_relatorios 2021-04-07T03:00:00+00:00 [running]> on host ce03b876977a
[2021-04-07 09:35:43,089] {taskinstance.py:1257} INFO - Exporting the following env vars:
AIRFLOW_CTX_DAG_EMAIL=clecio.antao@gmail.com
AIRFLOW_CTX_DAG_OWNER=airflow
AIRFLOW_CTX_DAG_ID=trata_relatorios
AIRFLOW_CTX_TASK_ID=popula_relatorios
AIRFLOW_CTX_EXECUTION_DATE=2021-04-07T03:00:00+00:00
AIRFLOW_CTX_DAG_RUN_ID=scheduled__2021-04-07T03:00:00+00:00
[2021-04-07 09:36:01,701] {logging_mixin.py:104} INFO - Total de linhas:  5000
[2021-04-07 09:36:01,719] {logging_mixin.py:104} INFO - dGVjYmFu#21455b695e195ac2e2a3bf5a780d2414ccf4275b
[2021-04-07 09:36:01,721] {logging_mixin.py:104} INFO - entrou no laço
[2021-04-07 09:36:01,721] {logging_mixin.py:104} INFO - Paginas:  100000
[2021-04-07 09:36:01,721] {logging_mixin.py:104} INFO - Contador:  1
[2021-04-07 09:36:01,722] {logging_mixin.py:104} INFO - Linhas:  0
[2021-04-07 09:36:01,722] {logging_mixin.py:104} INFO - Colunas:  33
[2021-04-07 09:37:10,146] {logging_mixin.py:104} INFO - entrou no laço
[2021-04-07 09:37:10,194] {logging_mixin.py:104} INFO - Paginas:  100000
[2021-04-07 09:37:10,194] {logging_mixin.py:104} INFO - Contador:  2
[2021-04-07 09:37:10,194] {logging_mixin.py:104} INFO - Linhas:  5000
[2021-04-07 09:37:10,194] {logging_mixin.py:104} INFO - Colunas:  33
[2021-04-07 09:37:58,044] {logging_mixin.py:104} INFO - entrou no laço
[2021-04-07 09:37:58,045] {logging_mixin.py:104} INFO - Paginas:  100000
[2021-04-07 09:37:58,046] {logging_mixin.py:104} INFO - Contador:  3
[2021-04-07 09:37:58,047] {logging_mixin.py:104} INFO - Linhas:  10000
[2021-04-07 09:37:58,047] {logging_mixin.py:104} INFO - Colunas:  33
[2021-04-07 09:38:52,329] {logging_mixin.py:104} INFO - entrou no laço
[2021-04-07 09:38:52,331] {logging_mixin.py:104} INFO - Paginas:  100000
[2021-04-07 09:38:52,336] {logging_mixin.py:104} INFO - Contador:  4
[2021-04-07 09:38:52,338] {logging_mixin.py:104} INFO - Linhas:  15000
[2021-04-07 09:38:52,338] {logging_mixin.py:104} INFO - Colunas:  33
[2021-04-07 09:39:49,049] {logging_mixin.py:104} INFO - entrou no laço
[2021-04-07 09:39:49,052] {logging_mixin.py:104} INFO - Paginas:  100000
[2021-04-07 09:39:49,053] {logging_mixin.py:104} INFO - Contador:  5
[2021-04-07 09:39:49,053] {logging_mixin.py:104} INFO - Linhas:  20000
[2021-04-07 09:39:49,053] {logging_mixin.py:104} INFO - Colunas:  33
[2021-04-07 09:40:34,332] {logging_mixin.py:104} INFO - entrou no laço
[2021-04-07 09:40:34,334] {logging_mixin.py:104} INFO - Paginas:  100000
[2021-04-07 09:40:34,335] {logging_mixin.py:104} INFO - Contador:  6
[2021-04-07 09:40:34,335] {logging_mixin.py:104} INFO - Linhas:  25000
[2021-04-07 09:40:34,335] {logging_mixin.py:104} INFO - Colunas:  33
[2021-04-07 09:41:17,114] {logging_mixin.py:104} INFO - entrou no laço
[2021-04-07 09:41:17,120] {logging_mixin.py:104} INFO - Paginas:  100000
[2021-04-07 09:41:17,120] {logging_mixin.py:104} INFO - Contador:  7
[2021-04-07 09:41:17,121] {logging_mixin.py:104} INFO - Linhas:  30000
[2021-04-07 09:41:17,121] {logging_mixin.py:104} INFO - Colunas:  33
[2021-04-07 09:42:02,133] {logging_mixin.py:104} INFO - entrou no laço
[2021-04-07 09:42:02,137] {logging_mixin.py:104} INFO - Paginas:  100000
[2021-04-07 09:42:02,139] {logging_mixin.py:104} INFO - Contador:  8
[2021-04-07 09:42:02,139] {logging_mixin.py:104} INFO - Linhas:  35000
[2021-04-07 09:42:02,139] {logging_mixin.py:104} INFO - Colunas:  33
[2021-04-07 09:42:43,810] {logging_mixin.py:104} INFO - entrou no laço
[2021-04-07 09:42:43,820] {logging_mixin.py:104} INFO - Paginas:  100000
[2021-04-07 09:42:43,824] {logging_mixin.py:104} INFO - Contador:  9
[2021-04-07 09:42:43,828] {logging_mixin.py:104} INFO - Linhas:  40000
[2021-04-07 09:42:43,828] {logging_mixin.py:104} INFO - Colunas:  33
[2021-04-07 09:43:26,629] {logging_mixin.py:104} INFO - entrou no laço
[2021-04-07 09:43:26,648] {logging_mixin.py:104} INFO - Paginas:  100000
[2021-04-07 09:43:26,651] {logging_mixin.py:104} INFO - Contador:  10
[2021-04-07 09:43:26,651] {logging_mixin.py:104} INFO - Linhas:  45000
[2021-04-07 09:43:26,651] {logging_mixin.py:104} INFO - Colunas:  33
[2021-04-07 09:44:08,892] {logging_mixin.py:104} INFO - entrou no laço
[2021-04-07 09:44:08,892] {logging_mixin.py:104} INFO - Paginas:  100000
[2021-04-07 09:44:08,892] {logging_mixin.py:104} INFO - Contador:  11
[2021-04-07 09:44:08,892] {logging_mixin.py:104} INFO - Linhas:  50000
[2021-04-07 09:44:08,892] {logging_mixin.py:104} INFO - Colunas:  33
[2021-04-07 09:44:49,324] {logging_mixin.py:104} INFO - entrou no laço
[2021-04-07 09:44:49,328] {logging_mixin.py:104} INFO - Paginas:  100000
[2021-04-07 09:44:49,328] {logging_mixin.py:104} INFO - Contador:  12
[2021-04-07 09:44:49,328] {logging_mixin.py:104} INFO - Linhas:  55000
[2021-04-07 09:44:49,328] {logging_mixin.py:104} INFO - Colunas:  33
[2021-04-07 09:45:29,657] {logging_mixin.py:104} INFO - entrou no laço
[2021-04-07 09:45:29,684] {logging_mixin.py:104} INFO - Paginas:  100000
[2021-04-07 09:45:29,684] {logging_mixin.py:104} INFO - Contador:  13
[2021-04-07 09:45:29,685] {logging_mixin.py:104} INFO - Linhas:  60000
[2021-04-07 09:45:29,686] {logging_mixin.py:104} INFO - Colunas:  33
[2021-04-07 09:46:12,593] {logging_mixin.py:104} INFO - entrou no laço
[2021-04-07 09:46:12,611] {logging_mixin.py:104} INFO - Paginas:  100000
[2021-04-07 09:46:12,611] {logging_mixin.py:104} INFO - Contador:  14
[2021-04-07 09:46:12,612] {logging_mixin.py:104} INFO - Linhas:  65000
[2021-04-07 09:46:12,612] {logging_mixin.py:104} INFO - Colunas:  33
[2021-04-07 09:46:58,660] {logging_mixin.py:104} INFO - entrou no laço
[2021-04-07 09:46:58,664] {logging_mixin.py:104} INFO - Paginas:  100000
[2021-04-07 09:46:58,665] {logging_mixin.py:104} INFO - Contador:  15
[2021-04-07 09:46:58,666] {logging_mixin.py:104} INFO - Linhas:  70000
[2021-04-07 09:46:58,666] {logging_mixin.py:104} INFO - Colunas:  33
[2021-04-07 09:47:42,615] {logging_mixin.py:104} INFO - entrou no laço
[2021-04-07 09:47:42,624] {logging_mixin.py:104} INFO - Paginas:  100000
[2021-04-07 09:47:42,625] {logging_mixin.py:104} INFO - Contador:  16
[2021-04-07 09:47:42,626] {logging_mixin.py:104} INFO - Linhas:  75000
[2021-04-07 09:47:42,627] {logging_mixin.py:104} INFO - Colunas:  33
[2021-04-07 09:48:25,966] {logging_mixin.py:104} INFO - entrou no laço
[2021-04-07 09:48:25,969] {logging_mixin.py:104} INFO - Paginas:  100000
[2021-04-07 09:48:25,971] {logging_mixin.py:104} INFO - Contador:  17
[2021-04-07 09:48:25,972] {logging_mixin.py:104} INFO - Linhas:  80000
[2021-04-07 09:48:25,973] {logging_mixin.py:104} INFO - Colunas:  33
[2021-04-07 09:49:10,441] {logging_mixin.py:104} INFO - entrou no laço
[2021-04-07 09:49:10,453] {logging_mixin.py:104} INFO - Paginas:  100000
[2021-04-07 09:49:10,453] {logging_mixin.py:104} INFO - Contador:  18
[2021-04-07 09:49:10,453] {logging_mixin.py:104} INFO - Linhas:  85000
[2021-04-07 09:49:10,453] {logging_mixin.py:104} INFO - Colunas:  33
[2021-04-07 09:49:56,598] {logging_mixin.py:104} INFO - entrou no laço
[2021-04-07 09:49:56,605] {logging_mixin.py:104} INFO - Paginas:  100000
[2021-04-07 09:49:56,612] {logging_mixin.py:104} INFO - Contador:  19
[2021-04-07 09:49:56,614] {logging_mixin.py:104} INFO - Linhas:  90000
[2021-04-07 09:49:56,627] {logging_mixin.py:104} INFO - Colunas:  33
[2021-04-07 09:50:45,760] {logging_mixin.py:104} INFO - entrou no laço
[2021-04-07 09:50:45,762] {logging_mixin.py:104} INFO - Paginas:  100000
[2021-04-07 09:50:45,763] {logging_mixin.py:104} INFO - Contador:  20
[2021-04-07 09:50:45,764] {logging_mixin.py:104} INFO - Linhas:  95000
[2021-04-07 09:50:45,764] {logging_mixin.py:104} INFO - Colunas:  33
[2021-04-07 09:51:42,643] {logging_mixin.py:104} INFO - entrou no laço
[2021-04-07 09:51:42,651] {logging_mixin.py:104} INFO - Paginas:  100000
[2021-04-07 09:51:42,652] {logging_mixin.py:104} INFO - Contador:  21
[2021-04-07 09:51:42,652] {logging_mixin.py:104} INFO - Linhas:  100000
[2021-04-07 09:51:42,652] {logging_mixin.py:104} INFO - Colunas:  33
[2021-04-07 09:52:36,900] {logging_mixin.py:104} INFO - entrou no laço
[2021-04-07 09:52:36,909] {logging_mixin.py:104} INFO - Paginas:  100000
[2021-04-07 09:52:36,909] {logging_mixin.py:104} INFO - Contador:  22
[2021-04-07 09:52:36,909] {logging_mixin.py:104} INFO - Linhas:  105000
[2021-04-07 09:52:36,909] {logging_mixin.py:104} INFO - Colunas:  33
[2021-04-07 09:53:28,894] {logging_mixin.py:104} INFO - entrou no laço
[2021-04-07 09:53:28,896] {logging_mixin.py:104} INFO - Paginas:  100000
[2021-04-07 09:53:28,900] {logging_mixin.py:104} INFO - Contador:  23
[2021-04-07 09:53:28,901] {logging_mixin.py:104} INFO - Linhas:  110000
[2021-04-07 09:53:28,901] {logging_mixin.py:104} INFO - Colunas:  33
[2021-04-07 09:54:21,927] {logging_mixin.py:104} INFO - entrou no laço
[2021-04-07 09:54:21,933] {logging_mixin.py:104} INFO - Paginas:  100000
[2021-04-07 09:54:21,934] {logging_mixin.py:104} INFO - Contador:  24
[2021-04-07 09:54:21,934] {logging_mixin.py:104} INFO - Linhas:  115000
[2021-04-07 09:54:21,935] {logging_mixin.py:104} INFO - Colunas:  33
[2021-04-07 09:55:22,540] {logging_mixin.py:104} INFO - entrou no laço
[2021-04-07 09:55:22,558] {logging_mixin.py:104} INFO - Paginas:  100000
[2021-04-07 09:55:22,559] {logging_mixin.py:104} INFO - Contador:  25
[2021-04-07 09:55:22,559] {logging_mixin.py:104} INFO - Linhas:  120000
[2021-04-07 09:55:22,559] {logging_mixin.py:104} INFO - Colunas:  33
[2021-04-07 09:56:14,971] {logging_mixin.py:104} INFO - entrou no laço
[2021-04-07 09:56:14,985] {logging_mixin.py:104} INFO - Paginas:  100000
[2021-04-07 09:56:14,985] {logging_mixin.py:104} INFO - Contador:  26
[2021-04-07 09:56:14,985] {logging_mixin.py:104} INFO - Linhas:  125000
[2021-04-07 09:56:14,985] {logging_mixin.py:104} INFO - Colunas:  33
[2021-04-07 09:57:12,091] {logging_mixin.py:104} INFO - entrou no laço
[2021-04-07 09:57:12,096] {logging_mixin.py:104} INFO - Paginas:  100000
[2021-04-07 09:57:12,097] {logging_mixin.py:104} INFO - Contador:  27
[2021-04-07 09:57:12,097] {logging_mixin.py:104} INFO - Linhas:  130000
[2021-04-07 09:57:12,098] {logging_mixin.py:104} INFO - Colunas:  33
[2021-04-07 09:58:05,021] {logging_mixin.py:104} INFO - entrou no laço
[2021-04-07 09:58:05,022] {logging_mixin.py:104} INFO - Paginas:  100000
[2021-04-07 09:58:05,023] {logging_mixin.py:104} INFO - Contador:  28
[2021-04-07 09:58:05,024] {logging_mixin.py:104} INFO - Linhas:  135000
[2021-04-07 09:58:05,024] {logging_mixin.py:104} INFO - Colunas:  33
[2021-04-07 09:59:04,729] {logging_mixin.py:104} INFO - entrou no laço
[2021-04-07 09:59:04,733] {logging_mixin.py:104} INFO - Paginas:  100000
[2021-04-07 09:59:04,739] {logging_mixin.py:104} INFO - Contador:  29
[2021-04-07 09:59:04,740] {logging_mixin.py:104} INFO - Linhas:  140000
[2021-04-07 09:59:04,742] {logging_mixin.py:104} INFO - Colunas:  33
[2021-04-07 10:00:02,687] {logging_mixin.py:104} INFO - entrou no laço
[2021-04-07 10:00:02,688] {logging_mixin.py:104} INFO - Paginas:  100000
[2021-04-07 10:00:02,689] {logging_mixin.py:104} INFO - Contador:  30
[2021-04-07 10:00:02,691] {logging_mixin.py:104} INFO - Linhas:  145000
[2021-04-07 10:00:02,692] {logging_mixin.py:104} INFO - Colunas:  33
[2021-04-07 10:01:04,979] {logging_mixin.py:104} INFO - entrou no laço
[2021-04-07 10:01:04,990] {logging_mixin.py:104} INFO - Paginas:  100000
[2021-04-07 10:01:04,990] {logging_mixin.py:104} INFO - Contador:  31
[2021-04-07 10:01:04,990] {logging_mixin.py:104} INFO - Linhas:  150000
[2021-04-07 10:01:04,990] {logging_mixin.py:104} INFO - Colunas:  33
[2021-04-07 10:02:03,602] {logging_mixin.py:104} INFO - entrou no laço
[2021-04-07 10:02:03,610] {logging_mixin.py:104} INFO - Paginas:  100000
[2021-04-07 10:02:03,613] {logging_mixin.py:104} INFO - Contador:  32
[2021-04-07 10:02:03,617] {logging_mixin.py:104} INFO - Linhas:  155000
[2021-04-07 10:02:03,618] {logging_mixin.py:104} INFO - Colunas:  33
[2021-04-07 10:03:03,551] {logging_mixin.py:104} INFO - entrou no laço
[2021-04-07 10:03:03,562] {logging_mixin.py:104} INFO - Paginas:  100000
[2021-04-07 10:03:03,564] {logging_mixin.py:104} INFO - Contador:  33
[2021-04-07 10:03:03,564] {logging_mixin.py:104} INFO - Linhas:  160000
[2021-04-07 10:03:03,564] {logging_mixin.py:104} INFO - Colunas:  33
[2021-04-07 10:04:13,288] {logging_mixin.py:104} INFO - entrou no laço
[2021-04-07 10:04:13,298] {logging_mixin.py:104} INFO - Paginas:  100000
[2021-04-07 10:04:13,298] {logging_mixin.py:104} INFO - Contador:  34
[2021-04-07 10:04:13,298] {logging_mixin.py:104} INFO - Linhas:  165000
[2021-04-07 10:04:13,298] {logging_mixin.py:104} INFO - Colunas:  33
[2021-04-07 10:05:12,270] {logging_mixin.py:104} INFO - entrou no laço
[2021-04-07 10:05:12,272] {logging_mixin.py:104} INFO - Paginas:  100000
[2021-04-07 10:05:12,274] {logging_mixin.py:104} INFO - Contador:  35
[2021-04-07 10:05:12,274] {logging_mixin.py:104} INFO - Linhas:  170000
[2021-04-07 10:05:12,274] {logging_mixin.py:104} INFO - Colunas:  33
[2021-04-07 10:06:23,027] {logging_mixin.py:104} INFO - entrou no laço
[2021-04-07 10:06:23,038] {logging_mixin.py:104} INFO - Paginas:  100000
[2021-04-07 10:06:23,039] {logging_mixin.py:104} INFO - Contador:  36
[2021-04-07 10:06:23,039] {logging_mixin.py:104} INFO - Linhas:  175000
[2021-04-07 10:06:23,040] {logging_mixin.py:104} INFO - Colunas:  33
[2021-04-07 10:07:32,977] {logging_mixin.py:104} INFO - entrou no laço
[2021-04-07 10:07:32,986] {logging_mixin.py:104} INFO - Paginas:  100000
[2021-04-07 10:07:32,990] {logging_mixin.py:104} INFO - Contador:  37
[2021-04-07 10:07:33,000] {logging_mixin.py:104} INFO - Linhas:  180000
[2021-04-07 10:07:33,001] {logging_mixin.py:104} INFO - Colunas:  33
[2021-04-07 10:08:33,441] {logging_mixin.py:104} INFO - entrou no laço
[2021-04-07 10:08:33,457] {logging_mixin.py:104} INFO - Paginas:  100000
[2021-04-07 10:08:33,462] {logging_mixin.py:104} INFO - Contador:  38
[2021-04-07 10:08:33,463] {logging_mixin.py:104} INFO - Linhas:  185000
[2021-04-07 10:08:33,463] {logging_mixin.py:104} INFO - Colunas:  33
[2021-04-07 10:09:29,666] {logging_mixin.py:104} INFO - entrou no laço
[2021-04-07 10:09:29,681] {logging_mixin.py:104} INFO - Paginas:  100000
[2021-04-07 10:09:29,683] {logging_mixin.py:104} INFO - Contador:  39
[2021-04-07 10:09:29,683] {logging_mixin.py:104} INFO - Linhas:  190000
[2021-04-07 10:09:29,709] {logging_mixin.py:104} INFO - Colunas:  33
[2021-04-07 10:10:19,675] {logging_mixin.py:104} INFO - entrou no laço
[2021-04-07 10:10:19,687] {logging_mixin.py:104} INFO - Paginas:  100000
[2021-04-07 10:10:19,689] {logging_mixin.py:104} INFO - Contador:  40
[2021-04-07 10:10:19,689] {logging_mixin.py:104} INFO - Linhas:  195000
[2021-04-07 10:10:19,690] {logging_mixin.py:104} INFO - Colunas:  33
[2021-04-07 10:11:12,370] {logging_mixin.py:104} INFO - entrou no laço
[2021-04-07 10:11:12,371] {logging_mixin.py:104} INFO - Paginas:  100000
[2021-04-07 10:11:12,391] {logging_mixin.py:104} INFO - Contador:  41
[2021-04-07 10:11:12,392] {logging_mixin.py:104} INFO - Linhas:  200000
[2021-04-07 10:11:12,393] {logging_mixin.py:104} INFO - Colunas:  33
[2021-04-07 10:12:05,453] {logging_mixin.py:104} INFO - entrou no laço
[2021-04-07 10:12:05,475] {logging_mixin.py:104} INFO - Paginas:  100000
[2021-04-07 10:12:05,476] {logging_mixin.py:104} INFO - Contador:  42
[2021-04-07 10:12:05,477] {logging_mixin.py:104} INFO - Linhas:  205000
[2021-04-07 10:12:05,477] {logging_mixin.py:104} INFO - Colunas:  33
[2021-04-07 10:13:07,577] {logging_mixin.py:104} INFO - entrou no laço
[2021-04-07 10:13:07,589] {logging_mixin.py:104} INFO - Paginas:  100000
[2021-04-07 10:13:07,596] {logging_mixin.py:104} INFO - Contador:  43
[2021-04-07 10:13:07,597] {logging_mixin.py:104} INFO - Linhas:  210000
[2021-04-07 10:13:07,598] {logging_mixin.py:104} INFO - Colunas:  33
[2021-04-07 10:14:13,793] {logging_mixin.py:104} INFO - entrou no laço
[2021-04-07 10:14:13,843] {logging_mixin.py:104} INFO - Paginas:  100000
[2021-04-07 10:14:13,843] {logging_mixin.py:104} INFO - Contador:  44
[2021-04-07 10:14:13,843] {logging_mixin.py:104} INFO - Linhas:  215000
[2021-04-07 10:14:13,843] {logging_mixin.py:104} INFO - Colunas:  33
[2021-04-07 10:15:13,315] {logging_mixin.py:104} INFO - entrou no laço
[2021-04-07 10:15:13,346] {logging_mixin.py:104} INFO - Paginas:  100000
[2021-04-07 10:15:13,346] {logging_mixin.py:104} INFO - Contador:  45
[2021-04-07 10:15:13,346] {logging_mixin.py:104} INFO - Linhas:  220000
[2021-04-07 10:15:13,346] {logging_mixin.py:104} INFO - Colunas:  33
[2021-04-07 10:16:13,124] {logging_mixin.py:104} INFO - entrou no laço
[2021-04-07 10:16:13,141] {logging_mixin.py:104} INFO - Paginas:  100000
[2021-04-07 10:16:13,144] {logging_mixin.py:104} INFO - Contador:  46
[2021-04-07 10:16:13,146] {logging_mixin.py:104} INFO - Linhas:  225000
[2021-04-07 10:16:13,152] {logging_mixin.py:104} INFO - Colunas:  33
[2021-04-07 10:17:19,768] {logging_mixin.py:104} INFO - entrou no laço
[2021-04-07 10:17:19,795] {logging_mixin.py:104} INFO - Paginas:  100000
[2021-04-07 10:17:19,796] {logging_mixin.py:104} INFO - Contador:  47
[2021-04-07 10:17:19,799] {logging_mixin.py:104} INFO - Linhas:  230000
[2021-04-07 10:17:19,800] {logging_mixin.py:104} INFO - Colunas:  33
[2021-04-07 10:18:20,807] {logging_mixin.py:104} INFO - entrou no laço
[2021-04-07 10:18:20,810] {logging_mixin.py:104} INFO - Paginas:  100000
[2021-04-07 10:18:20,810] {logging_mixin.py:104} INFO - Contador:  48
[2021-04-07 10:18:20,810] {logging_mixin.py:104} INFO - Linhas:  235000
[2021-04-07 10:18:20,810] {logging_mixin.py:104} INFO - Colunas:  33
[2021-04-07 10:19:20,322] {logging_mixin.py:104} INFO - entrou no laço
[2021-04-07 10:19:20,323] {logging_mixin.py:104} INFO - Paginas:  100000
[2021-04-07 10:19:20,324] {logging_mixin.py:104} INFO - Contador:  49
[2021-04-07 10:19:20,325] {logging_mixin.py:104} INFO - Linhas:  240000
[2021-04-07 10:19:20,325] {logging_mixin.py:104} INFO - Colunas:  33
[2021-04-07 10:20:25,957] {logging_mixin.py:104} INFO - entrou no laço
[2021-04-07 10:20:25,968] {logging_mixin.py:104} INFO - Paginas:  100000
[2021-04-07 10:20:25,979] {logging_mixin.py:104} INFO - Contador:  50
[2021-04-07 10:20:25,980] {logging_mixin.py:104} INFO - Linhas:  245000
[2021-04-07 10:20:25,981] {logging_mixin.py:104} INFO - Colunas:  33
[2021-04-07 10:21:29,025] {logging_mixin.py:104} INFO - entrou no laço
[2021-04-07 10:21:29,031] {logging_mixin.py:104} INFO - Paginas:  100000
[2021-04-07 10:21:29,038] {logging_mixin.py:104} INFO - Contador:  51
[2021-04-07 10:21:29,039] {logging_mixin.py:104} INFO - Linhas:  250000
[2021-04-07 10:21:29,040] {logging_mixin.py:104} INFO - Colunas:  33
[2021-04-07 10:22:10,374] {logging_mixin.py:104} INFO - entrou no laço
[2021-04-07 10:22:10,420] {logging_mixin.py:104} INFO - Paginas:  100000
[2021-04-07 10:22:10,420] {logging_mixin.py:104} INFO - Contador:  52
[2021-04-07 10:22:10,420] {logging_mixin.py:104} INFO - Linhas:  255000
[2021-04-07 10:22:10,420] {logging_mixin.py:104} INFO - Colunas:  33
[2021-04-07 10:23:09,565] {logging_mixin.py:104} INFO - entrou no laço
[2021-04-07 10:23:09,571] {logging_mixin.py:104} INFO - Paginas:  100000
[2021-04-07 10:23:09,572] {logging_mixin.py:104} INFO - Contador:  53
[2021-04-07 10:23:09,573] {logging_mixin.py:104} INFO - Linhas:  260000
[2021-04-07 10:23:09,573] {logging_mixin.py:104} INFO - Colunas:  33
[2021-04-07 10:24:07,855] {logging_mixin.py:104} INFO - entrou no laço
[2021-04-07 10:24:07,855] {logging_mixin.py:104} INFO - Paginas:  100000
[2021-04-07 10:24:07,855] {logging_mixin.py:104} INFO - Contador:  54
[2021-04-07 10:24:07,855] {logging_mixin.py:104} INFO - Linhas:  265000
[2021-04-07 10:24:07,855] {logging_mixin.py:104} INFO - Colunas:  33
[2021-04-07 10:25:14,245] {logging_mixin.py:104} INFO - entrou no laço
[2021-04-07 10:25:14,253] {logging_mixin.py:104} INFO - Paginas:  100000
[2021-04-07 10:25:14,254] {logging_mixin.py:104} INFO - Contador:  55
[2021-04-07 10:25:14,262] {logging_mixin.py:104} INFO - Linhas:  270000
[2021-04-07 10:25:14,265] {logging_mixin.py:104} INFO - Colunas:  33
[2021-04-07 10:26:11,559] {logging_mixin.py:104} INFO - entrou no laço
[2021-04-07 10:26:11,573] {logging_mixin.py:104} INFO - Paginas:  100000
[2021-04-07 10:26:11,579] {logging_mixin.py:104} INFO - Contador:  56
[2021-04-07 10:26:11,579] {logging_mixin.py:104} INFO - Linhas:  275000
[2021-04-07 10:26:11,579] {logging_mixin.py:104} INFO - Colunas:  33
[2021-04-07 10:27:18,265] {logging_mixin.py:104} INFO - entrou no laço
[2021-04-07 10:27:18,281] {logging_mixin.py:104} INFO - Paginas:  100000
[2021-04-07 10:27:18,286] {logging_mixin.py:104} INFO - Contador:  57
[2021-04-07 10:27:18,287] {logging_mixin.py:104} INFO - Linhas:  280000
[2021-04-07 10:27:18,287] {logging_mixin.py:104} INFO - Colunas:  33
[2021-04-07 10:28:21,829] {logging_mixin.py:104} INFO - entrou no laço
[2021-04-07 10:28:21,833] {logging_mixin.py:104} INFO - Paginas:  100000
[2021-04-07 10:28:21,834] {logging_mixin.py:104} INFO - Contador:  58
[2021-04-07 10:28:21,834] {logging_mixin.py:104} INFO - Linhas:  285000
[2021-04-07 10:28:21,835] {logging_mixin.py:104} INFO - Colunas:  33
[2021-04-07 10:29:23,945] {logging_mixin.py:104} INFO - entrou no laço
[2021-04-07 10:29:23,968] {logging_mixin.py:104} INFO - Paginas:  100000
[2021-04-07 10:29:23,974] {logging_mixin.py:104} INFO - Contador:  59
[2021-04-07 10:29:23,974] {logging_mixin.py:104} INFO - Linhas:  290000
[2021-04-07 10:29:23,974] {logging_mixin.py:104} INFO - Colunas:  33
[2021-04-07 10:30:23,057] {logging_mixin.py:104} INFO - entrou no laço
[2021-04-07 10:30:23,059] {logging_mixin.py:104} INFO - Paginas:  100000
[2021-04-07 10:30:23,061] {logging_mixin.py:104} INFO - Contador:  60
[2021-04-07 10:30:23,062] {logging_mixin.py:104} INFO - Linhas:  295000
[2021-04-07 10:30:23,068] {logging_mixin.py:104} INFO - Colunas:  33
[2021-04-07 10:31:19,659] {logging_mixin.py:104} INFO - entrou no laço
[2021-04-07 10:31:19,672] {logging_mixin.py:104} INFO - Paginas:  100000
[2021-04-07 10:31:19,677] {logging_mixin.py:104} INFO - Contador:  61
[2021-04-07 10:31:19,678] {logging_mixin.py:104} INFO - Linhas:  300000
[2021-04-07 10:31:19,678] {logging_mixin.py:104} INFO - Colunas:  33
[2021-04-07 10:32:18,430] {logging_mixin.py:104} INFO - entrou no laço
[2021-04-07 10:32:18,444] {logging_mixin.py:104} INFO - Paginas:  100000
[2021-04-07 10:32:18,445] {logging_mixin.py:104} INFO - Contador:  62
[2021-04-07 10:32:18,445] {logging_mixin.py:104} INFO - Linhas:  305000
[2021-04-07 10:32:18,445] {logging_mixin.py:104} INFO - Colunas:  33
[2021-04-07 10:33:19,858] {logging_mixin.py:104} INFO - entrou no laço
[2021-04-07 10:33:19,875] {logging_mixin.py:104} INFO - Paginas:  100000
[2021-04-07 10:33:19,879] {logging_mixin.py:104} INFO - Contador:  63
[2021-04-07 10:33:19,883] {logging_mixin.py:104} INFO - Linhas:  310000
[2021-04-07 10:33:19,884] {logging_mixin.py:104} INFO - Colunas:  33
[2021-04-07 10:34:23,504] {logging_mixin.py:104} INFO - entrou no laço
[2021-04-07 10:34:23,511] {logging_mixin.py:104} INFO - Paginas:  100000
[2021-04-07 10:34:23,513] {logging_mixin.py:104} INFO - Contador:  64
[2021-04-07 10:34:23,514] {logging_mixin.py:104} INFO - Linhas:  315000
[2021-04-07 10:34:23,514] {logging_mixin.py:104} INFO - Colunas:  33
[2021-04-07 10:35:26,638] {logging_mixin.py:104} INFO - entrou no laço
[2021-04-07 10:35:26,657] {logging_mixin.py:104} INFO - Paginas:  100000
[2021-04-07 10:35:26,657] {logging_mixin.py:104} INFO - Contador:  65
[2021-04-07 10:35:26,657] {logging_mixin.py:104} INFO - Linhas:  320000
[2021-04-07 10:35:26,657] {logging_mixin.py:104} INFO - Colunas:  33
[2021-04-07 10:36:34,835] {logging_mixin.py:104} INFO - entrou no laço
[2021-04-07 10:36:34,864] {logging_mixin.py:104} INFO - Paginas:  100000
[2021-04-07 10:36:34,866] {logging_mixin.py:104} INFO - Contador:  66
[2021-04-07 10:36:34,867] {logging_mixin.py:104} INFO - Linhas:  325000
[2021-04-07 10:36:34,867] {logging_mixin.py:104} INFO - Colunas:  33
[2021-04-07 10:37:41,377] {logging_mixin.py:104} INFO - entrou no laço
[2021-04-07 10:37:41,393] {logging_mixin.py:104} INFO - Paginas:  100000
[2021-04-07 10:37:41,419] {logging_mixin.py:104} INFO - Contador:  67
[2021-04-07 10:37:41,420] {logging_mixin.py:104} INFO - Linhas:  330000
[2021-04-07 10:37:41,421] {logging_mixin.py:104} INFO - Colunas:  33
[2021-04-07 10:38:42,778] {logging_mixin.py:104} INFO - entrou no laço
[2021-04-07 10:38:42,796] {logging_mixin.py:104} INFO - Paginas:  100000
[2021-04-07 10:38:42,798] {logging_mixin.py:104} INFO - Contador:  68
[2021-04-07 10:38:42,798] {logging_mixin.py:104} INFO - Linhas:  335000
[2021-04-07 10:38:42,798] {logging_mixin.py:104} INFO - Colunas:  33
[2021-04-07 10:39:44,790] {logging_mixin.py:104} INFO - entrou no laço
[2021-04-07 10:39:44,822] {logging_mixin.py:104} INFO - Paginas:  100000
[2021-04-07 10:39:44,823] {logging_mixin.py:104} INFO - Contador:  69
[2021-04-07 10:39:44,826] {logging_mixin.py:104} INFO - Linhas:  340000
[2021-04-07 10:39:44,826] {logging_mixin.py:104} INFO - Colunas:  33
[2021-04-07 10:40:49,545] {logging_mixin.py:104} INFO - entrou no laço
[2021-04-07 10:40:49,551] {logging_mixin.py:104} INFO - Paginas:  100000
[2021-04-07 10:40:49,552] {logging_mixin.py:104} INFO - Contador:  70
[2021-04-07 10:40:49,552] {logging_mixin.py:104} INFO - Linhas:  345000
[2021-04-07 10:40:49,552] {logging_mixin.py:104} INFO - Colunas:  33
[2021-04-07 10:41:55,346] {logging_mixin.py:104} INFO - entrou no laço
[2021-04-07 10:41:55,351] {logging_mixin.py:104} INFO - Paginas:  100000
[2021-04-07 10:41:55,356] {logging_mixin.py:104} INFO - Contador:  71
[2021-04-07 10:41:55,356] {logging_mixin.py:104} INFO - Linhas:  350000
[2021-04-07 10:41:55,356] {logging_mixin.py:104} INFO - Colunas:  33
[2021-04-07 10:43:00,467] {logging_mixin.py:104} INFO - entrou no laço
[2021-04-07 10:43:00,471] {logging_mixin.py:104} INFO - Paginas:  100000
[2021-04-07 10:43:00,476] {logging_mixin.py:104} INFO - Contador:  72
[2021-04-07 10:43:00,477] {logging_mixin.py:104} INFO - Linhas:  355000
[2021-04-07 10:43:00,478] {logging_mixin.py:104} INFO - Colunas:  33
[2021-04-07 10:43:56,633] {logging_mixin.py:104} INFO - entrou no laço
[2021-04-07 10:43:56,642] {logging_mixin.py:104} INFO - Paginas:  100000
[2021-04-07 10:43:56,644] {logging_mixin.py:104} INFO - Contador:  73
[2021-04-07 10:43:56,644] {logging_mixin.py:104} INFO - Linhas:  360000
[2021-04-07 10:43:56,644] {logging_mixin.py:104} INFO - Colunas:  33
[2021-04-07 10:44:14,830] {logging_mixin.py:104} INFO - entrou no laço
[2021-04-07 10:44:14,840] {logging_mixin.py:104} INFO - Paginas:  100000
[2021-04-07 10:44:14,841] {logging_mixin.py:104} INFO - Contador:  74
[2021-04-07 10:44:14,841] {logging_mixin.py:104} INFO - Linhas:  365000
[2021-04-07 10:44:14,841] {logging_mixin.py:104} INFO - Colunas:  4
[2021-04-07 10:44:32,491] {logging_mixin.py:104} INFO - entrou no laço
[2021-04-07 10:44:32,492] {logging_mixin.py:104} INFO - Paginas:  100000
[2021-04-07 10:44:32,493] {logging_mixin.py:104} INFO - Contador:  75
[2021-04-07 10:44:32,493] {logging_mixin.py:104} INFO - Linhas:  370000
[2021-04-07 10:44:32,494] {logging_mixin.py:104} INFO - Colunas:  4
[2021-04-07 10:44:50,343] {logging_mixin.py:104} INFO - entrou no laço
[2021-04-07 10:44:50,345] {logging_mixin.py:104} INFO - Paginas:  100000
[2021-04-07 10:44:50,349] {logging_mixin.py:104} INFO - Contador:  76
[2021-04-07 10:44:50,351] {logging_mixin.py:104} INFO - Linhas:  375000
[2021-04-07 10:44:50,352] {logging_mixin.py:104} INFO - Colunas:  4
[2021-04-07 10:45:07,373] {logging_mixin.py:104} INFO - entrou no laço
[2021-04-07 10:45:07,378] {logging_mixin.py:104} INFO - Paginas:  100000
[2021-04-07 10:45:07,378] {logging_mixin.py:104} INFO - Contador:  77
[2021-04-07 10:45:07,378] {logging_mixin.py:104} INFO - Linhas:  380000
[2021-04-07 10:45:07,378] {logging_mixin.py:104} INFO - Colunas:  4
[2021-04-07 10:45:26,002] {logging_mixin.py:104} INFO - entrou no laço
[2021-04-07 10:45:26,003] {logging_mixin.py:104} INFO - Paginas:  100000
[2021-04-07 10:45:26,004] {logging_mixin.py:104} INFO - Contador:  78
[2021-04-07 10:45:26,004] {logging_mixin.py:104} INFO - Linhas:  385000
[2021-04-07 10:45:26,005] {logging_mixin.py:104} INFO - Colunas:  4
[2021-04-07 10:45:43,169] {logging_mixin.py:104} INFO - entrou no laço
[2021-04-07 10:45:43,180] {logging_mixin.py:104} INFO - Paginas:  100000
[2021-04-07 10:45:43,185] {logging_mixin.py:104} INFO - Contador:  79
[2021-04-07 10:45:43,185] {logging_mixin.py:104} INFO - Linhas:  390000
[2021-04-07 10:45:43,185] {logging_mixin.py:104} INFO - Colunas:  4
[2021-04-07 10:46:02,137] {logging_mixin.py:104} INFO - entrou no laço
[2021-04-07 10:46:02,139] {logging_mixin.py:104} INFO - Paginas:  100000
[2021-04-07 10:46:02,140] {logging_mixin.py:104} INFO - Contador:  80
[2021-04-07 10:46:02,140] {logging_mixin.py:104} INFO - Linhas:  395000
[2021-04-07 10:46:02,140] {logging_mixin.py:104} INFO - Colunas:  4
[2021-04-07 10:46:23,521] {logging_mixin.py:104} INFO - entrou no laço
[2021-04-07 10:46:23,524] {logging_mixin.py:104} INFO - Paginas:  100000
[2021-04-07 10:46:23,527] {logging_mixin.py:104} INFO - Contador:  81
[2021-04-07 10:46:23,527] {logging_mixin.py:104} INFO - Linhas:  400000
[2021-04-07 10:46:23,533] {logging_mixin.py:104} INFO - Colunas:  4
[2021-04-07 10:46:41,000] {logging_mixin.py:104} INFO - entrou no laço
[2021-04-07 10:46:41,002] {logging_mixin.py:104} INFO - Paginas:  100000
[2021-04-07 10:46:41,002] {logging_mixin.py:104} INFO - Contador:  82
[2021-04-07 10:46:41,003] {logging_mixin.py:104} INFO - Linhas:  405000
[2021-04-07 10:46:41,007] {logging_mixin.py:104} INFO - Colunas:  4
[2021-04-07 10:47:01,243] {logging_mixin.py:104} INFO - entrou no laço
[2021-04-07 10:47:01,252] {logging_mixin.py:104} INFO - Paginas:  100000
[2021-04-07 10:47:01,253] {logging_mixin.py:104} INFO - Contador:  83
[2021-04-07 10:47:01,254] {logging_mixin.py:104} INFO - Linhas:  410000
[2021-04-07 10:47:01,254] {logging_mixin.py:104} INFO - Colunas:  4
[2021-04-07 10:47:21,623] {logging_mixin.py:104} INFO - entrou no laço
[2021-04-07 10:47:21,624] {logging_mixin.py:104} INFO - Paginas:  100000
[2021-04-07 10:47:21,625] {logging_mixin.py:104} INFO - Contador:  84
[2021-04-07 10:47:21,626] {logging_mixin.py:104} INFO - Linhas:  415000
[2021-04-07 10:47:21,626] {logging_mixin.py:104} INFO - Colunas:  4
[2021-04-07 10:47:46,924] {logging_mixin.py:104} INFO - entrou no laço
[2021-04-07 10:47:46,928] {logging_mixin.py:104} INFO - Paginas:  100000
[2021-04-07 10:47:46,929] {logging_mixin.py:104} INFO - Contador:  85
[2021-04-07 10:47:46,929] {logging_mixin.py:104} INFO - Linhas:  420000
[2021-04-07 10:47:46,929] {logging_mixin.py:104} INFO - Colunas:  4
[2021-04-07 10:48:03,403] {logging_mixin.py:104} INFO - entrou no laço
[2021-04-07 10:48:03,404] {logging_mixin.py:104} INFO - Paginas:  100000
[2021-04-07 10:48:03,409] {logging_mixin.py:104} INFO - Contador:  86
[2021-04-07 10:48:03,409] {logging_mixin.py:104} INFO - Linhas:  425000
[2021-04-07 10:48:03,409] {logging_mixin.py:104} INFO - Colunas:  4
[2021-04-07 10:48:20,850] {logging_mixin.py:104} INFO - entrou no laço
[2021-04-07 10:48:20,851] {logging_mixin.py:104} INFO - Paginas:  100000
[2021-04-07 10:48:20,853] {logging_mixin.py:104} INFO - Contador:  87
[2021-04-07 10:48:20,857] {logging_mixin.py:104} INFO - Linhas:  430000
[2021-04-07 10:48:20,859] {logging_mixin.py:104} INFO - Colunas:  4
[2021-04-07 10:48:39,033] {logging_mixin.py:104} INFO - entrou no laço
[2021-04-07 10:48:39,035] {logging_mixin.py:104} INFO - Paginas:  100000
[2021-04-07 10:48:39,036] {logging_mixin.py:104} INFO - Contador:  88
[2021-04-07 10:48:39,036] {logging_mixin.py:104} INFO - Linhas:  435000
[2021-04-07 10:48:39,036] {logging_mixin.py:104} INFO - Colunas:  4
[2021-04-07 10:48:56,885] {logging_mixin.py:104} INFO - entrou no laço
[2021-04-07 10:48:56,886] {logging_mixin.py:104} INFO - Paginas:  100000
[2021-04-07 10:48:56,889] {logging_mixin.py:104} INFO - Contador:  89
[2021-04-07 10:48:56,898] {logging_mixin.py:104} INFO - Linhas:  440000
[2021-04-07 10:48:56,900] {logging_mixin.py:104} INFO - Colunas:  4
[2021-04-07 10:49:18,900] {logging_mixin.py:104} INFO - entrou no laço
[2021-04-07 10:49:18,907] {logging_mixin.py:104} INFO - Paginas:  100000
[2021-04-07 10:49:18,912] {logging_mixin.py:104} INFO - Contador:  90
[2021-04-07 10:49:18,914] {logging_mixin.py:104} INFO - Linhas:  445000
[2021-04-07 10:49:18,914] {logging_mixin.py:104} INFO - Colunas:  4
[2021-04-07 10:49:35,930] {logging_mixin.py:104} INFO - entrou no laço
[2021-04-07 10:49:35,941] {logging_mixin.py:104} INFO - Paginas:  100000
[2021-04-07 10:49:35,946] {logging_mixin.py:104} INFO - Contador:  91
[2021-04-07 10:49:35,951] {logging_mixin.py:104} INFO - Linhas:  450000
[2021-04-07 10:49:35,954] {logging_mixin.py:104} INFO - Colunas:  4
[2021-04-07 10:49:53,362] {logging_mixin.py:104} INFO - entrou no laço
[2021-04-07 10:49:53,363] {logging_mixin.py:104} INFO - Paginas:  100000
[2021-04-07 10:49:53,364] {logging_mixin.py:104} INFO - Contador:  92
[2021-04-07 10:49:53,365] {logging_mixin.py:104} INFO - Linhas:  455000
[2021-04-07 10:49:53,365] {logging_mixin.py:104} INFO - Colunas:  4
[2021-04-07 10:50:16,405] {logging_mixin.py:104} INFO - entrou no laço
[2021-04-07 10:50:16,417] {logging_mixin.py:104} INFO - Paginas:  100000
[2021-04-07 10:50:16,424] {logging_mixin.py:104} INFO - Contador:  93
[2021-04-07 10:50:16,426] {logging_mixin.py:104} INFO - Linhas:  460000
[2021-04-07 10:50:16,427] {logging_mixin.py:104} INFO - Colunas:  4
[2021-04-07 10:50:35,973] {logging_mixin.py:104} INFO - entrou no laço
[2021-04-07 10:50:35,974] {logging_mixin.py:104} INFO - Paginas:  100000
[2021-04-07 10:50:35,975] {logging_mixin.py:104} INFO - Contador:  94
[2021-04-07 10:50:35,975] {logging_mixin.py:104} INFO - Linhas:  465000
[2021-04-07 10:50:35,975] {logging_mixin.py:104} INFO - Colunas:  4
[2021-04-07 10:50:56,132] {logging_mixin.py:104} INFO - entrou no laço
[2021-04-07 10:50:56,147] {logging_mixin.py:104} INFO - Paginas:  100000
[2021-04-07 10:50:56,152] {logging_mixin.py:104} INFO - Contador:  95
[2021-04-07 10:50:56,155] {logging_mixin.py:104} INFO - Linhas:  470000
[2021-04-07 10:50:56,156] {logging_mixin.py:104} INFO - Colunas:  4
[2021-04-07 10:51:13,898] {logging_mixin.py:104} INFO - entrou no laço
[2021-04-07 10:51:13,900] {logging_mixin.py:104} INFO - Paginas:  100000
[2021-04-07 10:51:13,904] {logging_mixin.py:104} INFO - Contador:  96
[2021-04-07 10:51:13,904] {logging_mixin.py:104} INFO - Linhas:  475000
[2021-04-07 10:51:13,904] {logging_mixin.py:104} INFO - Colunas:  4
[2021-04-07 10:51:37,468] {logging_mixin.py:104} INFO - entrou no laço
[2021-04-07 10:51:37,471] {logging_mixin.py:104} INFO - Paginas:  100000
[2021-04-07 10:51:37,473] {logging_mixin.py:104} INFO - Contador:  97
[2021-04-07 10:51:37,473] {logging_mixin.py:104} INFO - Linhas:  480000
[2021-04-07 10:51:37,474] {logging_mixin.py:104} INFO - Colunas:  4
[2021-04-07 10:51:54,985] {logging_mixin.py:104} INFO - entrou no laço
[2021-04-07 10:51:54,989] {logging_mixin.py:104} INFO - Paginas:  100000
[2021-04-07 10:51:54,993] {logging_mixin.py:104} INFO - Contador:  98
[2021-04-07 10:51:54,993] {logging_mixin.py:104} INFO - Linhas:  485000
[2021-04-07 10:51:54,993] {logging_mixin.py:104} INFO - Colunas:  4
[2021-04-07 10:52:13,660] {logging_mixin.py:104} INFO - entrou no laço
[2021-04-07 10:52:13,662] {logging_mixin.py:104} INFO - Paginas:  100000
[2021-04-07 10:52:13,662] {logging_mixin.py:104} INFO - Contador:  99
[2021-04-07 10:52:13,663] {logging_mixin.py:104} INFO - Linhas:  490000
[2021-04-07 10:52:13,663] {logging_mixin.py:104} INFO - Colunas:  4
[2021-04-07 10:52:31,959] {logging_mixin.py:104} INFO - entrou no laço
[2021-04-07 10:52:31,961] {logging_mixin.py:104} INFO - Paginas:  100000
[2021-04-07 10:52:31,962] {logging_mixin.py:104} INFO - Contador:  100
[2021-04-07 10:52:31,962] {logging_mixin.py:104} INFO - Linhas:  495000
[2021-04-07 10:52:31,962] {logging_mixin.py:104} INFO - Colunas:  4
[2021-04-07 10:52:47,782] {logging_mixin.py:104} INFO - entrou no laço
[2021-04-07 10:52:47,783] {logging_mixin.py:104} INFO - Paginas:  100000
[2021-04-07 10:52:47,784] {logging_mixin.py:104} INFO - Contador:  101
[2021-04-07 10:52:47,788] {logging_mixin.py:104} INFO - Linhas:  500000
[2021-04-07 10:52:47,800] {logging_mixin.py:104} INFO - Colunas:  4
[2021-04-07 10:53:07,102] {logging_mixin.py:104} INFO - entrou no laço
[2021-04-07 10:53:07,103] {logging_mixin.py:104} INFO - Paginas:  100000
[2021-04-07 10:53:07,105] {logging_mixin.py:104} INFO - Contador:  102
[2021-04-07 10:53:07,105] {logging_mixin.py:104} INFO - Linhas:  505000
[2021-04-07 10:53:07,105] {logging_mixin.py:104} INFO - Colunas:  4
[2021-04-07 10:53:23,506] {logging_mixin.py:104} INFO - entrou no laço
[2021-04-07 10:53:23,516] {logging_mixin.py:104} INFO - Paginas:  100000
[2021-04-07 10:53:23,518] {logging_mixin.py:104} INFO - Contador:  103
[2021-04-07 10:53:23,518] {logging_mixin.py:104} INFO - Linhas:  510000
[2021-04-07 10:53:23,518] {logging_mixin.py:104} INFO - Colunas:  4
[2021-04-07 10:53:44,055] {logging_mixin.py:104} INFO - entrou no laço
[2021-04-07 10:53:44,057] {logging_mixin.py:104} INFO - Paginas:  100000
[2021-04-07 10:53:44,058] {logging_mixin.py:104} INFO - Contador:  104
[2021-04-07 10:53:44,058] {logging_mixin.py:104} INFO - Linhas:  515000
[2021-04-07 10:53:44,059] {logging_mixin.py:104} INFO - Colunas:  4
[2021-04-07 10:54:01,175] {logging_mixin.py:104} INFO - entrou no laço
[2021-04-07 10:54:01,188] {logging_mixin.py:104} INFO - Paginas:  100000
[2021-04-07 10:54:01,190] {logging_mixin.py:104} INFO - Contador:  105
[2021-04-07 10:54:01,191] {logging_mixin.py:104} INFO - Linhas:  520000
[2021-04-07 10:54:01,192] {logging_mixin.py:104} INFO - Colunas:  4
[2021-04-07 10:54:18,102] {logging_mixin.py:104} INFO - entrou no laço
[2021-04-07 10:54:18,107] {logging_mixin.py:104} INFO - Paginas:  100000
[2021-04-07 10:54:18,109] {logging_mixin.py:104} INFO - Contador:  106
[2021-04-07 10:54:18,113] {logging_mixin.py:104} INFO - Linhas:  525000
[2021-04-07 10:54:18,113] {logging_mixin.py:104} INFO - Colunas:  4
[2021-04-07 10:54:36,629] {logging_mixin.py:104} INFO - entrou no laço
[2021-04-07 10:54:36,631] {logging_mixin.py:104} INFO - Paginas:  100000
[2021-04-07 10:54:36,632] {logging_mixin.py:104} INFO - Contador:  107
[2021-04-07 10:54:36,632] {logging_mixin.py:104} INFO - Linhas:  530000
[2021-04-07 10:54:36,632] {logging_mixin.py:104} INFO - Colunas:  4
[2021-04-07 10:54:53,490] {logging_mixin.py:104} INFO - entrou no laço
[2021-04-07 10:54:53,497] {logging_mixin.py:104} INFO - Paginas:  100000
[2021-04-07 10:54:53,499] {logging_mixin.py:104} INFO - Contador:  108
[2021-04-07 10:54:53,500] {logging_mixin.py:104} INFO - Linhas:  535000
[2021-04-07 10:54:53,501] {logging_mixin.py:104} INFO - Colunas:  4
[2021-04-07 10:55:10,626] {logging_mixin.py:104} INFO - entrou no laço
[2021-04-07 10:55:10,628] {logging_mixin.py:104} INFO - Paginas:  100000
[2021-04-07 10:55:10,628] {logging_mixin.py:104} INFO - Contador:  109
[2021-04-07 10:55:10,629] {logging_mixin.py:104} INFO - Linhas:  540000
[2021-04-07 10:55:10,629] {logging_mixin.py:104} INFO - Colunas:  4
[2021-04-07 10:55:11,300] {taskinstance.py:1455} ERROR - Expecting value: line 1 column 1 (char 0)
Traceback (most recent call last):
  File "/home/airflow/.local/lib/python3.6/site-packages/airflow/models/taskinstance.py", line 1112, in _run_raw_task
    self._prepare_and_execute_task_with_callbacks(context, task)
  File "/home/airflow/.local/lib/python3.6/site-packages/airflow/models/taskinstance.py", line 1285, in _prepare_and_execute_task_with_callbacks
    result = self._execute_task(context, task_copy)
  File "/home/airflow/.local/lib/python3.6/site-packages/airflow/models/taskinstance.py", line 1315, in _execute_task
    result = task_copy.execute(context=context)
  File "/home/airflow/.local/lib/python3.6/site-packages/airflow/operators/python.py", line 117, in execute
    return_value = self.execute_callable()
  File "/home/airflow/.local/lib/python3.6/site-packages/airflow/operators/python.py", line 128, in execute_callable
    return self.python_callable(*self.op_args, **self.op_kwargs)
  File "/opt/airflow/dags/etl_chamados.py", line 99, in carrega_dados
    resp_data = json.loads(resp.text)
  File "/usr/local/lib/python3.6/json/__init__.py", line 354, in loads
    return _default_decoder.decode(s)
  File "/usr/local/lib/python3.6/json/decoder.py", line 339, in decode
    obj, end = self.raw_decode(s, idx=_w(s, 0).end())
  File "/usr/local/lib/python3.6/json/decoder.py", line 357, in raw_decode
    raise JSONDecodeError("Expecting value", s, err.value) from None
json.decoder.JSONDecodeError: Expecting value: line 1 column 1 (char 0)
[2021-04-07 10:55:11,505] {taskinstance.py:1503} INFO - Marking task as FAILED. dag_id=trata_relatorios, task_id=popula_relatorios, execution_date=20210407T030000, start_date=20210407T093539, end_date=20210407T105511
[2021-04-07 10:55:11,546] {configuration.py:356} WARNING - section/key [smtp/smtp_user] not found in config
[2021-04-07 10:55:11,549] {email.py:184} INFO - Email alerting: attempt 1
[2021-04-07 10:55:11,550] {configuration.py:356} WARNING - section/key [smtp/smtp_user] not found in config
[2021-04-07 10:55:11,550] {email.py:184} INFO - Email alerting: attempt 1
[2021-04-07 10:55:11,550] {taskinstance.py:1509} ERROR - Failed to send email to: ['clecio.antao@gmail.com']
[2021-04-07 10:55:11,551] {taskinstance.py:1510} ERROR - [Errno 99] Cannot assign requested address
Traceback (most recent call last):
  File "/home/airflow/.local/lib/python3.6/site-packages/airflow/models/taskinstance.py", line 1112, in _run_raw_task
    self._prepare_and_execute_task_with_callbacks(context, task)
  File "/home/airflow/.local/lib/python3.6/site-packages/airflow/models/taskinstance.py", line 1285, in _prepare_and_execute_task_with_callbacks
    result = self._execute_task(context, task_copy)
  File "/home/airflow/.local/lib/python3.6/site-packages/airflow/models/taskinstance.py", line 1315, in _execute_task
    result = task_copy.execute(context=context)
  File "/home/airflow/.local/lib/python3.6/site-packages/airflow/operators/python.py", line 117, in execute
    return_value = self.execute_callable()
  File "/home/airflow/.local/lib/python3.6/site-packages/airflow/operators/python.py", line 128, in execute_callable
    return self.python_callable(*self.op_args, **self.op_kwargs)
  File "/opt/airflow/dags/etl_chamados.py", line 99, in carrega_dados
    resp_data = json.loads(resp.text)
  File "/usr/local/lib/python3.6/json/__init__.py", line 354, in loads
    return _default_decoder.decode(s)
  File "/usr/local/lib/python3.6/json/decoder.py", line 339, in decode
    obj, end = self.raw_decode(s, idx=_w(s, 0).end())
  File "/usr/local/lib/python3.6/json/decoder.py", line 357, in raw_decode
    raise JSONDecodeError("Expecting value", s, err.value) from None
json.decoder.JSONDecodeError: Expecting value: line 1 column 1 (char 0)

During handling of the above exception, another exception occurred:

Traceback (most recent call last):
  File "/home/airflow/.local/lib/python3.6/site-packages/airflow/models/taskinstance.py", line 1852, in email_alert
    send_email(self.task.email, subject, html_content)
  File "/home/airflow/.local/lib/python3.6/site-packages/airflow/utils/email.py", line 62, in send_email
    **kwargs,
  File "/home/airflow/.local/lib/python3.6/site-packages/airflow/utils/email.py", line 97, in send_email_smtp
    send_mime_email(e_from=smtp_mail_from, e_to=recipients, mime_msg=msg, dryrun=dryrun)
  File "/home/airflow/.local/lib/python3.6/site-packages/airflow/utils/email.py", line 186, in send_mime_email
    conn = _get_smtp_connection(smtp_host, smtp_port, smtp_timeout, smtp_ssl)
  File "/home/airflow/.local/lib/python3.6/site-packages/airflow/utils/email.py", line 220, in _get_smtp_connection
    else smtplib.SMTP(host=host, port=port, timeout=timeout)
  File "/usr/local/lib/python3.6/smtplib.py", line 251, in __init__
    (code, msg) = self.connect(host, port)
  File "/usr/local/lib/python3.6/smtplib.py", line 336, in connect
    self.sock = self._get_socket(host, port, self.timeout)
  File "/usr/local/lib/python3.6/smtplib.py", line 307, in _get_socket
    self.source_address)
  File "/usr/local/lib/python3.6/socket.py", line 724, in create_connection
    raise err
  File "/usr/local/lib/python3.6/socket.py", line 713, in create_connection
    sock.connect(sa)
OSError: [Errno 99] Cannot assign requested address

During handling of the above exception, another exception occurred:

Traceback (most recent call last):
  File "/home/airflow/.local/lib/python3.6/site-packages/airflow/models/taskinstance.py", line 1507, in handle_failure
    self.email_alert(error)
  File "/home/airflow/.local/lib/python3.6/site-packages/airflow/models/taskinstance.py", line 1854, in email_alert
    send_email(self.task.email, subject, html_content_err)
  File "/home/airflow/.local/lib/python3.6/site-packages/airflow/utils/email.py", line 62, in send_email
    **kwargs,
  File "/home/airflow/.local/lib/python3.6/site-packages/airflow/utils/email.py", line 97, in send_email_smtp
    send_mime_email(e_from=smtp_mail_from, e_to=recipients, mime_msg=msg, dryrun=dryrun)
  File "/home/airflow/.local/lib/python3.6/site-packages/airflow/utils/email.py", line 186, in send_mime_email
    conn = _get_smtp_connection(smtp_host, smtp_port, smtp_timeout, smtp_ssl)
  File "/home/airflow/.local/lib/python3.6/site-packages/airflow/utils/email.py", line 220, in _get_smtp_connection
    else smtplib.SMTP(host=host, port=port, timeout=timeout)
  File "/usr/local/lib/python3.6/smtplib.py", line 251, in __init__
    (code, msg) = self.connect(host, port)
  File "/usr/local/lib/python3.6/smtplib.py", line 336, in connect
    self.sock = self._get_socket(host, port, self.timeout)
  File "/usr/local/lib/python3.6/smtplib.py", line 307, in _get_socket
    self.source_address)
  File "/usr/local/lib/python3.6/socket.py", line 724, in create_connection
    raise err
  File "/usr/local/lib/python3.6/socket.py", line 713, in create_connection
    sock.connect(sa)
OSError: [Errno 99] Cannot assign requested address
[2021-04-07 10:55:11,714] {local_task_job.py:146} INFO - Task exited with return code 1
