[2021-04-07 02:50:01,189] {taskinstance.py:851} INFO - Dependencies all met for <TaskInstance: trata_relatorios.popula_relatorios 2021-04-07T02:00:00+00:00 [queued]>
[2021-04-07 02:50:01,266] {taskinstance.py:851} INFO - Dependencies all met for <TaskInstance: trata_relatorios.popula_relatorios 2021-04-07T02:00:00+00:00 [queued]>
[2021-04-07 02:50:01,267] {taskinstance.py:1042} INFO - 
--------------------------------------------------------------------------------
[2021-04-07 02:50:01,269] {taskinstance.py:1043} INFO - Starting attempt 1 of 1
[2021-04-07 02:50:01,269] {taskinstance.py:1044} INFO - 
--------------------------------------------------------------------------------
[2021-04-07 02:50:01,331] {taskinstance.py:1063} INFO - Executing <Task(PythonOperator): popula_relatorios> on 2021-04-07T02:00:00+00:00
[2021-04-07 02:50:01,335] {standard_task_runner.py:52} INFO - Started process 10770 to run task
[2021-04-07 02:50:01,351] {standard_task_runner.py:76} INFO - Running: ['airflow', 'tasks', 'run', 'trata_relatorios', 'popula_relatorios', '2021-04-07T02:00:00+00:00', '--job-id', '20', '--pool', 'default_pool', '--raw', '--subdir', 'DAGS_FOLDER/etl_chamados.py', '--cfg-path', '/tmp/tmp7bsjdbq3', '--error-file', '/tmp/tmpe1supd2e']
[2021-04-07 02:50:01,383] {standard_task_runner.py:77} INFO - Job 20: Subtask popula_relatorios
[2021-04-07 02:50:01,546] {logging_mixin.py:104} INFO - Running <TaskInstance: trata_relatorios.popula_relatorios 2021-04-07T02:00:00+00:00 [running]> on host ce03b876977a
[2021-04-07 02:50:01,776] {taskinstance.py:1257} INFO - Exporting the following env vars:
AIRFLOW_CTX_DAG_EMAIL=clecio.antao@gmail.com
AIRFLOW_CTX_DAG_OWNER=airflow
AIRFLOW_CTX_DAG_ID=trata_relatorios
AIRFLOW_CTX_TASK_ID=popula_relatorios
AIRFLOW_CTX_EXECUTION_DATE=2021-04-07T02:00:00+00:00
AIRFLOW_CTX_DAG_RUN_ID=scheduled__2021-04-07T02:00:00+00:00
[2021-04-07 02:50:14,538] {logging_mixin.py:104} INFO - Total de linhas:  5000
[2021-04-07 02:50:14,539] {logging_mixin.py:104} INFO - dGVjYmFu#8087ba3ac9f6a955bae136edb597d9668e340d8e
[2021-04-07 02:50:14,539] {logging_mixin.py:104} INFO - entrou no laço
[2021-04-07 02:50:14,541] {logging_mixin.py:104} INFO - Paginas:  100000
[2021-04-07 02:50:14,543] {logging_mixin.py:104} INFO - Contador:  1
[2021-04-07 02:50:14,543] {logging_mixin.py:104} INFO - Linhas:  0
[2021-04-07 02:50:14,544] {logging_mixin.py:104} INFO - Colunas:  33
[2021-04-07 02:50:53,584] {logging_mixin.py:104} INFO - entrou no laço
[2021-04-07 02:50:53,585] {logging_mixin.py:104} INFO - Paginas:  100000
[2021-04-07 02:50:53,587] {logging_mixin.py:104} INFO - Contador:  2
[2021-04-07 02:50:53,588] {logging_mixin.py:104} INFO - Linhas:  5000
[2021-04-07 02:50:53,592] {logging_mixin.py:104} INFO - Colunas:  33
[2021-04-07 02:51:31,493] {logging_mixin.py:104} INFO - entrou no laço
[2021-04-07 02:51:31,494] {logging_mixin.py:104} INFO - Paginas:  100000
[2021-04-07 02:51:31,494] {logging_mixin.py:104} INFO - Contador:  3
[2021-04-07 02:51:31,495] {logging_mixin.py:104} INFO - Linhas:  10000
[2021-04-07 02:51:31,496] {logging_mixin.py:104} INFO - Colunas:  33
[2021-04-07 02:52:10,986] {logging_mixin.py:104} INFO - entrou no laço
[2021-04-07 02:52:10,987] {logging_mixin.py:104} INFO - Paginas:  100000
[2021-04-07 02:52:10,988] {logging_mixin.py:104} INFO - Contador:  4
[2021-04-07 02:52:10,988] {logging_mixin.py:104} INFO - Linhas:  15000
[2021-04-07 02:52:10,988] {logging_mixin.py:104} INFO - Colunas:  33
[2021-04-07 02:52:53,070] {logging_mixin.py:104} INFO - entrou no laço
[2021-04-07 02:52:53,075] {logging_mixin.py:104} INFO - Paginas:  100000
[2021-04-07 02:52:53,076] {logging_mixin.py:104} INFO - Contador:  5
[2021-04-07 02:52:53,076] {logging_mixin.py:104} INFO - Linhas:  20000
[2021-04-07 02:52:53,077] {logging_mixin.py:104} INFO - Colunas:  33
[2021-04-07 02:53:25,493] {logging_mixin.py:104} INFO - entrou no laço
[2021-04-07 02:53:25,494] {logging_mixin.py:104} INFO - Paginas:  100000
[2021-04-07 02:53:25,494] {logging_mixin.py:104} INFO - Contador:  6
[2021-04-07 02:53:25,494] {logging_mixin.py:104} INFO - Linhas:  25000
[2021-04-07 02:53:25,495] {logging_mixin.py:104} INFO - Colunas:  33
[2021-04-07 02:53:56,838] {logging_mixin.py:104} INFO - entrou no laço
[2021-04-07 02:53:56,839] {logging_mixin.py:104} INFO - Paginas:  100000
[2021-04-07 02:53:56,840] {logging_mixin.py:104} INFO - Contador:  7
[2021-04-07 02:53:56,840] {logging_mixin.py:104} INFO - Linhas:  30000
[2021-04-07 02:53:56,840] {logging_mixin.py:104} INFO - Colunas:  33
[2021-04-07 02:54:28,234] {logging_mixin.py:104} INFO - entrou no laço
[2021-04-07 02:54:28,234] {logging_mixin.py:104} INFO - Paginas:  100000
[2021-04-07 02:54:28,234] {logging_mixin.py:104} INFO - Contador:  8
[2021-04-07 02:54:28,234] {logging_mixin.py:104} INFO - Linhas:  35000
[2021-04-07 02:54:28,234] {logging_mixin.py:104} INFO - Colunas:  33
[2021-04-07 02:54:59,444] {logging_mixin.py:104} INFO - entrou no laço
[2021-04-07 02:54:59,445] {logging_mixin.py:104} INFO - Paginas:  100000
[2021-04-07 02:54:59,446] {logging_mixin.py:104} INFO - Contador:  9
[2021-04-07 02:54:59,446] {logging_mixin.py:104} INFO - Linhas:  40000
[2021-04-07 02:54:59,446] {logging_mixin.py:104} INFO - Colunas:  33
[2021-04-07 02:55:29,816] {logging_mixin.py:104} INFO - entrou no laço
[2021-04-07 02:55:29,823] {logging_mixin.py:104} INFO - Paginas:  100000
[2021-04-07 02:55:29,828] {logging_mixin.py:104} INFO - Contador:  10
[2021-04-07 02:55:29,833] {logging_mixin.py:104} INFO - Linhas:  45000
[2021-04-07 02:55:29,833] {logging_mixin.py:104} INFO - Colunas:  33
[2021-04-07 02:56:07,486] {logging_mixin.py:104} INFO - entrou no laço
[2021-04-07 02:56:07,486] {logging_mixin.py:104} INFO - Paginas:  100000
[2021-04-07 02:56:07,487] {logging_mixin.py:104} INFO - Contador:  11
[2021-04-07 02:56:07,487] {logging_mixin.py:104} INFO - Linhas:  50000
[2021-04-07 02:56:07,487] {logging_mixin.py:104} INFO - Colunas:  33
[2021-04-07 02:56:45,192] {logging_mixin.py:104} INFO - entrou no laço
[2021-04-07 02:56:45,215] {logging_mixin.py:104} INFO - Paginas:  100000
[2021-04-07 02:56:45,215] {logging_mixin.py:104} INFO - Contador:  12
[2021-04-07 02:56:45,216] {logging_mixin.py:104} INFO - Linhas:  55000
[2021-04-07 02:56:45,216] {logging_mixin.py:104} INFO - Colunas:  33
[2021-04-07 02:57:17,354] {logging_mixin.py:104} INFO - entrou no laço
[2021-04-07 02:57:17,355] {logging_mixin.py:104} INFO - Paginas:  100000
[2021-04-07 02:57:17,356] {logging_mixin.py:104} INFO - Contador:  13
[2021-04-07 02:57:17,357] {logging_mixin.py:104} INFO - Linhas:  60000
[2021-04-07 02:57:17,359] {logging_mixin.py:104} INFO - Colunas:  33
[2021-04-07 02:57:51,524] {logging_mixin.py:104} INFO - entrou no laço
[2021-04-07 02:57:51,525] {logging_mixin.py:104} INFO - Paginas:  100000
[2021-04-07 02:57:51,526] {logging_mixin.py:104} INFO - Contador:  14
[2021-04-07 02:57:51,526] {logging_mixin.py:104} INFO - Linhas:  65000
[2021-04-07 02:57:51,526] {logging_mixin.py:104} INFO - Colunas:  33
[2021-04-07 02:58:31,528] {logging_mixin.py:104} INFO - entrou no laço
[2021-04-07 02:58:31,529] {logging_mixin.py:104} INFO - Paginas:  100000
[2021-04-07 02:58:31,530] {logging_mixin.py:104} INFO - Contador:  15
[2021-04-07 02:58:31,531] {logging_mixin.py:104} INFO - Linhas:  70000
[2021-04-07 02:58:31,531] {logging_mixin.py:104} INFO - Colunas:  33
[2021-04-07 02:59:04,753] {logging_mixin.py:104} INFO - entrou no laço
[2021-04-07 02:59:04,754] {logging_mixin.py:104} INFO - Paginas:  100000
[2021-04-07 02:59:04,754] {logging_mixin.py:104} INFO - Contador:  16
[2021-04-07 02:59:04,755] {logging_mixin.py:104} INFO - Linhas:  75000
[2021-04-07 02:59:04,759] {logging_mixin.py:104} INFO - Colunas:  33
[2021-04-07 02:59:38,678] {logging_mixin.py:104} INFO - entrou no laço
[2021-04-07 02:59:38,679] {logging_mixin.py:104} INFO - Paginas:  100000
[2021-04-07 02:59:38,691] {logging_mixin.py:104} INFO - Contador:  17
[2021-04-07 02:59:38,692] {logging_mixin.py:104} INFO - Linhas:  80000
[2021-04-07 02:59:38,693] {logging_mixin.py:104} INFO - Colunas:  33
[2021-04-07 03:00:12,201] {logging_mixin.py:104} INFO - entrou no laço
[2021-04-07 03:00:12,207] {logging_mixin.py:104} INFO - Paginas:  100000
[2021-04-07 03:00:12,208] {logging_mixin.py:104} INFO - Contador:  18
[2021-04-07 03:00:12,209] {logging_mixin.py:104} INFO - Linhas:  85000
[2021-04-07 03:00:12,209] {logging_mixin.py:104} INFO - Colunas:  33
[2021-04-07 03:00:48,283] {logging_mixin.py:104} INFO - entrou no laço
[2021-04-07 03:00:48,284] {logging_mixin.py:104} INFO - Paginas:  100000
[2021-04-07 03:00:48,285] {logging_mixin.py:104} INFO - Contador:  19
[2021-04-07 03:00:48,285] {logging_mixin.py:104} INFO - Linhas:  90000
[2021-04-07 03:00:48,286] {logging_mixin.py:104} INFO - Colunas:  33
[2021-04-07 03:01:30,329] {logging_mixin.py:104} INFO - entrou no laço
[2021-04-07 03:01:30,330] {logging_mixin.py:104} INFO - Paginas:  100000
[2021-04-07 03:01:30,330] {logging_mixin.py:104} INFO - Contador:  20
[2021-04-07 03:01:30,331] {logging_mixin.py:104} INFO - Linhas:  95000
[2021-04-07 03:01:30,332] {logging_mixin.py:104} INFO - Colunas:  33
[2021-04-07 03:02:10,288] {logging_mixin.py:104} INFO - entrou no laço
[2021-04-07 03:02:10,291] {logging_mixin.py:104} INFO - Paginas:  100000
[2021-04-07 03:02:10,292] {logging_mixin.py:104} INFO - Contador:  21
[2021-04-07 03:02:10,292] {logging_mixin.py:104} INFO - Linhas:  100000
[2021-04-07 03:02:10,292] {logging_mixin.py:104} INFO - Colunas:  33
[2021-04-07 03:02:54,947] {logging_mixin.py:104} INFO - entrou no laço
[2021-04-07 03:02:54,951] {logging_mixin.py:104} INFO - Paginas:  100000
[2021-04-07 03:02:54,954] {logging_mixin.py:104} INFO - Contador:  22
[2021-04-07 03:02:54,954] {logging_mixin.py:104} INFO - Linhas:  105000
[2021-04-07 03:02:54,955] {logging_mixin.py:104} INFO - Colunas:  33
[2021-04-07 03:03:37,418] {logging_mixin.py:104} INFO - entrou no laço
[2021-04-07 03:03:37,418] {logging_mixin.py:104} INFO - Paginas:  100000
[2021-04-07 03:03:37,418] {logging_mixin.py:104} INFO - Contador:  23
[2021-04-07 03:03:37,418] {logging_mixin.py:104} INFO - Linhas:  110000
[2021-04-07 03:03:37,418] {logging_mixin.py:104} INFO - Colunas:  33
[2021-04-07 03:04:18,533] {logging_mixin.py:104} INFO - entrou no laço
[2021-04-07 03:04:18,544] {logging_mixin.py:104} INFO - Paginas:  100000
[2021-04-07 03:04:18,545] {logging_mixin.py:104} INFO - Contador:  24
[2021-04-07 03:04:18,545] {logging_mixin.py:104} INFO - Linhas:  115000
[2021-04-07 03:04:18,546] {logging_mixin.py:104} INFO - Colunas:  33
[2021-04-07 03:05:02,646] {logging_mixin.py:104} INFO - entrou no laço
[2021-04-07 03:05:02,649] {logging_mixin.py:104} INFO - Paginas:  100000
[2021-04-07 03:05:02,659] {logging_mixin.py:104} INFO - Contador:  25
[2021-04-07 03:05:02,664] {logging_mixin.py:104} INFO - Linhas:  120000
[2021-04-07 03:05:02,666] {logging_mixin.py:104} INFO - Colunas:  33
[2021-04-07 03:05:42,937] {logging_mixin.py:104} INFO - entrou no laço
[2021-04-07 03:05:42,942] {logging_mixin.py:104} INFO - Paginas:  100000
[2021-04-07 03:05:42,947] {logging_mixin.py:104} INFO - Contador:  26
[2021-04-07 03:05:42,949] {logging_mixin.py:104} INFO - Linhas:  125000
[2021-04-07 03:05:42,950] {logging_mixin.py:104} INFO - Colunas:  33
[2021-04-07 03:06:25,405] {logging_mixin.py:104} INFO - entrou no laço
[2021-04-07 03:06:25,411] {logging_mixin.py:104} INFO - Paginas:  100000
[2021-04-07 03:06:25,412] {logging_mixin.py:104} INFO - Contador:  27
[2021-04-07 03:06:25,413] {logging_mixin.py:104} INFO - Linhas:  130000
[2021-04-07 03:06:25,413] {logging_mixin.py:104} INFO - Colunas:  33
[2021-04-07 03:07:09,986] {logging_mixin.py:104} INFO - entrou no laço
[2021-04-07 03:07:09,988] {logging_mixin.py:104} INFO - Paginas:  100000
[2021-04-07 03:07:09,988] {logging_mixin.py:104} INFO - Contador:  28
[2021-04-07 03:07:09,989] {logging_mixin.py:104} INFO - Linhas:  135000
[2021-04-07 03:07:09,989] {logging_mixin.py:104} INFO - Colunas:  33
[2021-04-07 03:07:49,989] {logging_mixin.py:104} INFO - entrou no laço
[2021-04-07 03:07:49,993] {logging_mixin.py:104} INFO - Paginas:  100000
[2021-04-07 03:07:49,997] {logging_mixin.py:104} INFO - Contador:  29
[2021-04-07 03:07:49,998] {logging_mixin.py:104} INFO - Linhas:  140000
[2021-04-07 03:07:49,998] {logging_mixin.py:104} INFO - Colunas:  33
[2021-04-07 03:08:55,914] {taskinstance.py:1455} ERROR - (pyodbc.OperationalError) ('08S01', '[08S01] [Microsoft][ODBC Driver 17 for SQL Server]TCP Provider: Error code 0x68 (104) (SQLExecDirectW)')
[SQL: INSERT INTO total_geral ([index], [CodChamado], [Assunto], [DataCriacao], [DataFinalizacao], [HoraFinalizacao], [HoraCriacao], [PrimeiroAtendimentoData], [NomeStatus], [NomeCompletoOperador], [NomeSolicitacao], [NomeCategoria], [NomeSubCategoria], [NomeTipo], [NomeTipoOcorrencia], [NomeGrupo], [Fantasia], [NomeCausa], [Sla1Expirado], [SequenciaPrioridade], [NomePrioridade], [ChaveSla], [NomeSla], [SlaAndamento], [TempoRestantePrimeiroAtendimento], [TempoRestanteSegundoAtendimento], [Sla2Expirado], [TempoAtendimento], [NomeOperador], [NomeCompletoSolicitante], [NomeDepartamento], [ExpiraEm], _2151, [ChamadoAprovadores]) VALUES (?, ?, ?, ?, ?, ?, ?, ?, ?, ?, ?, ?, ?, ?, ?, ?, ?, ?, ?, ?, ?, ?, ?, ?, ?, ?, ?, ?, ?, ?, ?, ?, ?, ?)]
[parameters: ((3654, '0720-005047', 'ELETRÔNICA - SISTEMA VTV - CÂMERA CFs - OPE - PÁTIO', '09-07-2020', '09-07-2020', '17:27', '17:21', '09-07-2020 17:27:30', 'FINALIZADO', 'Cristiano da Anunciacao Campocano', 'PORTAL DO OPERADOR', 'ELETRÔNICA - SISTEMA VTV', 'CÂMERA CFs', 'Check-List', 'PREVENTIVO', 'ELETRÔNICA', 'TBFORTE - CAMPO GRANDE', 'PROCEDIMENTO DE ROTINA', 'Em Dia', '000005', '5 - PLANEJADA', 30.0, 'MPE - Preventivo Programado P.O. 220', 'Em Andamento', '739:55:54', '739:55:54', 'Em Dia', '00:06', 'Cristiano', 'Cristiano da Anunciacao Campocano', 'ELETRONICA', '2020-08-09 13:21', '', None), (3655, '0720-005046', 'T.I. Sistemas - ERP Infra - Tesouraria - Ticket Mesa - Verificar', '09-07-2020', '09-07-2020', '18:20', '17:13', '09-07-2020 17:39:13', 'FINALIZADO', 'Felipe Cardelli de Camargo', 'PORTAL DO CLIENTE', 'T.I. Sistemas - ERP Infra', 'Tesouraria - Ticket Mesa', 'Verificar', 'SOLICITAÇÃO', 'T.I. - Sistemas', 'TBFORTE - TERESINA', 'CONFIGURACAO', 'Em Dia', '000004', '4 - BAIXA', 172.0, 'SLA TI - Sistemas - Tesouraria - Ticket Mesa', 'Em Andamento', '21:34:18', '91:03:19', 'Em Dia', '00:26', 'Felipe', 'Elissandra Vieira de Sousa', 'Operaçôes - Tesouraria', '2020-07-13 13:13', '', None), (3656, '0720-005045', 'T.I. Infraestrutura - Procedimentos Internos - Realizar Tarefas Administrativas', '09-07-2020', '09-07-2020', '17:09', '17:08', '09-07-2020 17:09:14', 'FINALIZADO', 'Jose Luydd de Melo Santos', 'TAREFA', 'T.I. - Procedimentos Internos', 'Realizar Tarefas Administrativas', 'ATUALIZAR', 'SOLICITAÇÃO', 'T.I. - Infraestrutura', 'TBFORTE - MACEIO', 'PROCEDIMENTO DE ROTINA', 'Em Dia', '000005', '5 - PLANEJADA', 24.0, 'SLA Padrão - Infra', 'Em Andamento', '21:59:33', '113:59:33', 'Em Dia', '00:01', 'Jose', 'Jose Luydd de Melo Santos', 'TI', '2020-07-14 11:08', '', None), (3657, '0720-005044', 'PREDIAL - ATIVIDADES - EXTERNA - Á EXT', '09-07-2020', '09-07-2020', '18:58', '17:05', '09-07-2020 17:09:13', 'FINALIZADO', 'Bruno Pereira Benevides', 'PORTAL DO OPERADOR', 'PREDIAL - ATIVIDADES', 'EXTERNA', 'MANUTENÇÃO', 'PREVENTIVO', 'PREDIAL', 'TBFORTE - CAMPINAS', 'SOLICITAÇÃO', 'Em Dia', '000005', '5 - PLANEJADA', 30.0, 'MPE - Preventivo Programado P.O. 220', 'Em Andamento', '739:55:51', '739:55:51', 'Em Dia', '00:04', 'Bruno', 'KENNY ROGERS DURANS ROLAND', 'MANUTENÇÃO PREDIAL / ELETRICA', '2020-08-09 13:05', '', None), (3658, '0720-005043', 'GMUD - Requisição de Mudança - Firewall (SP) - Planejada', '09-07-2020', '17-07-2020', '14:30', '17:04', '17-07-2020 14:30:53', 'CANCELADO', 'Andre Galbiatti Da Silva', 'E-MAIL', 'GMUD', 'RDM - Infraestrutura', 'Mudança - Planejada', 'GMUD', 'T.I. - Infraestrutura', 'TBFORTE - SEDE', None, 'Expirado', '000001', '1 - MUITO ALTA', 24.0, 'SLA Padrão - Infra', 'Em Andamento', '-54:03:43', '-24:03:43', 'Expirado', '189:26', 'Andre', 'Antonio Joaquim Alves Do Rio Neto', 'TI', '2020-07-13 09:41', '', 'USU - JOIANDRO DA SILVA CARVALHO: Reprovado - 5º Interação<br>USU - Grupo Aprovadores Operacoes GMUD TBForte: Aguardando Aprovação - 5º Interação'), (3659, '0720-005042', 'T.I. Sistemas - ERP Infra - Tesouraria - Impressão - Verificar', '09-07-2020', '09-07-2020', '17:10', '17:02', '09-07-2020 17:04:02', 'FINALIZADO', 'Felipe Cardelli de Camargo', 'PORTAL DO CLIENTE', 'T.I. Sistemas - ERP Infra', 'Tesouraria - Impressão', 'Verificar', 'INCIDENTE', 'T.I. - Sistemas', 'TBFORTE - PETROLINA', 'CONFIGURACAO', 'Em Dia', '000003', '3 - MODERADA', 134.0, 'SLA TI - Sistemas - Tesouraria - GTV - GVR - Impre', 'Em Andamento', '17:58:45', '25:52:26', 'Em Dia', '00:02', 'Felipe', 'Andressa dos Anjos Martins', 'TESOURARIA', '2020-07-10 19:02', '', None), (3660, '0720-005041', 'T.I. Sistemas - ERP Infra - Tesouraria - Header Card - Liberar', '09-07-2020', '09-07-2020', '17:01', '16:42', '09-07-2020 16:57:21', 'FINALIZADO', 'Felipe Cardelli de Camargo', 'PORTAL DO CLIENTE', 'T.I. Sistemas - ERP Infra', 'Tesouraria - Header Card', 'Liberar', 'SOLICITAÇÃO', 'T.I. - Sistemas', 'TBFORTE - SÃO MATEUS', 'CONFIGURACAO', 'Em Dia', '000001', '1 - MUITO ALTA', 143.0, 'SLA TI - Sistemas - Tesouraria - Header Card - 16h', 'Em Andamento', '21:45:07', '91:47:16', 'Em Dia', '00:15', 'Felipe', 'MONICA DA SILVA', 'TESOURARIA', '2020-07-13 12:42', '', None), (3661, '0720-005040', 'ELETRÔNICA - CFTV - CÂMERA - OPE - SL MANUT. ELETRÔNICA', '09-07-2020', '08-07-2020', '16:42', '16:41', '09-07-2020 16:42:24', 'FINALIZADO', 'Josue Candido', 'TELEFONE', 'ELETRÔNICA - CFTV', 'CÂMERA', 'AVALIAR', 'PREVENTIVO', 'ELETRÔNICA', 'TBFORTE - SOROCABA', 'OUTROS', 'Em Dia', '000004', '4 - BAIXA', 30.0, 'MPE - Preventivo Programado P.O. 220', 'Em Andamento', '740:05:09', '740:05:09', 'Em Dia', '00:01', 'Josue', 'Josue Candido', 'ELETRONICA', '2020-08-09 12:41', '', None)  ... displaying 10 of 63 total bound parameter sets ...  (3715, '0720-004986', 'T.I. Sistemas - TBLOCK - Segurança', '09-07-2020', '09-07-2020', '19:44', '15:38', '09-07-2020 16:18:07', 'FINALIZADO', 'Pedro Fernandes Lopes', 'PORTAL DO CLIENTE', 'T.I. - Sistemas', 'TBLOCK', 'AJUSTAR', 'SOLICITAÇÃO', 'T.I. - Sistemas', 'TBFORTE - SEDE', 'SOLICITAÇÃO', 'Em Dia', '000003', '3 - MODERADA', 25.0, 'SLA Padrão - Sistemas', 'Em Andamento', '21:23:07', '331:23:07', 'Em Dia', '00:40', 'Pedro', 'Nayara dos Santos', 'Gestão de risco e Segurança', '2020-07-10 13:38', '', None), (3716, '0720-004985', 'PREDIAL - AR CONDICIONADO - VAZÃO DO AR / ALETAS - ADM - COORDENADOR OPE', '09-07-2020', '10-07-2020', '14:24', '15:36', '09-07-2020 16:45:13', 'FINALIZADO', 'Jamson Gomes de Vasconcelos', 'PORTAL DO CLIENTE', 'PREDIAL - SETORIAL', 'VAZÃO DO AR', 'AVALIAR', 'CORRETIVO', 'PREDIAL', 'TBFORTE - RECIFE', 'OUTROS', 'Em Dia', '000004', '4 - BAIXA', 17.0, 'SLA MPE - Manut Predial NORMAL CLIENTE', 'Em Andamento', '280:51:30', '266:36:43', 'Em Dia', '01:09', 'Jamson', 'RONALDO GABRIEL PRATA', 'OPERAÇÕES', '2020-07-21 17:00', '', None))]
(Background on this error at: http://sqlalche.me/e/13/e3q8)
Traceback (most recent call last):
  File "/home/airflow/.local/lib/python3.6/site-packages/sqlalchemy/engine/base.py", line 1257, in _execute_context
    cursor, statement, parameters, context
  File "/home/airflow/.local/lib/python3.6/site-packages/sqlalchemy/dialects/mssql/pyodbc.py", line 448, in do_executemany
    cursor, statement, parameters, context=context
  File "/home/airflow/.local/lib/python3.6/site-packages/sqlalchemy/engine/default.py", line 605, in do_executemany
    cursor.executemany(statement, parameters)
pyodbc.OperationalError: ('08S01', '[08S01] [Microsoft][ODBC Driver 17 for SQL Server]TCP Provider: Error code 0x68 (104) (SQLExecDirectW)')

The above exception was the direct cause of the following exception:

Traceback (most recent call last):
  File "/home/airflow/.local/lib/python3.6/site-packages/airflow/models/taskinstance.py", line 1112, in _run_raw_task
    self._prepare_and_execute_task_with_callbacks(context, task)
  File "/home/airflow/.local/lib/python3.6/site-packages/airflow/models/taskinstance.py", line 1285, in _prepare_and_execute_task_with_callbacks
    result = self._execute_task(context, task_copy)
  File "/home/airflow/.local/lib/python3.6/site-packages/airflow/models/taskinstance.py", line 1315, in _execute_task
    result = task_copy.execute(context=context)
  File "/home/airflow/.local/lib/python3.6/site-packages/airflow/operators/python.py", line 117, in execute
    return_value = self.execute_callable()
  File "/home/airflow/.local/lib/python3.6/site-packages/airflow/operators/python.py", line 128, in execute_callable
    return self.python_callable(*self.op_args, **self.op_kwargs)
  File "/opt/airflow/dags/etl_chamados.py", line 117, in carrega_dados
    df.to_sql(name=tabela, con=engineorigem, if_exists='append', chunksize=cs)
  File "/home/airflow/.local/lib/python3.6/site-packages/pandas/core/generic.py", line 2615, in to_sql
    method=method,
  File "/home/airflow/.local/lib/python3.6/site-packages/pandas/io/sql.py", line 598, in to_sql
    method=method,
  File "/home/airflow/.local/lib/python3.6/site-packages/pandas/io/sql.py", line 1406, in to_sql
    raise err
  File "/home/airflow/.local/lib/python3.6/site-packages/pandas/io/sql.py", line 1398, in to_sql
    table.insert(chunksize, method=method)
  File "/home/airflow/.local/lib/python3.6/site-packages/pandas/io/sql.py", line 830, in insert
    exec_insert(conn, keys, chunk_iter)
  File "/home/airflow/.local/lib/python3.6/site-packages/pandas/io/sql.py", line 747, in _execute_insert
    conn.execute(self.table.insert(), data)
  File "/home/airflow/.local/lib/python3.6/site-packages/sqlalchemy/engine/base.py", line 1011, in execute
    return meth(self, multiparams, params)
  File "/home/airflow/.local/lib/python3.6/site-packages/sqlalchemy/sql/elements.py", line 298, in _execute_on_connection
    return connection._execute_clauseelement(self, multiparams, params)
  File "/home/airflow/.local/lib/python3.6/site-packages/sqlalchemy/engine/base.py", line 1130, in _execute_clauseelement
    distilled_params,
  File "/home/airflow/.local/lib/python3.6/site-packages/sqlalchemy/engine/base.py", line 1317, in _execute_context
    e, statement, parameters, cursor, context
  File "/home/airflow/.local/lib/python3.6/site-packages/sqlalchemy/engine/base.py", line 1511, in _handle_dbapi_exception
    sqlalchemy_exception, with_traceback=exc_info[2], from_=e
  File "/home/airflow/.local/lib/python3.6/site-packages/sqlalchemy/util/compat.py", line 182, in raise_
    raise exception
  File "/home/airflow/.local/lib/python3.6/site-packages/sqlalchemy/engine/base.py", line 1257, in _execute_context
    cursor, statement, parameters, context
  File "/home/airflow/.local/lib/python3.6/site-packages/sqlalchemy/dialects/mssql/pyodbc.py", line 448, in do_executemany
    cursor, statement, parameters, context=context
  File "/home/airflow/.local/lib/python3.6/site-packages/sqlalchemy/engine/default.py", line 605, in do_executemany
    cursor.executemany(statement, parameters)
sqlalchemy.exc.OperationalError: (pyodbc.OperationalError) ('08S01', '[08S01] [Microsoft][ODBC Driver 17 for SQL Server]TCP Provider: Error code 0x68 (104) (SQLExecDirectW)')
[SQL: INSERT INTO total_geral ([index], [CodChamado], [Assunto], [DataCriacao], [DataFinalizacao], [HoraFinalizacao], [HoraCriacao], [PrimeiroAtendimentoData], [NomeStatus], [NomeCompletoOperador], [NomeSolicitacao], [NomeCategoria], [NomeSubCategoria], [NomeTipo], [NomeTipoOcorrencia], [NomeGrupo], [Fantasia], [NomeCausa], [Sla1Expirado], [SequenciaPrioridade], [NomePrioridade], [ChaveSla], [NomeSla], [SlaAndamento], [TempoRestantePrimeiroAtendimento], [TempoRestanteSegundoAtendimento], [Sla2Expirado], [TempoAtendimento], [NomeOperador], [NomeCompletoSolicitante], [NomeDepartamento], [ExpiraEm], _2151, [ChamadoAprovadores]) VALUES (?, ?, ?, ?, ?, ?, ?, ?, ?, ?, ?, ?, ?, ?, ?, ?, ?, ?, ?, ?, ?, ?, ?, ?, ?, ?, ?, ?, ?, ?, ?, ?, ?, ?)]
[parameters: ((3654, '0720-005047', 'ELETRÔNICA - SISTEMA VTV - CÂMERA CFs - OPE - PÁTIO', '09-07-2020', '09-07-2020', '17:27', '17:21', '09-07-2020 17:27:30', 'FINALIZADO', 'Cristiano da Anunciacao Campocano', 'PORTAL DO OPERADOR', 'ELETRÔNICA - SISTEMA VTV', 'CÂMERA CFs', 'Check-List', 'PREVENTIVO', 'ELETRÔNICA', 'TBFORTE - CAMPO GRANDE', 'PROCEDIMENTO DE ROTINA', 'Em Dia', '000005', '5 - PLANEJADA', 30.0, 'MPE - Preventivo Programado P.O. 220', 'Em Andamento', '739:55:54', '739:55:54', 'Em Dia', '00:06', 'Cristiano', 'Cristiano da Anunciacao Campocano', 'ELETRONICA', '2020-08-09 13:21', '', None), (3655, '0720-005046', 'T.I. Sistemas - ERP Infra - Tesouraria - Ticket Mesa - Verificar', '09-07-2020', '09-07-2020', '18:20', '17:13', '09-07-2020 17:39:13', 'FINALIZADO', 'Felipe Cardelli de Camargo', 'PORTAL DO CLIENTE', 'T.I. Sistemas - ERP Infra', 'Tesouraria - Ticket Mesa', 'Verificar', 'SOLICITAÇÃO', 'T.I. - Sistemas', 'TBFORTE - TERESINA', 'CONFIGURACAO', 'Em Dia', '000004', '4 - BAIXA', 172.0, 'SLA TI - Sistemas - Tesouraria - Ticket Mesa', 'Em Andamento', '21:34:18', '91:03:19', 'Em Dia', '00:26', 'Felipe', 'Elissandra Vieira de Sousa', 'Operaçôes - Tesouraria', '2020-07-13 13:13', '', None), (3656, '0720-005045', 'T.I. Infraestrutura - Procedimentos Internos - Realizar Tarefas Administrativas', '09-07-2020', '09-07-2020', '17:09', '17:08', '09-07-2020 17:09:14', 'FINALIZADO', 'Jose Luydd de Melo Santos', 'TAREFA', 'T.I. - Procedimentos Internos', 'Realizar Tarefas Administrativas', 'ATUALIZAR', 'SOLICITAÇÃO', 'T.I. - Infraestrutura', 'TBFORTE - MACEIO', 'PROCEDIMENTO DE ROTINA', 'Em Dia', '000005', '5 - PLANEJADA', 24.0, 'SLA Padrão - Infra', 'Em Andamento', '21:59:33', '113:59:33', 'Em Dia', '00:01', 'Jose', 'Jose Luydd de Melo Santos', 'TI', '2020-07-14 11:08', '', None), (3657, '0720-005044', 'PREDIAL - ATIVIDADES - EXTERNA - Á EXT', '09-07-2020', '09-07-2020', '18:58', '17:05', '09-07-2020 17:09:13', 'FINALIZADO', 'Bruno Pereira Benevides', 'PORTAL DO OPERADOR', 'PREDIAL - ATIVIDADES', 'EXTERNA', 'MANUTENÇÃO', 'PREVENTIVO', 'PREDIAL', 'TBFORTE - CAMPINAS', 'SOLICITAÇÃO', 'Em Dia', '000005', '5 - PLANEJADA', 30.0, 'MPE - Preventivo Programado P.O. 220', 'Em Andamento', '739:55:51', '739:55:51', 'Em Dia', '00:04', 'Bruno', 'KENNY ROGERS DURANS ROLAND', 'MANUTENÇÃO PREDIAL / ELETRICA', '2020-08-09 13:05', '', None), (3658, '0720-005043', 'GMUD - Requisição de Mudança - Firewall (SP) - Planejada', '09-07-2020', '17-07-2020', '14:30', '17:04', '17-07-2020 14:30:53', 'CANCELADO', 'Andre Galbiatti Da Silva', 'E-MAIL', 'GMUD', 'RDM - Infraestrutura', 'Mudança - Planejada', 'GMUD', 'T.I. - Infraestrutura', 'TBFORTE - SEDE', None, 'Expirado', '000001', '1 - MUITO ALTA', 24.0, 'SLA Padrão - Infra', 'Em Andamento', '-54:03:43', '-24:03:43', 'Expirado', '189:26', 'Andre', 'Antonio Joaquim Alves Do Rio Neto', 'TI', '2020-07-13 09:41', '', 'USU - JOIANDRO DA SILVA CARVALHO: Reprovado - 5º Interação<br>USU - Grupo Aprovadores Operacoes GMUD TBForte: Aguardando Aprovação - 5º Interação'), (3659, '0720-005042', 'T.I. Sistemas - ERP Infra - Tesouraria - Impressão - Verificar', '09-07-2020', '09-07-2020', '17:10', '17:02', '09-07-2020 17:04:02', 'FINALIZADO', 'Felipe Cardelli de Camargo', 'PORTAL DO CLIENTE', 'T.I. Sistemas - ERP Infra', 'Tesouraria - Impressão', 'Verificar', 'INCIDENTE', 'T.I. - Sistemas', 'TBFORTE - PETROLINA', 'CONFIGURACAO', 'Em Dia', '000003', '3 - MODERADA', 134.0, 'SLA TI - Sistemas - Tesouraria - GTV - GVR - Impre', 'Em Andamento', '17:58:45', '25:52:26', 'Em Dia', '00:02', 'Felipe', 'Andressa dos Anjos Martins', 'TESOURARIA', '2020-07-10 19:02', '', None), (3660, '0720-005041', 'T.I. Sistemas - ERP Infra - Tesouraria - Header Card - Liberar', '09-07-2020', '09-07-2020', '17:01', '16:42', '09-07-2020 16:57:21', 'FINALIZADO', 'Felipe Cardelli de Camargo', 'PORTAL DO CLIENTE', 'T.I. Sistemas - ERP Infra', 'Tesouraria - Header Card', 'Liberar', 'SOLICITAÇÃO', 'T.I. - Sistemas', 'TBFORTE - SÃO MATEUS', 'CONFIGURACAO', 'Em Dia', '000001', '1 - MUITO ALTA', 143.0, 'SLA TI - Sistemas - Tesouraria - Header Card - 16h', 'Em Andamento', '21:45:07', '91:47:16', 'Em Dia', '00:15', 'Felipe', 'MONICA DA SILVA', 'TESOURARIA', '2020-07-13 12:42', '', None), (3661, '0720-005040', 'ELETRÔNICA - CFTV - CÂMERA - OPE - SL MANUT. ELETRÔNICA', '09-07-2020', '08-07-2020', '16:42', '16:41', '09-07-2020 16:42:24', 'FINALIZADO', 'Josue Candido', 'TELEFONE', 'ELETRÔNICA - CFTV', 'CÂMERA', 'AVALIAR', 'PREVENTIVO', 'ELETRÔNICA', 'TBFORTE - SOROCABA', 'OUTROS', 'Em Dia', '000004', '4 - BAIXA', 30.0, 'MPE - Preventivo Programado P.O. 220', 'Em Andamento', '740:05:09', '740:05:09', 'Em Dia', '00:01', 'Josue', 'Josue Candido', 'ELETRONICA', '2020-08-09 12:41', '', None)  ... displaying 10 of 63 total bound parameter sets ...  (3715, '0720-004986', 'T.I. Sistemas - TBLOCK - Segurança', '09-07-2020', '09-07-2020', '19:44', '15:38', '09-07-2020 16:18:07', 'FINALIZADO', 'Pedro Fernandes Lopes', 'PORTAL DO CLIENTE', 'T.I. - Sistemas', 'TBLOCK', 'AJUSTAR', 'SOLICITAÇÃO', 'T.I. - Sistemas', 'TBFORTE - SEDE', 'SOLICITAÇÃO', 'Em Dia', '000003', '3 - MODERADA', 25.0, 'SLA Padrão - Sistemas', 'Em Andamento', '21:23:07', '331:23:07', 'Em Dia', '00:40', 'Pedro', 'Nayara dos Santos', 'Gestão de risco e Segurança', '2020-07-10 13:38', '', None), (3716, '0720-004985', 'PREDIAL - AR CONDICIONADO - VAZÃO DO AR / ALETAS - ADM - COORDENADOR OPE', '09-07-2020', '10-07-2020', '14:24', '15:36', '09-07-2020 16:45:13', 'FINALIZADO', 'Jamson Gomes de Vasconcelos', 'PORTAL DO CLIENTE', 'PREDIAL - SETORIAL', 'VAZÃO DO AR', 'AVALIAR', 'CORRETIVO', 'PREDIAL', 'TBFORTE - RECIFE', 'OUTROS', 'Em Dia', '000004', '4 - BAIXA', 17.0, 'SLA MPE - Manut Predial NORMAL CLIENTE', 'Em Andamento', '280:51:30', '266:36:43', 'Em Dia', '01:09', 'Jamson', 'RONALDO GABRIEL PRATA', 'OPERAÇÕES', '2020-07-21 17:00', '', None))]
(Background on this error at: http://sqlalche.me/e/13/e3q8)
[2021-04-07 03:08:55,996] {taskinstance.py:1503} INFO - Marking task as FAILED. dag_id=trata_relatorios, task_id=popula_relatorios, execution_date=20210407T020000, start_date=20210407T025001, end_date=20210407T030855
[2021-04-07 03:08:56,087] {configuration.py:356} WARNING - section/key [smtp/smtp_user] not found in config
[2021-04-07 03:08:56,088] {email.py:184} INFO - Email alerting: attempt 1
[2021-04-07 03:08:56,091] {configuration.py:356} WARNING - section/key [smtp/smtp_user] not found in config
[2021-04-07 03:08:56,092] {email.py:184} INFO - Email alerting: attempt 1
[2021-04-07 03:08:56,093] {taskinstance.py:1509} ERROR - Failed to send email to: ['clecio.antao@gmail.com']
[2021-04-07 03:08:56,094] {taskinstance.py:1510} ERROR - [Errno 99] Cannot assign requested address
Traceback (most recent call last):
  File "/home/airflow/.local/lib/python3.6/site-packages/sqlalchemy/engine/base.py", line 1257, in _execute_context
    cursor, statement, parameters, context
  File "/home/airflow/.local/lib/python3.6/site-packages/sqlalchemy/dialects/mssql/pyodbc.py", line 448, in do_executemany
    cursor, statement, parameters, context=context
  File "/home/airflow/.local/lib/python3.6/site-packages/sqlalchemy/engine/default.py", line 605, in do_executemany
    cursor.executemany(statement, parameters)
pyodbc.OperationalError: ('08S01', '[08S01] [Microsoft][ODBC Driver 17 for SQL Server]TCP Provider: Error code 0x68 (104) (SQLExecDirectW)')

The above exception was the direct cause of the following exception:

Traceback (most recent call last):
  File "/home/airflow/.local/lib/python3.6/site-packages/airflow/models/taskinstance.py", line 1112, in _run_raw_task
    self._prepare_and_execute_task_with_callbacks(context, task)
  File "/home/airflow/.local/lib/python3.6/site-packages/airflow/models/taskinstance.py", line 1285, in _prepare_and_execute_task_with_callbacks
    result = self._execute_task(context, task_copy)
  File "/home/airflow/.local/lib/python3.6/site-packages/airflow/models/taskinstance.py", line 1315, in _execute_task
    result = task_copy.execute(context=context)
  File "/home/airflow/.local/lib/python3.6/site-packages/airflow/operators/python.py", line 117, in execute
    return_value = self.execute_callable()
  File "/home/airflow/.local/lib/python3.6/site-packages/airflow/operators/python.py", line 128, in execute_callable
    return self.python_callable(*self.op_args, **self.op_kwargs)
  File "/opt/airflow/dags/etl_chamados.py", line 117, in carrega_dados
    df.to_sql(name=tabela, con=engineorigem, if_exists='append', chunksize=cs)
  File "/home/airflow/.local/lib/python3.6/site-packages/pandas/core/generic.py", line 2615, in to_sql
    method=method,
  File "/home/airflow/.local/lib/python3.6/site-packages/pandas/io/sql.py", line 598, in to_sql
    method=method,
  File "/home/airflow/.local/lib/python3.6/site-packages/pandas/io/sql.py", line 1406, in to_sql
    raise err
  File "/home/airflow/.local/lib/python3.6/site-packages/pandas/io/sql.py", line 1398, in to_sql
    table.insert(chunksize, method=method)
  File "/home/airflow/.local/lib/python3.6/site-packages/pandas/io/sql.py", line 830, in insert
    exec_insert(conn, keys, chunk_iter)
  File "/home/airflow/.local/lib/python3.6/site-packages/pandas/io/sql.py", line 747, in _execute_insert
    conn.execute(self.table.insert(), data)
  File "/home/airflow/.local/lib/python3.6/site-packages/sqlalchemy/engine/base.py", line 1011, in execute
    return meth(self, multiparams, params)
  File "/home/airflow/.local/lib/python3.6/site-packages/sqlalchemy/sql/elements.py", line 298, in _execute_on_connection
    return connection._execute_clauseelement(self, multiparams, params)
  File "/home/airflow/.local/lib/python3.6/site-packages/sqlalchemy/engine/base.py", line 1130, in _execute_clauseelement
    distilled_params,
  File "/home/airflow/.local/lib/python3.6/site-packages/sqlalchemy/engine/base.py", line 1317, in _execute_context
    e, statement, parameters, cursor, context
  File "/home/airflow/.local/lib/python3.6/site-packages/sqlalchemy/engine/base.py", line 1511, in _handle_dbapi_exception
    sqlalchemy_exception, with_traceback=exc_info[2], from_=e
  File "/home/airflow/.local/lib/python3.6/site-packages/sqlalchemy/util/compat.py", line 182, in raise_
    raise exception
  File "/home/airflow/.local/lib/python3.6/site-packages/sqlalchemy/engine/base.py", line 1257, in _execute_context
    cursor, statement, parameters, context
  File "/home/airflow/.local/lib/python3.6/site-packages/sqlalchemy/dialects/mssql/pyodbc.py", line 448, in do_executemany
    cursor, statement, parameters, context=context
  File "/home/airflow/.local/lib/python3.6/site-packages/sqlalchemy/engine/default.py", line 605, in do_executemany
    cursor.executemany(statement, parameters)
sqlalchemy.exc.OperationalError: (pyodbc.OperationalError) ('08S01', '[08S01] [Microsoft][ODBC Driver 17 for SQL Server]TCP Provider: Error code 0x68 (104) (SQLExecDirectW)')
[SQL: INSERT INTO total_geral ([index], [CodChamado], [Assunto], [DataCriacao], [DataFinalizacao], [HoraFinalizacao], [HoraCriacao], [PrimeiroAtendimentoData], [NomeStatus], [NomeCompletoOperador], [NomeSolicitacao], [NomeCategoria], [NomeSubCategoria], [NomeTipo], [NomeTipoOcorrencia], [NomeGrupo], [Fantasia], [NomeCausa], [Sla1Expirado], [SequenciaPrioridade], [NomePrioridade], [ChaveSla], [NomeSla], [SlaAndamento], [TempoRestantePrimeiroAtendimento], [TempoRestanteSegundoAtendimento], [Sla2Expirado], [TempoAtendimento], [NomeOperador], [NomeCompletoSolicitante], [NomeDepartamento], [ExpiraEm], _2151, [ChamadoAprovadores]) VALUES (?, ?, ?, ?, ?, ?, ?, ?, ?, ?, ?, ?, ?, ?, ?, ?, ?, ?, ?, ?, ?, ?, ?, ?, ?, ?, ?, ?, ?, ?, ?, ?, ?, ?)]
[parameters: ((3654, '0720-005047', 'ELETRÔNICA - SISTEMA VTV - CÂMERA CFs - OPE - PÁTIO', '09-07-2020', '09-07-2020', '17:27', '17:21', '09-07-2020 17:27:30', 'FINALIZADO', 'Cristiano da Anunciacao Campocano', 'PORTAL DO OPERADOR', 'ELETRÔNICA - SISTEMA VTV', 'CÂMERA CFs', 'Check-List', 'PREVENTIVO', 'ELETRÔNICA', 'TBFORTE - CAMPO GRANDE', 'PROCEDIMENTO DE ROTINA', 'Em Dia', '000005', '5 - PLANEJADA', 30.0, 'MPE - Preventivo Programado P.O. 220', 'Em Andamento', '739:55:54', '739:55:54', 'Em Dia', '00:06', 'Cristiano', 'Cristiano da Anunciacao Campocano', 'ELETRONICA', '2020-08-09 13:21', '', None), (3655, '0720-005046', 'T.I. Sistemas - ERP Infra - Tesouraria - Ticket Mesa - Verificar', '09-07-2020', '09-07-2020', '18:20', '17:13', '09-07-2020 17:39:13', 'FINALIZADO', 'Felipe Cardelli de Camargo', 'PORTAL DO CLIENTE', 'T.I. Sistemas - ERP Infra', 'Tesouraria - Ticket Mesa', 'Verificar', 'SOLICITAÇÃO', 'T.I. - Sistemas', 'TBFORTE - TERESINA', 'CONFIGURACAO', 'Em Dia', '000004', '4 - BAIXA', 172.0, 'SLA TI - Sistemas - Tesouraria - Ticket Mesa', 'Em Andamento', '21:34:18', '91:03:19', 'Em Dia', '00:26', 'Felipe', 'Elissandra Vieira de Sousa', 'Operaçôes - Tesouraria', '2020-07-13 13:13', '', None), (3656, '0720-005045', 'T.I. Infraestrutura - Procedimentos Internos - Realizar Tarefas Administrativas', '09-07-2020', '09-07-2020', '17:09', '17:08', '09-07-2020 17:09:14', 'FINALIZADO', 'Jose Luydd de Melo Santos', 'TAREFA', 'T.I. - Procedimentos Internos', 'Realizar Tarefas Administrativas', 'ATUALIZAR', 'SOLICITAÇÃO', 'T.I. - Infraestrutura', 'TBFORTE - MACEIO', 'PROCEDIMENTO DE ROTINA', 'Em Dia', '000005', '5 - PLANEJADA', 24.0, 'SLA Padrão - Infra', 'Em Andamento', '21:59:33', '113:59:33', 'Em Dia', '00:01', 'Jose', 'Jose Luydd de Melo Santos', 'TI', '2020-07-14 11:08', '', None), (3657, '0720-005044', 'PREDIAL - ATIVIDADES - EXTERNA - Á EXT', '09-07-2020', '09-07-2020', '18:58', '17:05', '09-07-2020 17:09:13', 'FINALIZADO', 'Bruno Pereira Benevides', 'PORTAL DO OPERADOR', 'PREDIAL - ATIVIDADES', 'EXTERNA', 'MANUTENÇÃO', 'PREVENTIVO', 'PREDIAL', 'TBFORTE - CAMPINAS', 'SOLICITAÇÃO', 'Em Dia', '000005', '5 - PLANEJADA', 30.0, 'MPE - Preventivo Programado P.O. 220', 'Em Andamento', '739:55:51', '739:55:51', 'Em Dia', '00:04', 'Bruno', 'KENNY ROGERS DURANS ROLAND', 'MANUTENÇÃO PREDIAL / ELETRICA', '2020-08-09 13:05', '', None), (3658, '0720-005043', 'GMUD - Requisição de Mudança - Firewall (SP) - Planejada', '09-07-2020', '17-07-2020', '14:30', '17:04', '17-07-2020 14:30:53', 'CANCELADO', 'Andre Galbiatti Da Silva', 'E-MAIL', 'GMUD', 'RDM - Infraestrutura', 'Mudança - Planejada', 'GMUD', 'T.I. - Infraestrutura', 'TBFORTE - SEDE', None, 'Expirado', '000001', '1 - MUITO ALTA', 24.0, 'SLA Padrão - Infra', 'Em Andamento', '-54:03:43', '-24:03:43', 'Expirado', '189:26', 'Andre', 'Antonio Joaquim Alves Do Rio Neto', 'TI', '2020-07-13 09:41', '', 'USU - JOIANDRO DA SILVA CARVALHO: Reprovado - 5º Interação<br>USU - Grupo Aprovadores Operacoes GMUD TBForte: Aguardando Aprovação - 5º Interação'), (3659, '0720-005042', 'T.I. Sistemas - ERP Infra - Tesouraria - Impressão - Verificar', '09-07-2020', '09-07-2020', '17:10', '17:02', '09-07-2020 17:04:02', 'FINALIZADO', 'Felipe Cardelli de Camargo', 'PORTAL DO CLIENTE', 'T.I. Sistemas - ERP Infra', 'Tesouraria - Impressão', 'Verificar', 'INCIDENTE', 'T.I. - Sistemas', 'TBFORTE - PETROLINA', 'CONFIGURACAO', 'Em Dia', '000003', '3 - MODERADA', 134.0, 'SLA TI - Sistemas - Tesouraria - GTV - GVR - Impre', 'Em Andamento', '17:58:45', '25:52:26', 'Em Dia', '00:02', 'Felipe', 'Andressa dos Anjos Martins', 'TESOURARIA', '2020-07-10 19:02', '', None), (3660, '0720-005041', 'T.I. Sistemas - ERP Infra - Tesouraria - Header Card - Liberar', '09-07-2020', '09-07-2020', '17:01', '16:42', '09-07-2020 16:57:21', 'FINALIZADO', 'Felipe Cardelli de Camargo', 'PORTAL DO CLIENTE', 'T.I. Sistemas - ERP Infra', 'Tesouraria - Header Card', 'Liberar', 'SOLICITAÇÃO', 'T.I. - Sistemas', 'TBFORTE - SÃO MATEUS', 'CONFIGURACAO', 'Em Dia', '000001', '1 - MUITO ALTA', 143.0, 'SLA TI - Sistemas - Tesouraria - Header Card - 16h', 'Em Andamento', '21:45:07', '91:47:16', 'Em Dia', '00:15', 'Felipe', 'MONICA DA SILVA', 'TESOURARIA', '2020-07-13 12:42', '', None), (3661, '0720-005040', 'ELETRÔNICA - CFTV - CÂMERA - OPE - SL MANUT. ELETRÔNICA', '09-07-2020', '08-07-2020', '16:42', '16:41', '09-07-2020 16:42:24', 'FINALIZADO', 'Josue Candido', 'TELEFONE', 'ELETRÔNICA - CFTV', 'CÂMERA', 'AVALIAR', 'PREVENTIVO', 'ELETRÔNICA', 'TBFORTE - SOROCABA', 'OUTROS', 'Em Dia', '000004', '4 - BAIXA', 30.0, 'MPE - Preventivo Programado P.O. 220', 'Em Andamento', '740:05:09', '740:05:09', 'Em Dia', '00:01', 'Josue', 'Josue Candido', 'ELETRONICA', '2020-08-09 12:41', '', None)  ... displaying 10 of 63 total bound parameter sets ...  (3715, '0720-004986', 'T.I. Sistemas - TBLOCK - Segurança', '09-07-2020', '09-07-2020', '19:44', '15:38', '09-07-2020 16:18:07', 'FINALIZADO', 'Pedro Fernandes Lopes', 'PORTAL DO CLIENTE', 'T.I. - Sistemas', 'TBLOCK', 'AJUSTAR', 'SOLICITAÇÃO', 'T.I. - Sistemas', 'TBFORTE - SEDE', 'SOLICITAÇÃO', 'Em Dia', '000003', '3 - MODERADA', 25.0, 'SLA Padrão - Sistemas', 'Em Andamento', '21:23:07', '331:23:07', 'Em Dia', '00:40', 'Pedro', 'Nayara dos Santos', 'Gestão de risco e Segurança', '2020-07-10 13:38', '', None), (3716, '0720-004985', 'PREDIAL - AR CONDICIONADO - VAZÃO DO AR / ALETAS - ADM - COORDENADOR OPE', '09-07-2020', '10-07-2020', '14:24', '15:36', '09-07-2020 16:45:13', 'FINALIZADO', 'Jamson Gomes de Vasconcelos', 'PORTAL DO CLIENTE', 'PREDIAL - SETORIAL', 'VAZÃO DO AR', 'AVALIAR', 'CORRETIVO', 'PREDIAL', 'TBFORTE - RECIFE', 'OUTROS', 'Em Dia', '000004', '4 - BAIXA', 17.0, 'SLA MPE - Manut Predial NORMAL CLIENTE', 'Em Andamento', '280:51:30', '266:36:43', 'Em Dia', '01:09', 'Jamson', 'RONALDO GABRIEL PRATA', 'OPERAÇÕES', '2020-07-21 17:00', '', None))]
(Background on this error at: http://sqlalche.me/e/13/e3q8)

During handling of the above exception, another exception occurred:

Traceback (most recent call last):
  File "/home/airflow/.local/lib/python3.6/site-packages/airflow/models/taskinstance.py", line 1852, in email_alert
    send_email(self.task.email, subject, html_content)
  File "/home/airflow/.local/lib/python3.6/site-packages/airflow/utils/email.py", line 62, in send_email
    **kwargs,
  File "/home/airflow/.local/lib/python3.6/site-packages/airflow/utils/email.py", line 97, in send_email_smtp
    send_mime_email(e_from=smtp_mail_from, e_to=recipients, mime_msg=msg, dryrun=dryrun)
  File "/home/airflow/.local/lib/python3.6/site-packages/airflow/utils/email.py", line 186, in send_mime_email
    conn = _get_smtp_connection(smtp_host, smtp_port, smtp_timeout, smtp_ssl)
  File "/home/airflow/.local/lib/python3.6/site-packages/airflow/utils/email.py", line 220, in _get_smtp_connection
    else smtplib.SMTP(host=host, port=port, timeout=timeout)
  File "/usr/local/lib/python3.6/smtplib.py", line 251, in __init__
    (code, msg) = self.connect(host, port)
  File "/usr/local/lib/python3.6/smtplib.py", line 336, in connect
    self.sock = self._get_socket(host, port, self.timeout)
  File "/usr/local/lib/python3.6/smtplib.py", line 307, in _get_socket
    self.source_address)
  File "/usr/local/lib/python3.6/socket.py", line 724, in create_connection
    raise err
  File "/usr/local/lib/python3.6/socket.py", line 713, in create_connection
    sock.connect(sa)
OSError: [Errno 99] Cannot assign requested address

During handling of the above exception, another exception occurred:

Traceback (most recent call last):
  File "/home/airflow/.local/lib/python3.6/site-packages/airflow/models/taskinstance.py", line 1507, in handle_failure
    self.email_alert(error)
  File "/home/airflow/.local/lib/python3.6/site-packages/airflow/models/taskinstance.py", line 1854, in email_alert
    send_email(self.task.email, subject, html_content_err)
  File "/home/airflow/.local/lib/python3.6/site-packages/airflow/utils/email.py", line 62, in send_email
    **kwargs,
  File "/home/airflow/.local/lib/python3.6/site-packages/airflow/utils/email.py", line 97, in send_email_smtp
    send_mime_email(e_from=smtp_mail_from, e_to=recipients, mime_msg=msg, dryrun=dryrun)
  File "/home/airflow/.local/lib/python3.6/site-packages/airflow/utils/email.py", line 186, in send_mime_email
    conn = _get_smtp_connection(smtp_host, smtp_port, smtp_timeout, smtp_ssl)
  File "/home/airflow/.local/lib/python3.6/site-packages/airflow/utils/email.py", line 220, in _get_smtp_connection
    else smtplib.SMTP(host=host, port=port, timeout=timeout)
  File "/usr/local/lib/python3.6/smtplib.py", line 251, in __init__
    (code, msg) = self.connect(host, port)
  File "/usr/local/lib/python3.6/smtplib.py", line 336, in connect
    self.sock = self._get_socket(host, port, self.timeout)
  File "/usr/local/lib/python3.6/smtplib.py", line 307, in _get_socket
    self.source_address)
  File "/usr/local/lib/python3.6/socket.py", line 724, in create_connection
    raise err
  File "/usr/local/lib/python3.6/socket.py", line 713, in create_connection
    sock.connect(sa)
OSError: [Errno 99] Cannot assign requested address
[2021-04-07 03:08:56,528] {local_task_job.py:146} INFO - Task exited with return code 1
